IQ-TREE multicore version 2.0.7 for Linux 64-bit built Jan 21 2022
Developed by Bui Quang Minh, Nguyen Lam Tung, Olga Chernomor,
Heiko Schmidt, Dominik Schrempf, Michael Woodhams.

Host:    laurel-virtual-machine (AVX512, FMA3, 3 GB RAM)
Command: iqtree2 -s 4757-muscle.afa
Seed:    57352 (Using SPRNG - Scalable Parallel Random Number Generator)
Time:    Fri Apr 26 12:36:11 2024
Kernel:  AVX+FMA - 1 threads (2 CPU cores detected)

HINT: Use -nt option to specify number of threads because your CPU has 2 cores!
HINT: -nt AUTO will automatically determine the best number of threads to use.

Reading alignment file 4757-muscle.afa ... Fasta format detected
Alignment most likely contains DNA/RNA sequences
Alignment has 1094 sequences with 601 columns, 578 distinct patterns
480 parsimony-informative, 51 singleton sites, 70 constant sites
                     Gap/Ambiguity  Composition  p-value
   1  RSOF                  55.74%    passed     45.02%
   2  JJZR                  30.45%    failed      3.63%
   3  PVGP                  29.78%    passed     55.20%
   4  OBUY                  37.10%    passed     85.51%
   5  LLXJ                  37.44%    passed     94.08%
   6  IKWM                  36.44%    passed     81.00%
   7  RTLC                  64.73%    failed      3.67%
   8  LJPN                  34.11%    failed      0.51%
   9  VNAL                  45.76%    failed      0.71%
  10  FTRP                  29.78%    passed     13.18%
  11  PWKQ                  29.12%    passed     25.57%
  12  VZWX                  33.44%    passed      6.39%
  13  XAXW                  34.78%    passed     31.83%
  14  UYFR                  27.79%    failed      0.20%
  15  YSBD                  33.44%    passed     19.84%
  16  IKIZ                  35.11%    passed     14.84%
  17  PYDB                  29.12%    passed     44.47%
  18  URSB                  35.44%    passed     48.19%
  19  ZJOJ                  34.78%    passed      8.51%
  20  CKXF                  36.11%    passed     66.84%
  21  SBLT                  36.11%    passed     22.86%
  22  UGPM                  32.11%    passed      6.84%
  23  IEHF                  37.10%    passed     39.65%
  24  JEBK                  29.12%    passed     30.87%
  25  IHJY                  29.62%    passed     28.70%
  26  BWVJ                  29.78%    passed     26.55%
  27  Cyame_v1.0            27.79%    passed     79.87%
  28  APTP                  29.45%    passed     89.80%
  29  LIRF                  34.11%    passed     69.13%
  30  ASZK                  29.78%    passed     71.35%
  31  QLMZ                  29.45%    passed     69.96%
  32  JCXF                  29.45%    passed     66.12%
  33  ULXR                  29.45%    passed     66.46%
  34  VRGZ                  30.45%    passed     69.92%
  35  FIKG                  36.11%    passed     74.68%
  36  RWXW                  31.11%    passed     48.01%
  37  YRMA                  31.11%    passed     46.65%
  38  LDRY                  31.11%    passed     41.50%
  39  VYER                  31.11%    passed     41.50%
  40  JGGD                  29.45%    passed     49.69%
  41  FOMH                  30.12%    passed     49.02%
  42  HFIK                  35.44%    passed     69.57%
  43  FSQE                  33.78%    passed     70.18%
  44  SRSQ                  29.45%    passed     87.59%
  45  RAPY                  29.45%    passed     82.79%
  46  FIDQ                  29.45%    passed     79.65%
  47  VHIJ                  30.78%    passed     62.97%
  48  VBLH                  34.78%    passed     32.30%
  49  ROZZ                  36.77%    passed     95.12%
  50  IAYV                  39.10%    passed     99.74%
  51  IRZA                  37.44%    passed     95.33%
  52  ISIM                  29.78%    passed     14.29%
  53  ALZF                  30.12%    passed     68.60%
  54  NSTT                  30.12%    passed     39.74%
  55  Ostlu_v2.0            31.78%    passed     24.65%
  56  Micpu_v3.0            30.78%    passed     11.01%
  57  QXSZ                  30.78%    passed     76.84%
  58  GYBH                  30.45%    passed     89.96%
  59  JTIG                  31.11%    passed     75.04%
  60  MFYC                  33.78%    failed      0.11%
  61  HYHN                  29.78%    passed     22.00%
  62  XMCL                  33.44%    passed     51.16%
  63  RRSV                  30.12%    passed     58.53%
  64  PUAN                  30.12%    passed     38.10%
  65  BTFM                  29.78%    passed     66.81%
  66  RUIF                  34.11%    passed     84.35%
  67  EATP                  30.12%    passed     51.97%
  68  XJGM                  34.44%    failed      1.56%
  69  CBNG                  30.12%    passed     95.77%
  70  AJAU                  30.12%    passed     91.93%
  71  JIWJ                  30.12%    passed     70.18%
  72  GJIY                  29.78%    passed     79.48%
  73  OQON                  30.45%    passed     87.37%
  74  OAEZ                  30.12%    passed     92.27%
  75  NQYP                  30.12%    passed     42.01%
  76  LSHT                  30.12%    passed     59.09%
  77  KSFK                  29.78%    passed     75.08%
  78  XOAL                  30.12%    passed     53.34%
  79  ETGN                  31.11%    passed     61.40%
  80  QYXY                  31.11%    passed     79.25%
  81  FXHG                  31.11%    passed     94.45%
  82  ZNUM                  30.12%    passed     51.85%
  83  FMVB                  29.78%    passed     80.93%
  84  DUMA                  30.78%    passed     86.72%
  85  HHXJ                  35.11%    passed     50.79%
  86  HVNO                  34.78%    passed     26.48%
  87  JQFK                  30.12%    passed     67.37%
  88  WCLV                  30.78%    passed     54.18%
  89  WXRI                  30.45%    passed     64.15%
  90  NKXU                  29.78%    passed     35.21%
  91  GXBM                  30.12%    passed     87.22%
  92  TGNL                  30.12%    passed     22.63%
  93  BILC                  32.45%    passed     57.64%
  94  AKCR                  30.12%    passed     86.88%
  95  EEJO                  29.78%    passed     57.52%
  96  Chlva_v1.0            31.11%    passed     48.55%
  97  KADG                  29.78%    passed     77.52%
  98  MNCB                  29.78%    passed     30.02%
  99  FOYQ                  29.78%    passed     57.72%
 100  EGNB                  34.11%    passed     26.97%
 101  PFUD                  31.45%    passed     26.84%
 102  BZSH                  29.78%    passed     66.81%
 103  OFUE                  29.78%    passed     63.40%
 104  XDLL                  29.78%    passed     63.40%
 105  ZFXU                  30.12%    passed     90.03%
 106  SYJM                  29.78%    passed     82.89%
 107  UKUC                  29.78%    passed     87.01%
 108  RHVC                  29.78%    passed     97.14%
 109  ZDIZ                  29.78%    passed     97.14%
 110  WDWX                  29.78%    passed     97.14%
 111  ENAU                  30.12%    passed      5.79%
 112  MWAN                  34.44%    passed     18.63%
 113  MXDS                  29.78%    passed     47.27%
 114  OTQG                  30.12%    passed     20.81%
 115  PZIF                  29.78%    passed     42.42%
 116  VJDZ                  30.12%    passed     70.10%
 117  XTON                  31.61%    passed     87.63%
 118  XKWQ                  31.78%    passed     90.45%
 119  TSBQ                  38.77%    passed     89.75%
 120  GFUR                  29.78%    passed     82.83%
 121  SDPC                  29.78%    passed     96.04%
 122  DVYE                  29.78%    passed     78.18%
 123  BAZF                  29.78%    passed     92.78%
 124  IJMT                  29.78%    passed     83.09%
 125  ISGT                  29.78%    passed     42.52%
 126  RAWF                  29.78%    passed     30.80%
 127  VFIV                  31.11%    passed     82.43%
 128  JMUI                  29.78%    passed     29.25%
 129  UTRE                  29.78%    passed     71.04%
 130  AOUJ                  29.78%    passed     97.17%
 131  AJUW                  29.78%    passed     72.96%
 132  LBRP                  29.78%    passed     53.75%
 133  VIAU                  29.78%    passed     42.42%
 134  PRIQ                  30.12%    passed     66.15%
 135  QRTH                  29.78%    passed     36.53%
 136  KFEB                  31.45%    passed     62.93%
 137  GUBD                  30.78%    passed     27.51%
 138  ZIVZ                  29.78%    passed     51.32%
 139  ACRY                  33.44%    passed     20.60%
 140  LNIL                  29.78%    passed     62.68%
 141  USIX                  29.78%    passed     88.77%
 142  VALZ                  34.44%    passed     39.14%
 143  MULF                  29.78%    passed     69.49%
 144  QWRA                  29.78%    passed     84.02%
 145  JKKI                  29.78%    passed     74.51%
 146  BCYF                  50.42%    passed     63.74%
 147  WRSL                  29.78%    passed     69.05%
 148  JWGT                  29.78%    passed     70.26%
 149  Volca_v2.0            29.78%    passed     97.68%
 150  RYJX                  29.78%    passed     86.98%
 151  Chlre_v5.5            29.78%    passed     91.64%
 152  IRYH                  29.78%    passed     56.25%
 153  KUJU                  29.78%    passed    100.00%
 154  IHOI                  64.39%    passed     27.32%
 155  EBWI                  34.44%    passed     98.14%
 156  LLEN                  35.11%    passed     72.14%
 157  NMAK                  35.11%    passed     72.14%
 158  RFAD                  35.11%    passed     72.14%
 159  VJED                  38.44%    passed     65.69%
 160  BAJW                  38.10%    passed     27.92%
 161  LXRN                  37.77%    passed     88.34%
 162  JKHA                  47.59%    passed     83.80%
 163  MCPK                  31.45%    passed     30.54%
 164  BOGT                  35.11%    passed     96.83%
 165  DBYD                  35.11%    passed     45.83%
 166  POOW                  39.77%    passed     51.69%
 167  PQED                  31.45%    passed     24.00%
 168  AYPS                  37.10%    passed     40.73%
 169  SNOX                  34.78%    passed     97.02%
 170  JMTE                  31.11%    passed     81.79%
 171  TNAW                  31.11%    passed     95.07%
 172  XIVI                  35.77%    passed     74.22%
 173  KYIO                  29.78%    passed     75.35%
 174  FFGR                  31.45%    passed     25.03%
 175  ZRMT                  35.77%    passed     61.45%
 176  XRTZ                  34.11%    passed     38.04%
 177  MMKU                  32.45%    passed     67.22%
 178  QFND                  37.77%    passed     76.72%
 179  DZPJ                  30.12%    passed     48.89%
 180  DRGY                  35.44%    passed     38.24%
 181  NNHQ                  31.78%    passed     95.51%
 182  WDCW                  34.78%    failed      2.55%
 183  VQBJ                  33.78%    passed     62.61%
 184  QPDY                  33.78%    passed     41.92%
 185  DRFX                  51.08%    passed     17.89%
 186  KEYW                  48.09%    passed     31.02%
 187  MWXT                  32.78%    passed     23.69%
 188  Chabr_v0.1            28.79%    passed     45.74%
 189  WSJO                  33.44%    failed      0.98%
 190  HAOX                  33.78%    passed     79.36%
 191  TPHT                  50.08%    passed     21.00%
 192  GBGT                  37.77%    passed     11.80%
 193  YSQT                  35.44%    passed     25.21%
 194  GYRP                  34.78%    passed     39.32%
 195  RPQV                  35.44%    passed     11.21%
 196  RQFE                  35.44%    passed     70.23%
 197  MNNM                  33.44%    passed     27.97%
 198  QWFV                  36.11%    passed     77.36%
 199  ISHC                  33.44%    passed     49.50%
 200  DFDS                  36.11%    passed     90.45%
 201  GGWH                  35.11%    passed     75.11%
 202  MOYY                  39.43%    passed     27.95%
 203  RPRU                  34.44%    passed     69.82%
 204  BHBK                  33.78%    passed     65.37%
 205  STKJ                  34.44%    passed     87.60%
 206  WDGV                  35.44%    passed     53.65%
 207  WCQU                  33.78%    passed     25.80%
 208  MCHJ                  34.78%    passed     15.00%
 209  HKZW                  34.44%    passed     79.74%
 210  AZZW                  35.11%    passed     90.48%
 211  FPCO                  33.44%    passed     72.66%
 212  FQLP                  34.11%    passed     69.81%
 213  Klefl_v1.0            30.12%    passed     61.97%
 214  YOXI                  34.11%    passed     60.36%
 215  RPGL                  34.11%    passed     14.16%
 216  VAZE                  33.44%    passed     32.91%
 217  MFZO                  33.78%    passed      8.91%
 218  NBYP                  33.44%    passed     16.50%
 219  JOJQ                  33.78%    passed     30.09%
 220  BFIK                  32.11%    passed     62.18%
 221  AEKF                  53.41%    passed      7.56%
 222  MDJK                  70.38%    failed      0.99%
 223  JVSZ                  34.11%    passed     79.94%
 224  CAPN                  64.39%    passed     14.17%
 225  TOXE                  32.78%    passed     97.50%
 226  KUXM                  36.11%    passed     88.20%
 227  GTHK                  32.78%    passed     79.02%
 228  JKAA                  38.44%    passed     97.22%
 229  ZYCD                  38.44%    passed     80.83%
 230  ZFGK                  38.10%    passed     83.49%
 231  ZZOL                  37.77%    passed     95.92%
 232  Selmo_v1.0            37.77%    passed     94.13%
 233  ABIJ                  37.77%    passed     97.35%
 234  LGDQ                  37.77%    passed     98.03%
 235  VDAO                  30.45%    passed     99.62%
 236  Nelnu_v1.0            37.44%    passed     28.41%
 237  ZTLR                  47.75%    passed     69.15%
 238  KWGC                  28.12%    passed     94.34%
 239  ZJUL                  29.78%    passed     98.90%
 240  DRIL                  28.45%    passed     95.55%
 241  SGTW                  29.12%    passed     96.07%
 242  XZUY                  30.45%    passed     94.73%
 243  KAWQ                  29.45%    passed     97.46%
 244  GNQG                  32.45%    passed     93.65%
 245  WLIC                  32.45%    passed     92.59%
 246  Pinta_v2.0            33.78%    passed     75.61%
 247  VSRH                  27.45%    passed     57.02%
 248  IIOL                  29.78%    passed     79.65%
 249  MFTM                  31.45%    passed     72.14%
 250  DZQM                  31.45%    passed     72.14%
 251  JBND                  31.45%    passed     71.26%
 252  JUWL                  27.79%    passed     74.51%
 253  AWQB                  30.12%    passed     83.71%
 254  GGEA                  29.45%    passed     65.58%
 255  IOVS                  27.79%    passed     78.08%
 256  WVWN                  27.79%    passed     85.82%
 257  AQFM                  29.45%    passed     51.91%
 258  AREG                  29.45%    passed     59.60%
 259  GAMH                  27.79%    passed     74.76%
 260  YFZK                  32.45%    passed     66.72%
 261  ZYAX                  27.79%    passed     69.49%
 262  WWSS                  27.79%    passed     69.49%
 263  NVGZ                  32.78%    passed     81.19%
 264  IAJW                  32.45%    passed     50.48%
 265  BTTS                  32.78%    passed     79.47%
 266  YLPM                  27.79%    passed     77.27%
 267  EFMS                  34.44%    passed     91.31%
 268  HQOM                  35.77%    passed     88.17%
 269  QSNJ                  31.78%    passed     81.00%
 270  GMHZ                  31.45%    passed     95.31%
 271  FHST                  31.45%    passed     91.60%
 272  OXGJ                  31.45%    passed     91.60%
 273  ZQVF                  27.45%    passed     85.24%
 274  QFAE                  36.11%    passed     74.41%
 275  XIRK                  34.44%    passed     78.95%
 276  NRXL                  34.11%    passed     76.87%
 277  HBGV                  35.11%    passed     86.05%
 278  ETCJ                  34.44%    passed     85.49%
 279  UEVI                  31.45%    passed     77.07%
 280  CGDN                  31.45%    passed     82.64%
 281  AIGO                  31.45%    passed     71.72%
 282  VFYZ                  27.45%    passed     92.81%
 283  NKIN                  27.45%    passed     92.81%
 284  BUWV                  31.45%    passed     76.34%
 285  XQSG                  27.45%    passed     85.76%
 286  FRPM                  27.45%    passed     78.46%
 287  QNGJ                  27.45%    passed     79.90%
 288  XMGP                  31.45%    passed     76.90%
 289  AUDE                  31.45%    passed     61.05%
 290  YYPE                  34.44%    passed     90.60%
 291  OVIJ                  31.78%    passed     80.61%
 292  GKCZ                  31.45%    passed     78.72%
 293  IFLI                  34.11%    passed     86.02%
 294  RMMV                  31.78%    passed     77.36%
 295  JDQB                  31.45%    passed     79.92%
 296  RSCE                  30.12%    passed     75.50%
 297  XTZO                  30.12%    passed     78.33%
 298  ACWS                  30.12%    passed     82.64%
 299  MIXZ                  30.12%    passed     82.64%
 300  OWFC                  30.12%    passed     99.26%
 301  CDFR                  28.45%    passed     93.41%
 302  HILW                  30.45%    passed     85.90%
 303  UUJS                  30.45%    passed     99.77%
 304  VGSX                  28.45%    passed     98.30%
 305  SCEB                  29.12%    passed     98.55%
 306  JZVE                  28.45%    passed     99.17%
 307  BBDD                  29.45%    passed     92.62%
 308  ZQWM                  30.45%    passed     97.69%
 309  EGLZ                  30.12%    passed     95.82%
 310  KLGF                  37.44%    passed     90.55%
 311  MHGD                  32.45%    passed     90.04%
 312  QCGM                  30.45%    passed     97.80%
 313  XLGK                  30.12%    passed     85.24%
 314  FMWZ                  30.12%    passed     97.25%
 315  IZGN                  31.11%    passed     89.20%
 316  ROWR                  32.45%    passed     92.59%
 317  QHBI                  32.45%    passed     95.85%
 318  QKMG                  28.79%    passed     83.73%
 319  SART                  33.78%    passed     90.91%
 320  DKFZ                  25.46%    passed     52.75%
 321  HANM                  24.79%    passed     81.05%
 322  SMUR                  24.79%    passed     84.24%
 323  YQIJ                  25.79%    passed     78.41%
 324  XVRU                  59.07%    failed      0.34%
 325  EMAL                  25.79%    passed     87.77%
 326  JWEY                  35.61%    passed     99.79%
 327  NIGS                  38.10%    passed     93.35%
 328  OUER                  57.07%    passed     40.66%
 329  IDGE                  26.46%    passed     97.14%
 330  OEKO                  25.79%    passed     90.26%
 331  ABEH                  26.46%    passed     92.03%
 332  MZOB                  37.10%    passed     97.46%
 333  FUMQ                  25.46%    passed     95.20%
 334  PSHB                  57.24%    passed      6.88%
 335  HRUR                  30.12%    passed     99.27%
 336  RWKR                  27.12%    passed     59.65%
 337  SNNC                  24.79%    passed     99.93%
 338  EAAA                  24.79%    passed     93.65%
 339  DMLT                  26.79%    passed     65.16%
 340  NBMW                  28.12%    passed     89.10%
 341  PCGJ                  26.46%    passed     96.46%
 342  AYIY                  27.12%    passed     90.36%
 343  WEAC                  26.79%    passed     92.76%
 344  XISJ                  36.44%    passed     99.79%
 345  YRHD                  30.12%    passed     95.86%
 346  GETL                  29.12%    passed     97.94%
 347  YKZB                  28.45%    passed     88.13%
 348  GNRI                  61.06%    passed     32.54%
 349  PTBJ                  28.45%    passed     89.93%
 350  JCMU                  32.45%    passed     88.70%
 351  MXFG                  28.12%    passed     88.57%
 352  ZRIN                  24.79%    passed     96.29%
 353  MQIV                  25.12%    passed     64.07%
 354  FROP                  24.79%    passed     76.57%
 355  FAMO                  25.12%    passed     85.16%
 356  GCFE                  25.12%    passed     73.93%
 357  EDXZ                  25.12%    passed     59.29%
 358  UMUL                  24.79%    passed     88.05%
 359  XXYA                  34.78%    passed     41.42%
 360  GRFT                  25.79%    passed     82.39%
 361  XRLM                  39.77%    passed     56.00%
 362  FYUH                  70.05%    passed     20.60%
 363  WHNV                  28.12%    passed     92.49%
 364  BAHE                  30.12%    passed     94.37%
 365  RTNA                  29.45%    passed     91.15%
 366  GNPX                  32.45%    passed     97.76%
 367  LRRR                  30.45%    passed     96.94%
 368  UCNM                  27.12%    passed     85.95%
 369  EJBY                  25.46%    passed     94.94%
 370  PHCE                  25.46%    passed     86.85%
 371  FDMM                  25.79%    passed     79.86%
 372  EQDA                  31.78%    passed     98.97%
 373  TAGM                  30.45%    passed     99.67%
 374  XMBA                  54.41%    passed     32.38%
 375  IYDF                  25.79%    passed     87.76%
 376  PUCW                  30.12%    passed     95.48%
 377  IZLO                  24.79%    passed     70.85%
 378  AUIP                  56.07%    failed      1.22%
 379  MGVU                  29.12%    passed     97.34%
 380  YADI                  25.79%    passed     99.32%
 381  DSUV                  25.79%    passed     96.88%
 382  QEHE                  29.78%    passed     97.64%
 383  UOYN                  25.79%    passed     98.47%
 384  JCLQ                  25.79%    passed     91.73%
 385  YFQX                  25.79%    passed     91.73%
 386  EDEQ                  30.45%    passed     99.90%
 387  JGYZ                  25.79%    passed     92.14%
 388  HGSM                  28.79%    passed     61.17%
 389  EHNF                  26.79%    passed     85.49%
 390  SJEV                  28.12%    passed     84.84%
 391  ECTD                  26.12%    passed     60.93%
 392  KPUM                  26.12%    passed     64.77%
 393  DCCI                  28.45%    passed     79.19%
 394  GGJD                  25.79%    passed     70.33%
 395  GBVZ                  31.11%    passed     95.24%
 396  DTNC                  26.12%    passed     66.86%
 397  TOKV                  27.12%    passed     93.38%
 398  WKCY                  25.46%    passed     91.49%
 399  BFJL                  26.12%    passed     99.12%
 400  OOVX                  30.12%    passed     77.58%
 401  DAYQ                  27.12%    passed     97.37%
 402  CTSS                  27.12%    passed     96.89%
 403  CIAC                  27.12%    passed     88.54%
 404  YKFU                  27.12%    passed     83.56%
 405  FXGI                  31.11%    passed     97.65%
 406  AHRN                  27.12%    passed     82.80%
 407  FNEN                  29.78%    passed     91.32%
 408  IXVJ                  24.79%    passed     58.39%
 409  HUQC                  36.77%    passed     96.00%
 410  RFSD                  26.79%    passed     81.80%
 411  EYKJ                  24.79%    passed     80.50%
 412  CFRN                  24.79%    passed     77.77%
 413  BMSE                  27.12%    passed     84.62%
 414  OAGK                  25.12%    passed     76.04%
 415  DUQG                  28.45%    passed     54.30%
 416  GUMF                  25.12%    passed     78.51%
 417  DESP                  25.79%    passed     64.73%
 418  AFQQ                  25.79%    passed     58.59%
 419  UBLN                  29.78%    passed     99.65%
 420  DUNJ                  24.79%    passed     55.03%
 421  AQZD                  24.79%    passed     55.52%
 422  LYPZ                  25.12%    passed     62.30%
 423  UYED                  24.79%    passed     66.96%
 424  QXWF                  24.79%    passed     67.29%
 425  HXCD                  24.79%    passed     64.67%
 426  JNKW                  30.12%    passed     81.05%
 427  XRCX                  37.10%    passed     36.83%
 428  MHYG                  24.13%    passed     47.73%
 429  TEZA                  24.46%    passed     54.73%
 430  DOVJ                  30.45%    passed     99.61%
 431  KGJF                  24.79%    passed     76.81%
 432  FUPX                  24.79%    passed     83.72%
 433  DDRL                  24.79%    passed     77.35%
 434  KFZY                  30.12%    passed     99.75%
 435  DXQW                  23.46%    passed     75.22%
 436  ATFX                  23.46%    passed     78.34%
 437  JEXA                  28.12%    passed     97.25%
 438  UZWG                  24.46%    passed     39.77%
 439  HENI                  23.46%    passed     30.90%
 440  NHUA                  23.46%    passed     53.64%
 441  WWQZ                  24.13%    passed     91.37%
 442  SWGX                  24.13%    passed     77.76%
 443  YZVJ                  29.45%    passed     97.96%
 444  FFFY                  28.79%    passed     82.37%
 445  JTRM                  24.79%    passed     75.08%
 446  ZJRC                  24.79%    passed     83.11%
 447  CAQZ                  24.79%    passed     70.10%
 448  GSZA                  49.75%    passed     71.79%
 449  FCBJ                  29.78%    passed     89.55%
 450  SYHW                  28.45%    passed     90.29%
 451  CKKR                  28.45%    passed     79.94%
 452  UHBY                  27.45%    passed     82.08%
 453  PTLU                  28.45%    passed     84.08%
 454  HDWF                  28.12%    passed     98.38%
 455  VQFW                  28.12%    passed     98.01%
 456  LWDA                  24.46%    passed     91.03%
 457  CWZU                  24.46%    passed     76.45%
 458  ASMV                  24.79%    passed     99.90%
 459  SXML                  24.79%    passed     92.58%
 460  DFYF                  29.45%    passed     96.47%
 461  MYZV                  45.42%    passed     97.47%
 462  SIIK                  31.11%    passed     99.75%
 463  RQUG                  31.11%    passed     99.75%
 464  GRRW                  50.42%    passed     77.93%
 465  BNTL                  28.12%    passed     97.59%
 466  INSP                  23.46%    passed     82.28%
 467  THHD                  25.12%    passed     69.51%
 468  KNMB                  27.79%    passed     84.50%
 469  KVFU                  28.79%    passed     87.95%
 470  SZUO                  32.11%    passed     99.08%
 471  PEZP                  28.79%    passed     72.15%
 472  JTQQ                  28.79%    passed     73.04%
 473  OQHZ                  23.46%    passed     90.06%
 474  UWFU                  27.12%    passed     97.37%
 475  SVVG                  23.46%    passed     56.86%
 476  SERM                  28.45%    passed     96.43%
 477  LRTN                  28.12%    passed     95.37%
 478  MKZR                  38.44%    passed     83.17%
 479  NMDZ                  27.45%    passed     64.75%
 480  LWCK                  26.12%    passed     82.12%
 481  OSMU                  26.12%    passed     81.05%
 482  AIOU                  50.75%    passed     98.36%
 483  JNVS                  26.12%    passed     44.95%
 484  UGJI                  38.44%    passed     81.61%
 485  LQJY                  26.12%    passed     69.94%
 486  BOLZ                  26.12%    passed     71.33%
 487  GHLP                  26.12%    passed     72.82%
 488  DLJZ                  26.12%    passed     61.20%
 489  DLAI                  34.44%    passed     95.78%
 490  Solly_iTAGv2.3        25.12%    passed     71.86%
 491  CPOC                  27.45%    passed     86.26%
 492  IZNU                  25.79%    passed     52.92%
 493  ALUC                  25.79%    passed     53.09%
 494  ERWT                  25.79%    passed     49.53%
 495  EMBR                  25.79%    passed     45.35%
 496  XQRV                  25.79%    passed     45.35%
 497  VXKB                  25.79%    passed     45.35%
 498  OQBM                  26.79%    passed     54.00%
 499  NAUM                  25.79%    passed     53.05%
 500  NHAG                  25.79%    passed     43.53%
 501  QSLH                  25.79%    passed     43.53%
 502  VTLJ                  26.12%    passed     95.97%
 503  FWBF                  25.12%    passed     89.01%
 504  VUSY                  25.79%    passed     93.38%
 505  PTFA                  24.46%    passed     58.13%
 506  OXYP                  28.12%    passed     99.16%
 507  WRPP                  28.12%    passed     99.71%
 508  BEFC                  28.12%    passed     99.63%
 509  QAUE                  28.45%    passed     94.10%
 510  HUSX                  28.45%    passed     97.64%
 511  UFHF                  28.79%    passed     93.29%
 512  ADHK                  28.79%    passed     93.29%
 513  NGRR                  28.12%    passed     97.82%
 514  VKJD                  29.12%    passed     94.00%
 515  AVJK                  47.75%    passed     88.91%
 516  PPPZ                  28.12%    passed     76.81%
 517  ODDO                  30.45%    passed     97.97%
 518  DAAD                  28.79%    passed     94.71%
 519  YSRZ                  28.12%    passed     87.96%
 520  QACK                  24.13%    passed     51.74%
 521  QUTB                  25.46%    passed     49.43%
 522  GIPR                  52.08%    passed     88.51%
 523  HAEU                  24.79%    passed     86.87%
 524  BGZG                  26.46%    passed     95.09%
 525  Vitvi_Genoscope.12X   32.78%    passed     99.16%
 526  BBBA                  36.44%    passed     98.75%
 527  SZPD                  26.46%    passed     88.37%
 528  MZLD                  30.12%    passed     80.54%
 529  KTAR                  28.12%    passed     70.22%
 530  YZGX                  30.12%    passed     86.18%
 531  TORX                  28.12%    passed     59.37%
 532  ZETY                  26.12%    passed     98.89%
 533  QURC                  26.12%    passed     94.31%
 534  NUZN                  27.12%    passed     92.42%
 535  FYTP                  27.12%    passed     91.96%
 536  CLNU                  24.79%    passed     86.16%
 537  CLMX                  24.79%    passed     82.36%
 538  YKQR                  27.12%    passed     94.04%
 539  HQRJ                  27.45%    passed     98.13%
 540  OMDH                  28.79%    passed     98.78%
 541  JPDJ                  29.12%    passed     94.47%
 542  XMQO                  49.08%    passed     99.36%
 543  PUDI                  27.45%    passed     56.09%
 544  AWJM                  25.46%    passed     86.26%
 545  FEDW                  23.79%    passed     90.40%
 546  EQYT                  24.46%    passed     90.72%
 547  SJAN                  38.10%    passed     63.23%
 548  YHLF                  23.79%    passed     93.93%
 549  KBRW                  23.79%    passed     96.28%
 550  ZINQ                  23.79%    passed     92.56%
 551  ROLB                  23.79%    passed     92.56%
 552  IDAU                  23.79%    passed     92.56%
 553  BZDF                  23.79%    passed     92.56%
 554  UJGI                  23.79%    passed     96.56%
 555  TLCA                  23.79%    passed     96.56%
 556  GVCB                  23.79%    passed     94.55%
 557  HKMQ                  23.79%    passed     90.57%
 558  CJGZ                  23.79%    passed     91.66%
 559  DZLN                  23.79%    passed     91.66%
 560  JKNQ                  23.79%    passed     87.76%
 561  IMZV                  23.79%    passed     90.18%
 562  AXNH                  23.79%    passed     90.10%
 563  PMTB                  23.79%    passed     90.10%
 564  ARYD                  33.78%    passed     96.60%
 565  POZS                  27.79%    passed     80.75%
 566  OODC                  28.12%    passed     81.85%
 567  BHYC                  26.46%    passed     89.59%
 568  BVOF                  25.79%    passed     96.80%
 569  AEPI                  25.12%    passed     93.01%
 570  VXOD                  27.45%    passed     64.11%
 571  KCPT                  27.79%    passed     55.25%
 572  TXMP                  27.45%    passed     81.09%
 573  HNCF                  25.46%    passed     77.02%
 574  AXPJ                  49.42%    passed     40.65%
 575  LAPO                  35.77%    passed     77.19%
 576  IPWB                  49.42%    passed     22.29%
 577  VMNH                  25.79%    passed     60.54%
 578  VDKG                  25.79%    passed     87.78%
 579  LVUS                  30.45%    passed     82.86%
 580  QSKP                  26.79%    passed     61.53%
 581  BSEY                  28.79%    passed     98.92%
 582  QZZU                  24.79%    passed     88.42%
 583  OLXF                  32.45%    passed     76.13%
 584  JHCN                  28.12%    passed     98.37%
 585  BJSW                  27.12%    passed     99.84%
 586  AQGE                  27.12%    passed     98.94%
 587  RBYC                  29.12%    passed     94.19%
 588  WQUF                  31.11%    passed     98.90%
 589  OBTI                  28.12%    passed     97.69%
 590  HDSY                  30.95%    passed     83.86%
 591  GDZS                  24.79%    passed     75.07%
 592  ZSAB                  24.46%    passed     63.00%
 593  TJLC                  23.46%    passed     64.55%
 594  CSUV                  24.46%    passed     57.53%
 595  VNMY                  27.12%    passed     95.65%
 596  KYAD                  28.45%    passed     91.24%
 597  RVGH                  27.12%    passed     93.88%
 598  XPBC                  38.10%    passed     77.59%
 599  WVEF                  27.79%    passed     97.33%
 600  EILE                  29.12%    passed     96.86%
 601  UDUT                  27.12%    passed     93.31%
 602  Eucgr_v1.1            24.13%    passed     71.53%
 603  AYMT                  37.10%    passed     88.49%
 604  FGDU                  37.10%    passed     96.01%
 605  NEBM                  23.46%    passed     78.40%
 606  HYZL                  27.12%    passed     87.19%
 607  LFOG                  27.79%    passed     99.58%
 608  INQX                  26.12%    passed     98.60%
 609  KKDQ                  26.12%    passed     98.91%
 610  TDTF                  33.44%    passed     96.66%
 611  GLVK                  26.12%    passed     99.48%
 612  IEPQ                  26.12%    passed     99.48%
 613  RZTJ                  50.75%    passed     24.75%
 614  CUTE                  57.07%    passed      5.03%
 615  RPPC                  27.12%    passed     89.19%
 616  CQMG                  27.12%    passed     77.88%
 617  CZPV                  27.12%    passed     85.40%
 618  Theca_v1.1            24.79%    passed     86.16%
 619  BJKT                  33.44%    passed     88.46%
 620  RUUB                  29.12%    passed     76.21%
 621  HBUQ                  27.12%    passed     89.93%
 622  ZBVT                  27.12%    passed     85.27%
 623  COAQ                  27.12%    passed     93.20%
 624  PAZJ                  27.12%    passed     78.98%
 625  RTTY                  29.45%    passed     98.27%
 626  RXEN                  31.45%    passed     90.29%
 627  PDQH                  29.12%    passed     73.77%
 628  FZQN                  43.76%    passed     98.90%
 629  RHAU                  27.12%    passed     95.61%
 630  PXYR                  27.12%    passed     97.26%
 631  EZZT                  28.79%    passed     82.73%
 632  SIZE                  27.12%    passed     87.41%
 633  YNUE                  24.79%    passed     96.98%
 634  TJES                  30.45%    passed     99.47%
 635  OLES                  34.11%    passed     97.01%
 636  VVPY                  27.12%    passed     86.96%
 637  YUOM                  27.12%    passed     97.17%
 638  SKNL                  31.11%    passed     94.30%
 639  BCAA                  27.12%    passed     99.37%
 640  SHEZ                  61.73%    passed     96.64%
 641  EYRD                  33.44%    passed     80.48%
 642  OHKC                  43.09%    passed     65.82%
 643  BXBF                  26.62%    passed     76.78%
 644  BWRK                  28.79%    passed     58.96%
 645  ZBPY                  64.06%    passed     42.29%
 646  XNLP                  27.12%    passed     82.75%
 647  GTSV                  57.74%    passed     61.54%
 648  Manes_v4.1            60.07%    passed     59.14%
 649  SIBR                  69.72%    failed      2.52%
 650  RJNQ                  52.08%    passed     52.13%
 651  TZWR                  23.79%    passed     82.06%
 652  LJQF                  60.07%    passed     30.83%
 653  CLRW                  67.05%    passed     20.46%
 654  Betvu_v1.1            61.06%    passed     54.58%
 655  YNFJ                  30.45%    passed     99.32%
 656  CVDF                  28.12%    passed     93.22%
 657  RNBN                  48.09%    passed     86.98%
 658  XSSD                  45.76%    passed     76.15%
 659  WMLW                  31.45%    passed     79.21%
 660  WGET                  28.79%    passed     95.52%
 661  NXTS                  30.78%    passed     74.49%
 662  AZBL                  31.11%    passed     99.74%
 663  SCAO                  35.11%    passed     82.76%
 664  GIWN                  33.11%    passed     97.77%
 665  JGAB                  32.61%    passed     99.58%
 666  SMMC                  30.78%    passed     99.80%
 667  ONLQ                  29.78%    passed     94.98%
 668  CBJR                  28.79%    passed     97.22%
 669  AAXJ                  29.78%    passed     92.16%
 670  DVXD                  29.78%    passed     91.71%
 671  EGOS                  29.78%    passed     91.43%
 672  CTYH                  33.44%    passed     99.80%
 673  SFKQ                  45.76%    passed     86.36%
 674  LKKX                  30.45%    passed     91.93%
 675  CPKP                  28.79%    passed     97.96%
 676  BYNZ                  34.44%    passed     85.55%
 677  CPLT                  29.45%    passed     92.66%
 678  LDEL                  29.45%    passed     86.14%
 679  IWIS                  29.45%    passed     88.88%
 680  GCYL                  29.45%    passed     88.88%
 681  LLQV                  30.62%    passed     93.28%
 682  UQCB                  30.78%    passed     85.73%
 683  EZGR                  30.78%    passed     80.22%
 684  VJPU                  32.78%    passed     93.12%
 685  ZBTA                  33.78%    passed     95.91%
 686  JAFJ                  32.78%    passed     99.89%
 687  MRKX                  29.45%    passed     91.04%
 688  BKQU                  29.45%    passed     91.27%
 689  OMYK                  39.77%    passed     86.56%
 690  BERS                  32.78%    passed     99.67%
 691  GJNX                  30.12%    passed     87.03%
 692  HZTS                  32.78%    passed     98.56%
 693  EDIT                  30.12%    passed     94.11%
 694  WFBF                  28.45%    passed     99.77%
 695  YHFG                  28.12%    passed     98.28%
 696  Phavu_v1.0            26.79%    passed     31.06%
 697  TVSH                  24.79%    passed     24.69%
 698  NXOH                  37.44%    passed     86.82%
 699  KEGA                  24.79%    passed     82.61%
 700  WAXR                  29.45%    passed     89.24%
 701  HBHB                  27.12%    passed     90.59%
 702  VFFP                  27.12%    passed     85.47%
 703  EVOD                  28.79%    passed     92.95%
 704  FAKD                  42.43%    passed     99.75%
 705  EMJJ                  29.45%    passed     99.16%
 706  Elagu_v2.0            28.12%    passed     53.13%
 707  NMGG                  28.79%    passed     88.10%
 708  CKDK                  26.79%    passed     59.45%
 709  TVCU                  26.79%    passed     66.09%
 710  ZHMB                  27.12%    passed     97.43%
 711  RQNK                  51.08%    passed     69.03%
 712  SSDU                  32.45%    passed     91.53%
 713  BEKN                  42.43%    passed     69.59%
 714  QTJY                  29.45%    passed     84.48%
 715  IWMW                  34.11%    passed     98.63%
 716  AALA                  23.46%    passed     92.87%
 717  SUAK                  25.79%    passed     54.06%
 718  RKLL                  23.46%    passed     72.94%
 719  ZSSR                  26.79%    passed     67.36%
 720  PJSX                  23.79%    passed     90.44%
 721  ZCDJ                  23.79%    passed     93.88%
 722  SWPE                  27.12%    passed     90.28%
 723  IRAF                  31.45%    passed     91.89%
 724  XHKT                  34.44%    passed     93.33%
 725  CCID                  28.45%    passed     98.03%
 726  OCTM                  27.45%    passed     89.39%
 727  VLNB                  24.46%    passed     45.28%
 728  SLYR                  24.13%    passed     50.24%
 729  TTRG                  26.12%    passed     61.01%
 730  CMFF                  54.41%    passed     64.03%
 731  Carpa_ASGPBv0.4       27.12%    passed     97.77%
 732  MTII                  27.12%    passed     95.79%
 733  RKFX                  23.46%    passed     63.46%
 734  GEHT                  23.46%    passed     84.56%
 735  QZXQ                  23.46%    passed     91.23%
 736  VHZV                  23.46%    passed     86.92%
 737  UAXP                  27.45%    passed     90.24%
 738  KZED                  62.06%    passed     68.34%
 739  JETM                  23.46%    passed     36.43%
 740  DZTK                  29.12%    passed     88.27%
 741  DHAW                  28.62%    passed     93.19%
 742  ZHEE                  27.45%    passed     93.35%
 743  ACFP                  27.12%    passed     96.46%
 744  IANR                  27.12%    passed     97.53%
 745  QNOC                  47.09%    passed     94.34%
 746  XVJB                  27.12%    passed     91.11%
 747  EDHN                  27.12%    passed     93.37%
 748  Prupe_v1.0            27.12%    passed     98.25%
 749  ZPKK                  31.78%    passed     91.62%
 750  VCIN                  28.12%    passed     96.91%
 751  BLVL                  59.07%    passed     22.10%
 752  QIEH                  27.12%    passed     95.02%
 753  EAVM                  27.12%    passed     98.43%
 754  SQCF                  27.12%    passed     92.98%
 755  XFFT                  27.12%    passed     96.89%
 756  SXCE                  31.11%    passed     88.34%
 757  TJQY                  27.12%    passed     89.95%
 758  WOBD                  29.78%    passed     89.85%
 759  FYSJ                  31.45%    passed     96.24%
 760  WYIG                  57.74%    failed      4.77%
 761  XGFU                  30.12%    passed     42.24%
 762  Spipo_v2              29.45%    passed     91.61%
 763  MFEA                  50.08%    passed     49.16%
 764  NFXV                  27.12%    passed     92.30%
 765  BNDE                  31.45%    passed     96.26%
 766  OHAE                  26.46%    passed     84.98%
 767  WEQK                  26.46%    passed     83.67%
 768  YGAT                  24.13%    passed     63.08%
 769  LPGY                  31.78%    passed     76.02%
 770  NJLF                  27.12%    passed     88.81%
 771  FWCQ                  29.45%    passed     84.65%
 772  OSIP                  29.78%    passed     86.76%
 773  IHPC                  24.79%    passed     70.16%
 774  AXAF                  52.08%    passed     35.62%
 775  YGCX                  29.78%    passed     87.86%
 776  WWKL                  38.77%    passed     91.76%
 777  KVAY                  27.12%    passed     93.43%
 778  RSPO                  30.78%    passed     99.34%
 779  TIUZ                  23.79%    passed     57.94%
 780  QICX                  46.76%    passed     10.76%
 781  RJIM                  27.12%    passed     99.22%
 782  UVDC                  27.12%    passed     99.84%
 783  IKFD                  27.79%    passed     92.09%
 784  CRNC                  40.10%    passed     96.67%
 785  UHJR                  42.10%    passed     95.50%
 786  CWYJ                  30.62%    passed     79.03%
 787  TQKZ                  30.12%    passed     79.80%
 788  IHCQ                  29.45%    passed     79.88%
 789  WMUK                  23.79%    passed     58.33%
 790  PKMO                  47.09%    passed     63.42%
 791  HTIP                  24.13%    passed     76.67%
 792  LNER                  26.46%    passed     65.56%
 793  SBZH                  25.46%    passed     57.67%
 794  JSZD                  28.12%    passed     97.28%
 795  FCCA                  27.12%    passed     96.31%
 796  OINM                  28.12%    passed     84.27%
 797  EDBB                  25.46%    passed     85.25%
 798  SUVN                  28.45%    passed     87.04%
 799  KPTE                  26.12%    passed     93.79%
 800  HLJG                  25.46%    passed     96.33%
 801  SALZ                  24.13%    passed     75.35%
 802  MVSE                  25.79%    passed     55.67%
 803  AJFN                  25.46%    passed     97.04%
 804  QIKZ                  66.39%    passed     66.97%
 805  WQRD                  31.11%    passed     95.83%
 806  THDM                  28.45%    passed     90.42%
 807  MTHW                  29.78%    passed     85.85%
 808  JSAG                  31.11%    passed     88.38%
 809  XZME                  29.78%    passed     97.14%
 810  LELS                  28.45%    passed     97.97%
 811  VTUS                  28.45%    passed     94.94%
 812  XSZI                  27.12%    passed     92.57%
 813  MUNP                  27.45%    passed     96.81%
 814  FALI                  28.45%    passed     74.49%
 815  WPHN                  28.45%    passed     91.66%
 816  BYPY                  29.78%    passed     91.87%
 817  KTWL                  46.59%    passed     41.73%
 818  PCNH                  30.12%    passed     86.92%
 819  ZSGF                  28.45%    passed     86.18%
 820  CSSK                  27.45%    passed     88.43%
 821  OPDF                  27.45%    passed     92.80%
 822  Ambtr_v1.0.27         27.12%    passed     87.82%
 823  URDJ                  27.79%    passed     88.95%
 824  MYMP                  25.46%    passed     32.31%
 825  VYLQ                  28.12%    passed     97.58%
 826  DJSE                  41.43%    passed     91.88%
 827  PZRT                  31.45%    passed     98.81%
 828  THEW                  53.08%    passed     22.05%
 829  BYQM                  30.78%    passed     88.72%
 830  WKSU                  28.12%    passed     77.70%
 831  ZUHO                  28.45%    passed     98.18%
 832  UPOG                  28.12%    passed     98.68%
 833  DWZT                  48.75%    passed     79.50%
 834  MWYQ                  29.12%    passed     89.92%
 835  OOSO                  29.45%    passed     90.35%
 836  AFLV                  28.12%    passed     85.16%
 837  GDKK                  30.12%    passed     81.62%
 838  NHIX                  31.11%    passed     76.94%
 839  QNPH                  32.11%    passed     67.82%
 840  AJJE                  52.08%    passed     64.08%
 841  VGHH                  32.78%    passed     98.58%
 842  OCWZ                  30.12%    passed     62.21%
 843  YMES                  30.78%    passed     99.19%
 844  MFIN                  28.79%    passed     99.97%
 845  KRJP                  28.45%    passed     89.17%
 846  YJUG                  54.74%    passed     27.59%
 847  OSHQ                  29.45%    passed     85.37%
 848  JNUB                  38.77%    passed     66.97%
 849  BRUD                  30.12%    passed     70.47%
 850  PPQR                  28.12%    passed     75.07%
 851  BSVG                  33.78%    passed     91.40%
 852  FZJL                  28.12%    passed     94.83%
 853  QDVW                  28.12%    passed     99.71%
 854  BDJQ                  28.79%    passed     33.67%
 855  LEMW                  29.12%    passed     51.14%
 856  VZCI                  30.78%    passed     90.09%
 857  YZRI                  28.79%    passed     90.11%
 858  PSJT                  29.78%    passed     88.36%
 859  DHPO                  30.45%    passed     92.09%
 860  WBOD                  30.45%    passed     96.56%
 861  XQWC                  30.45%    passed     96.86%
 862  NWMY                  42.43%    passed     55.64%
 863  WXNT                  28.12%    passed     99.17%
 864  EEAQ                  34.44%    passed     68.35%
 865  WZFE                  29.45%    passed     92.63%
 866  NSPR                  30.12%    passed     69.82%
 867  QOXT                  65.72%    passed     15.37%
 868  SILJ                  27.45%    passed     89.21%
 869  HXJE                  52.08%    passed     50.79%
 870  HWUP                  28.12%    passed     73.83%
 871  OBPL                  28.45%    passed     85.63%
 872  WAIL                  30.12%    passed     94.63%
 873  MAQO                  28.45%    passed     94.01%
 874  LSKK                  29.12%    passed     98.58%
 875  WIGA                  60.40%    passed     62.85%
 876  BEGM                  66.72%    failed      0.94%
 877  BCGB                  30.45%    passed     90.47%
 878  HIDG                  69.05%    failed      4.55%
 879  ABSS                  62.73%    passed     69.66%
 880  TZNS                  29.78%    passed     78.73%
 881  XHHU                  33.11%    passed     62.49%
 882  UOEL                  29.12%    passed     88.47%
 883  WTDE                  41.60%    passed     77.36%
 884  CIEA                  31.78%    passed     96.12%
 885  PWSG                  37.77%    passed     91.32%
 886  WBIB                  33.78%    passed     99.98%
 887  XPAF                  33.78%    passed     97.97%
 888  COCP                  31.78%    passed     79.89%
 889  PAWA                  29.45%    passed     87.48%
 890  FCEL                  30.45%    passed     69.12%
 891  ONBE                  28.45%    passed     99.63%
 892  MUMD                  32.11%    passed     99.86%
 893  KBXS                  49.75%    passed     50.48%
 894  GJPF                  29.12%    passed     94.59%
 895  KYNE                  28.79%    passed     99.78%
 896  RDYY                  30.12%    passed     97.38%
 897  SVTS                  40.60%    passed     81.90%
 898  IXEM                  29.12%    passed     99.64%
 899  LTZF                  29.78%    passed     71.98%
 900  FGRF                  28.45%    passed     91.66%
 901  JVBR                  28.79%    passed     95.45%
 902  KOFB                  29.12%    passed     99.61%
 903  MVRF                  28.79%    passed     79.16%
 904  LSJW                  28.45%    passed     88.84%
 905  RQZP                  31.11%    passed     74.45%
 906  TCYS                  28.45%    passed     96.90%
 907  UZXL                  28.79%    passed     87.33%
 908  HOKG                  28.45%    passed     92.85%
 909  RCUX                  29.45%    passed     90.30%
 910  XFJG                  59.40%    passed     52.81%
 911  BLAJ                  31.11%    passed     98.03%
 912  JHUL                  31.11%    passed     96.26%
 913  PLBZ                  29.12%    passed     95.66%
 914  CMCY                  29.12%    passed     95.11%
 915  KXSK                  28.45%    passed     95.00%
 916  YBML                  30.28%    passed     90.23%
 917  ICNN                  29.95%    passed     86.95%
 918  TRRQ                  34.78%    passed     96.60%
 919  PRFO                  40.10%    passed     85.24%
 920  JDTY                  28.12%    passed     99.36%
 921  LDME                  28.12%    passed     92.79%
 922  DMIN                  28.12%    passed     96.66%
 923  Orysa_v7.0            28.45%    passed     96.43%
 924  RMVB                  29.12%    passed     79.68%
 925  IADP                  41.43%    passed     84.69%
 926  YXNR                  49.75%    passed     26.13%
 927  EFCZ                  32.78%    passed     73.40%
 928  HATH                  29.78%    passed     95.51%
 929  RCAH                  29.45%    passed     94.03%
 930  YLWW                  35.44%    passed     98.85%
 931  YPIC                  30.12%    passed     95.65%
 932  ROEI                  29.45%    passed     99.25%
 933  Sorbi_v2.1            29.45%    passed     99.25%
 934  ZENX                  29.45%    passed     84.08%
 935  SOHV                  29.45%    passed     92.74%
 936  WCOR                  29.45%    passed     97.57%
 937  XBKS                  29.45%    passed     98.81%
 938  NNOK                  29.45%    passed     88.90%
 939  BXAY                  29.45%    passed     88.90%
 940  ZMGN                  29.45%    passed     93.96%
 941  XUAB                  29.45%    passed     95.01%
 942  BPKH                  29.45%    passed     95.01%
 943  VQYB                  32.45%    passed     99.84%
 944  VVVV                  28.12%    passed     93.24%
 945  DGXS                  28.12%    passed     85.88%
 946  QVMR                  44.09%    passed     94.89%
 947  ALVQ                  34.44%    passed     96.47%
 948  DFHO                  32.78%    passed     71.29%
 949  NHCM                  34.11%    passed     71.43%
 950  UGNK                  33.44%    passed     67.04%
 951  RFMZ                  33.44%    passed     63.55%
 952  UOMY                  33.44%    passed     66.55%
 953  VIBO                  33.44%    passed     64.88%
 954  KIIX                  34.11%    passed     75.51%
 955  CVEG                  35.44%    passed     49.94%
 956  PIVW                  33.11%    passed     78.86%
 957  QIAD                  31.45%    passed     73.72%
 958  VVRN                  35.77%    passed     53.66%
 959  MEKP                  33.78%    passed     95.16%
 960  PBUU                  31.78%    passed     80.09%
 961  CQPW                  35.11%    passed     82.74%
 962  WQML                  31.78%    passed     72.68%
 963  NDUV                  32.45%    passed     89.57%
 964  SKYV                  33.44%    passed     80.73%
 965  BMJR                  32.11%    passed     65.02%
 966  UJTT                  39.10%    passed     70.37%
 967  POPJ                  32.11%    passed     81.05%
 968  FLTD                  35.11%    passed     74.69%
 969  WCLG                  32.45%    passed     57.46%
 970  XDDT                  31.45%    passed     67.79%
 971  ZXJO                  31.11%    passed     79.05%
 972  GSXD                  31.45%    passed     83.02%
 973  DCDT                  33.11%    passed     78.29%
 974  YCKE                  33.11%    passed     85.74%
 975  GANB                  32.11%    passed     88.88%
 976  EWXK                  31.45%    passed     93.64%
 977  PNZO                  33.78%    passed     79.11%
 978  NOKI                  34.78%    passed     81.32%
 979  YIXP                  34.78%    passed     75.25%
 980  KJZG                  35.11%    passed     77.50%
 981  BMIF                  35.44%    passed     77.36%
 982  PSKY                  32.45%    passed     60.08%
 983  UJWU                  32.45%    passed     66.50%
 984  ORJE                  35.11%    passed     57.38%
 985  ZQYU                  37.10%    passed     91.03%
 986  YLJA                  31.45%    passed     61.66%
 987  IXLH                  31.45%    passed     61.66%
 988  GYFU                  31.45%    passed     61.66%
 989  CJNT                  35.11%    passed     79.51%
 990  NWWI                  32.45%    passed     71.39%
 991  JBLI                  32.11%    passed     73.56%
 992  UWOD                  38.10%    passed     95.60%
 993  VITX                  34.78%    passed     81.78%
 994  MTGC                  33.78%    passed     70.91%
 995  RFRB                  50.75%    passed     39.40%
 996  WGTU                  32.11%    passed     72.11%
 997  FQGQ                  31.45%    passed     80.99%
 998  MROH                  32.11%    passed     86.63%
 999  HNDZ                  34.78%    passed     81.40%
1000  FCHS                  32.11%    passed     81.22%
1001  UFJN                  34.78%    passed     79.34%
1002  OCZL                  34.78%    passed     92.12%
1003  AFPO                  34.78%    passed     85.36%
1004  URCP                  34.78%    passed     85.36%
1005  HTFH                  34.78%    passed     88.83%
1006  LHLE                  34.78%    passed     81.03%
1007  RICC                  34.78%    passed     79.34%
1008  XXHP                  34.78%    passed     79.34%
1009  YOWV                  32.11%    passed     72.22%
1010  YJJY                  34.78%    passed     85.36%
1011  HEGQ                  34.78%    passed     77.32%
1012  YQEC                  32.11%    passed     78.63%
1013  PYHZ                  33.78%    passed     85.05%
1014  PKOX                  37.77%    passed     92.25%
1015  UPMJ                  34.78%    passed     94.96%
1016  ZZEI                  32.45%    passed     73.08%
1017  ENQF                  34.11%    passed     82.59%
1018  WAFT                  33.78%    passed     79.71%
1019  XNXF                  33.78%    passed     79.71%
1020  PQTO                  33.78%    passed     79.46%
1021  GKAG                  44.43%    passed     25.35%
1022  YHZW                  32.45%    passed     56.15%
1023  CBAE                  33.44%    passed     33.91%
1024  GAON                  31.11%    passed     37.20%
1025  BSNI                  33.11%    passed     82.06%
1026  TWUW                  36.44%    passed     95.98%
1027  DXOU                  33.78%    passed     94.65%
1028  FAJB                  33.44%    passed     86.67%
1029  WCZB                  31.45%    passed     81.83%
1030  UCRN                  33.44%    passed     86.37%
1031  AKXB                  33.78%    passed     87.95%
1032  JHFI                  32.78%    passed     78.69%
1033  PIUF                  32.78%    passed     71.00%
1034  NRWZ                  32.78%    passed     74.49%
1035  WJLO                  32.78%    passed     22.82%
1036  ILBQ                  32.11%    passed     17.59%
1037  TXVB                  31.45%    passed     33.41%
1038  HERT                  33.78%    passed     57.47%
1039  TFYI                  46.09%    passed      5.34%
1040  HMHL                  32.78%    passed     45.61%
1041  JPYU                  32.78%    passed     66.38%
1042  TGKW                  31.78%    passed     35.46%
1043  YFGP                  33.78%    passed     40.30%
1044  KRUQ                  31.45%    passed     78.56%
1045  UUHD                  32.11%    passed     64.80%
1046  LGOW                  32.45%    passed     64.78%
1047  RTMU                  32.11%    passed     53.85%
1048  BNCU                  33.11%    passed     52.83%
1049  WZYK                  33.44%    passed     46.44%
1050  HPXA                  31.45%    passed     69.25%
1051  YBQN                  32.45%    passed     55.79%
1052  IRBN                  32.45%    passed     60.11%
1053  OFTV                  33.11%    passed     48.14%
1054  SKQD                  33.44%    passed     84.49%
1055  YEPO                  32.45%    passed     19.68%
1056  GOWD                  32.78%    passed     99.01%
1057  RCBT                  33.61%    passed     93.51%
1058  UHLI                  34.11%    passed     92.69%
1059  GRKU                  34.78%    passed     94.35%
1060  WOGB                  33.44%    passed     72.32%
1061  HVBQ                  33.44%    passed     84.46%
1062  SZYG                  34.44%    passed     94.48%
1063  ZTHV                  34.44%    passed     94.48%
1064  AWOI                  33.44%    passed     81.48%
1065  NGTD                  38.10%    passed     85.35%
1066  VMXJ                  33.44%    passed     92.69%
1067  RGKI                  33.44%    passed     92.69%
1068  FFPD                  33.44%    passed     60.54%
1069  HRWG                  33.44%    passed     96.25%
1070  ABCD                  33.44%    passed     83.67%
1071  RDOO                  33.44%    passed     75.27%
1072  BPSG                  33.44%    passed     89.84%
1073  CMEQ                  33.44%    passed     94.80%
1074  KEFD                  31.11%    passed     95.36%
1075  XWHK                  33.44%    passed     87.88%
1076  JMXW                  45.76%    passed     69.82%
1077  YWNF                  33.44%    passed     90.65%
1078  BGXB                  33.44%    passed     93.38%
1079  TAVP                  34.61%    passed     92.40%
1080  ZQRI                  33.44%    passed     81.65%
1081  EEMJ                  33.44%    passed     75.86%
1082  ORKS                  33.44%    passed     79.80%
1083  DHWX                  33.44%    passed     88.91%
1084  WSPM                  33.44%    passed     86.91%
1085  WNGH                  33.44%    passed     82.90%
1086  MIRS                  33.44%    passed     89.84%
1087  TMAJ                  33.44%    passed     81.00%
1088  ZACW                  33.44%    passed     73.04%
1089  IGUH                  33.44%    passed     73.04%
1090  QKQO                  33.44%    passed     75.74%
1091  QMWB                  33.44%    passed     76.25%
1092  VBMM                  33.44%    passed     73.43%
1093  JADL                  33.44%    passed     73.43%
1094  LNSF                  33.44%    passed     79.82%
WARNING: 49 sequences contain more than 50% gaps/ambiguity
****  TOTAL                 31.87%  16 sequences failed composition chi2 test (p-value<5%; df=3)
NOTE: VYER is identical to LDRY but kept for subsequent analysis
NOTE: WDWX is identical to ZDIZ but kept for subsequent analysis
NOTE: WWSS is identical to ZYAX but kept for subsequent analysis
NOTE: NKIN is identical to VFYZ but kept for subsequent analysis
NOTE: MIXZ is identical to ACWS but kept for subsequent analysis
NOTE: YFQX is identical to JCLQ but kept for subsequent analysis
NOTE: RQUG is identical to SIIK but kept for subsequent analysis
NOTE: XQRV is identical to EMBR but kept for subsequent analysis
NOTE: QSLH is identical to NHAG but kept for subsequent analysis
NOTE: ADHK is identical to UFHF but kept for subsequent analysis
NOTE: ROLB is identical to ZINQ but kept for subsequent analysis
NOTE: TLCA is identical to UJGI but kept for subsequent analysis
NOTE: DZLN is identical to CJGZ but kept for subsequent analysis
NOTE: PMTB is identical to AXNH but kept for subsequent analysis
NOTE: IEPQ is identical to GLVK but kept for subsequent analysis
NOTE: BXAY is identical to NNOK but kept for subsequent analysis
NOTE: IXLH is identical to YLJA but kept for subsequent analysis
NOTE: URCP is identical to AFPO but kept for subsequent analysis
NOTE: XXHP is identical to RICC but kept for subsequent analysis
NOTE: RGKI is identical to VMXJ but kept for subsequent analysis
NOTE: IGUH is identical to ZACW but kept for subsequent analysis
NOTE: JADL is identical to VBMM but kept for subsequent analysis
NOTE: 4 identical sequences (see below) will be ignored for subsequent analysis
NOTE: VXKB (identical to EMBR) is ignored but added at the end
NOTE: IDAU (identical to ZINQ) is ignored but added at the end
NOTE: BZDF (identical to ZINQ) is ignored but added at the end
NOTE: GYFU (identical to YLJA) is ignored but added at the end
Alignment was printed to 4757-muscle.afa.uniqueseq.phy

For your convenience alignment with unique sequences printed to 4757-muscle.afa.uniqueseq.phy


Create initial parsimony tree by phylogenetic likelihood library (PLL)... 0.638 seconds
Perform fast likelihood tree search using GTR+I+G model...
Estimate model parameters (epsilon = 5.000)
Perform nearest neighbor interchange...
Estimate model parameters (epsilon = 1.000)
1. Initial log-likelihood: -91293.244
Optimal log-likelihood: -91293.176
Rate parameters:  A-C: 1.85522  A-G: 2.22798  A-T: 1.47899  C-G: 1.40811  C-T: 2.69452  G-T: 1.00000
Base frequencies:  A: 0.280  C: 0.218  G: 0.263  T: 0.239
Proportion of invariable sites: 0.052
Gamma shape alpha: 0.689
Parameters optimization took 1 rounds (1.184 sec)
Time for fast ML tree search: 13.964 seconds

NOTE: ModelFinder requires 206 MB RAM!
ModelFinder will test up to 286 DNA models (sample size: 601) ...
 No. Model         -LnL         df  AIC          AICc         BIC
  1  GTR+F         103134.979   2185 210639.958   9763459.958  220250.888
  2  GTR+F+I       101814.358   2186 208000.716   9769564.716  217616.044
  3  GTR+F+G4      91373.310    2186 187118.620   9748682.620  196733.948
  4  GTR+F+I+G4    91293.165    2187 186960.331   9757272.331  196580.058
  5  GTR+F+R2      93958.944    2187 192291.887   9762603.887  201911.614
  6  GTR+F+R3      92062.613    2189 188503.227   9776323.227  198131.751
  7  GTR+F+R4      91434.797    2191 187251.595   9792595.595  196888.916
  8  GTR+F+R5      90861.632    2193 186109.263   9808993.263  195755.382
  9  GTR+F+R6      90723.965    2195 185837.931   9826277.931  195492.847
 10  GTR+F+R7      90640.168    2197 185674.335   9843686.335  195338.048
 11  GTR+F+R8      90565.809    2199 185529.619   9861129.619  195202.129
 12  GTR+F+R9      90551.535    2201 185505.070   9878709.070  195186.378
 13  GTR+F+R10     90528.343    2203 185462.687   9896286.687  195152.792
 26  SYM+R10       90545.192    2200 185490.384   9869890.384  195167.293
 39  TVM+F+R10     90535.032    2202 185474.063   9887486.063  195159.769
 52  TVMe+R10      90555.277    2199 185508.554   9861108.554  195181.065
 65  TIM3+F+R10    90589.653    2201 185581.306   9878785.306  195262.614
 78  TIM3e+R10     90635.783    2198 185667.566   9852471.566  195335.678
 91  TIM2+F+R10    90601.705    2201 185605.410   9878809.410  195286.718
104  TIM2e+R10     90605.913    2198 185607.826   9852411.826  195275.937
117  TIM+F+R10     90663.507    2201 185729.015   9878933.015  195410.322
130  TIMe+R10      90696.896    2198 185789.792   9852593.792  195457.904
143  TPM3u+F+R10   90598.226    2200 185596.451   9869996.451  195273.360
156  TPM3+F+R10    90598.226    2200 185596.451   9869996.451  195273.360
169  TPM2u+F+R10   90609.925    2200 185619.850   9870019.850  195296.759
182  TPM2+F+R10    90609.925    2200 185619.850   9870019.850  195296.759
195  K3Pu+F+R10    90671.225    2200 185742.451   9870142.451  195419.359
208  K3P+R10       90708.556    2197 185811.111   9843823.111  195474.824
221  TN+F+R10      90663.617    2200 185727.234   9870127.234  195404.143
234  TNe+R10       90696.949    2197 185787.898   9843799.898  195451.611
247  HKY+F+R10     90671.230    2199 185740.459   9861340.459  195412.970
260  K2P+R10       90708.729    2196 185809.458   9835033.458  195468.773
273  F81+F+R10     91187.944    2198 186771.887   9853575.887  196439.999
286  JC+R10        91272.336    2195 186934.672   9827374.672  196589.587
Akaike Information Criterion:           GTR+F+R10
Corrected Akaike Information Criterion: GTR+F+G4
Bayesian Information Criterion:         GTR+F+R10
Best-fit model: GTR+F+R10 chosen according to BIC

All model information printed to 4757-muscle.afa.model.gz
CPU time for ModelFinder: 9905.587 seconds (2h:45m:5s)
Wall-clock time for ModelFinder: 10016.303 seconds (2h:46m:56s)

NOTE: 206 MB RAM (0 GB) is required!
Estimate model parameters (epsilon = 0.100)
1. Initial log-likelihood: -90528.343
2. Current log-likelihood: -90527.997
3. Current log-likelihood: -90527.847
4. Current log-likelihood: -90527.610
5. Current log-likelihood: -90527.476
6. Current log-likelihood: -90527.340
7. Current log-likelihood: -90527.207
8. Current log-likelihood: -90527.075
9. Current log-likelihood: -90526.947
10. Current log-likelihood: -90526.820
11. Current log-likelihood: -90526.697
12. Current log-likelihood: -90526.581
13. Current log-likelihood: -90526.463
14. Current log-likelihood: -90526.352
15. Current log-likelihood: -90526.239
16. Current log-likelihood: -90526.133
17. Current log-likelihood: -90526.026
18. Current log-likelihood: -90525.923
Optimal log-likelihood: -90525.760
Rate parameters:  A-C: 1.79912  A-G: 2.28172  A-T: 1.39747  C-G: 1.43110  C-T: 2.57490  G-T: 1.00000
Base frequencies:  A: 0.280  C: 0.218  G: 0.263  T: 0.239
Site proportion and rates:  (0.181,0.020) (0.104,0.079) (0.110,0.174) (0.104,0.334) (0.100,0.570) (0.073,0.830) (0.071,1.138) (0.097,1.575) (0.067,2.635) (0.093,4.394)
Parameters optimization took 18 rounds (204.658 sec)
Computing ML distances based on estimated model parameters... 40.179 sec
Computing BIONJ tree...
2.472 seconds
Log-likelihood of BIONJ tree: -91928.043
--------------------------------------------------------------------
|             INITIALIZING CANDIDATE TREE SET                      |
--------------------------------------------------------------------
Generating 98 parsimony trees... 91.258 second
Computing log-likelihood of 98 initial trees ... 85.674 seconds
Current best score: -90525.760

Do NNI search on 20 best initial trees
Estimate model parameters (epsilon = 0.100)
BETTER TREE FOUND at iteration 1: -90387.693
Estimate model parameters (epsilon = 0.100)
BETTER TREE FOUND at iteration 2: -90292.934
Estimate model parameters (epsilon = 0.100)
BETTER TREE FOUND at iteration 6: -90263.169
Estimate model parameters (epsilon = 0.100)
BETTER TREE FOUND at iteration 8: -90241.230
Iteration 10 / LogL: -90382.000 / Time: 0h:17m:1s
Iteration 20 / LogL: -90357.014 / Time: 0h:23m:59s
Finish initializing candidate tree set (20)
Current best tree score: -90241.230 / CPU time: 1180.119
Number of iterations: 20
--------------------------------------------------------------------
|               OPTIMIZING CANDIDATE TREE SET                      |
--------------------------------------------------------------------
Estimate model parameters (epsilon = 0.100)
BETTER TREE FOUND at iteration 21: -90192.938
Estimate model parameters (epsilon = 0.100)
BETTER TREE FOUND at iteration 24: -90144.152
Iteration 30 / LogL: -90199.946 / Time: 0h:29m:58s (1h:37m:8s left)
Iteration 40 / LogL: -90163.994 / Time: 0h:33m:46s (1h:12m:43s left)
Estimate model parameters (epsilon = 0.100)
BETTER TREE FOUND at iteration 41: -90138.182
Iteration 50 / LogL: -90154.169 / Time: 0h:38m:35s (1h:11m:40s left)
Estimate model parameters (epsilon = 0.100)
BETTER TREE FOUND at iteration 53: -90111.532
Estimate model parameters (epsilon = 0.100)
BETTER TREE FOUND at iteration 59: -90104.471
Iteration 60 / LogL: -90204.530 / Time: 0h:43m:29s (1h:12m:59s left)
Estimate model parameters (epsilon = 0.100)
BETTER TREE FOUND at iteration 63: -90098.457
Estimate model parameters (epsilon = 0.100)
BETTER TREE FOUND at iteration 69: -90093.228
Iteration 70 / LogL: -90094.679 / Time: 0h:47m:43s (1h:8m:28s left)
Estimate model parameters (epsilon = 0.100)
BETTER TREE FOUND at iteration 75: -90083.243
Estimate model parameters (epsilon = 0.100)
BETTER TREE FOUND at iteration 78: -90062.055
Iteration 80 / LogL: -90119.944 / Time: 0h:51m:45s (1h:4m:12s left)
Iteration 90 / LogL: -90135.092 / Time: 0h:54m:49s (0h:54m:12s left)
Estimate model parameters (epsilon = 0.100)
BETTER TREE FOUND at iteration 98: -90059.425
Iteration 100 / LogL: -90085.741 / Time: 0h:58m:12s (0h:57m:37s left)
Estimate model parameters (epsilon = 0.100)
BETTER TREE FOUND at iteration 107: -90040.390
Iteration 110 / LogL: -90107.123 / Time: 1h:1m:13s (0h:54m:28s left)
Iteration 120 / LogL: -90131.955 / Time: 1h:4m:59s (0h:47m:31s left)
Estimate model parameters (epsilon = 0.100)
BETTER TREE FOUND at iteration 125: -90033.807
Iteration 130 / LogL: -90073.741 / Time: 1h:9m:11s (0h:50m:57s left)
Estimate model parameters (epsilon = 0.100)
BETTER TREE FOUND at iteration 137: -90012.832
Iteration 140 / LogL: -90054.311 / Time: 1h:12m:41s (0h:50m:43s left)
Iteration 150 / LogL: -90013.025 / Time: 1h:16m:30s (0h:44m:40s left)
Estimate model parameters (epsilon = 0.100)
BETTER TREE FOUND at iteration 158: -90005.310
Iteration 160 / LogL: -90058.566 / Time: 1h:20m:49s (0h:49m:49s left)
Iteration 170 / LogL: -90078.955 / Time: 1h:24m:27s (0h:43m:58s left)
Estimate model parameters (epsilon = 0.100)
BETTER TREE FOUND at iteration 177: -89998.683
Iteration 180 / LogL: -90010.801 / Time: 1h:28m:28s (0h:47m:56s left)
Iteration 190 / LogL: -90010.088 / Time: 1h:31m:45s (0h:42m:14s left)
Estimate model parameters (epsilon = 0.100)
BETTER TREE FOUND at iteration 192: -89982.997
Iteration 200 / LogL: -89997.697 / Time: 1h:35m:10s (0h:44m:0s left)
Iteration 210 / LogL: -90005.429 / Time: 1h:38m:20s (0h:38m:34s left)
Estimate model parameters (epsilon = 0.100)
BETTER TREE FOUND at iteration 213: -89942.958
Iteration 220 / LogL: -90030.519 / Time: 1h:42m:59s (0h:43m:44s left)
Iteration 230 / LogL: -90007.393 / Time: 1h:46m:11s (0h:38m:29s left)
Iteration 240 / LogL: -89963.429 / Time: 1h:49m:26s (0h:33m:25s left)
Iteration 250 / LogL: -90009.638 / Time: 1h:52m:44s (0h:28m:31s left)
Estimate model parameters (epsilon = 0.100)
BETTER TREE FOUND at iteration 257: -89939.884
Iteration 260 / LogL: -89970.498 / Time: 1h:56m:26s (0h:43m:36s left)
Estimate model parameters (epsilon = 0.100)
BETTER TREE FOUND at iteration 268: -89926.112
Estimate model parameters (epsilon = 0.100)
BETTER TREE FOUND at iteration 269: -89906.682
Iteration 270 / LogL: -89999.059 / Time: 2h:1m:21s (0h:44m:39s left)
Iteration 280 / LogL: -89922.321 / Time: 2h:5m:34s (0h:40m:3s left)
Iteration 290 / LogL: -89910.128 / Time: 2h:10m:21s (0h:35m:38s left)
Iteration 300 / LogL: -90002.862 / Time: 2h:13m:7s (0h:30m:43s left)
Iteration 310 / LogL: -89923.422 / Time: 2h:16m:34s (0h:26m:4s left)
Iteration 320 / LogL: -89949.522 / Time: 2h:19m:47s (0h:21m:28s left)
Iteration 330 / LogL: -89930.822 / Time: 2h:22m:33s (0h:16m:53s left)
Iteration 340 / LogL: -89942.406 / Time: 2h:25m:12s (0h:12m:25s left)
Estimate model parameters (epsilon = 0.100)
BETTER TREE FOUND at iteration 346: -89905.772
Iteration 350 / LogL: -89914.943 / Time: 2h:28m:53s (0h:40m:57s left)
Iteration 360 / LogL: -89941.765 / Time: 2h:31m:52s (0h:36m:22s left)
Iteration 370 / LogL: -89975.913 / Time: 2h:34m:44s (0h:31m:52s left)
Estimate model parameters (epsilon = 0.100)
BETTER TREE FOUND at iteration 375: -89897.835
Iteration 380 / LogL: -89954.734 / Time: 2h:38m:56s (0h:39m:50s left)
Iteration 390 / LogL: -89947.432 / Time: 2h:42m:22s (0h:35m:28s left)
Iteration 400 / LogL: -90055.146 / Time: 2h:46m:5s (0h:31m:13s left)
Iteration 410 / LogL: -89931.451 / Time: 2h:49m:39s (0h:26m:57s left)
Iteration 420 / LogL: -89935.859 / Time: 2h:53m:12s (0h:22m:44s left)
Iteration 430 / LogL: -89925.672 / Time: 2h:56m:50s (0h:18m:32s left)
Iteration 440 / LogL: -89915.485 / Time: 3h:0m:59s (0h:14m:25s left)
Iteration 450 / LogL: -90017.258 / Time: 3h:4m:29s (0h:10m:16s left)
Iteration 460 / LogL: -89914.700 / Time: 3h:8m:32s (0h:6m:9s left)
Iteration 470 / LogL: -89939.045 / Time: 3h:12m:40s (0h:2m:3s left)
TREE SEARCH COMPLETED AFTER 476 ITERATIONS / Time: 3h:14m:43s

--------------------------------------------------------------------
|                    FINALIZING TREE SEARCH                        |
--------------------------------------------------------------------
Performs final model parameters optimization
Estimate model parameters (epsilon = 0.010)
1. Initial log-likelihood: -89897.835
2. Current log-likelihood: -89897.775
3. Current log-likelihood: -89897.696
4. Current log-likelihood: -89897.624
5. Current log-likelihood: -89897.574
6. Current log-likelihood: -89897.528
7. Current log-likelihood: -89897.487
8. Current log-likelihood: -89897.448
9. Current log-likelihood: -89897.415
10. Current log-likelihood: -89897.396
11. Current log-likelihood: -89897.379
12. Current log-likelihood: -89897.362
13. Current log-likelihood: -89897.345
14. Current log-likelihood: -89897.329
15. Current log-likelihood: -89897.313
16. Current log-likelihood: -89897.294
17. Current log-likelihood: -89897.278
18. Current log-likelihood: -89897.262
19. Current log-likelihood: -89897.247
20. Current log-likelihood: -89897.231
21. Current log-likelihood: -89897.216
22. Current log-likelihood: -89897.201
23. Current log-likelihood: -89897.186
24. Current log-likelihood: -89897.171
25. Current log-likelihood: -89897.157
26. Current log-likelihood: -89897.143
27. Current log-likelihood: -89897.129
28. Current log-likelihood: -89897.115
29. Current log-likelihood: -89897.101
30. Current log-likelihood: -89897.088
31. Current log-likelihood: -89897.075
32. Current log-likelihood: -89897.061
33. Current log-likelihood: -89897.048
34. Current log-likelihood: -89897.036
35. Current log-likelihood: -89897.023
36. Current log-likelihood: -89897.011
37. Current log-likelihood: -89896.999
38. Current log-likelihood: -89896.987
39. Current log-likelihood: -89896.975
40. Current log-likelihood: -89896.964
41. Current log-likelihood: -89896.952
Optimal log-likelihood: -89896.938
Rate parameters:  A-C: 1.82979  A-G: 2.36915  A-T: 1.39903  C-G: 1.46867  C-T: 2.63295  G-T: 1.00000
Base frequencies:  A: 0.280  C: 0.218  G: 0.263  T: 0.239
Site proportion and rates:  (0.163,0.014) (0.107,0.065) (0.121,0.152) (0.110,0.309) (0.100,0.547) (0.076,0.812) (0.102,1.201) (0.076,1.714) (0.076,3.011) (0.069,4.914)
Parameters optimization took 41 rounds (399.407 sec)
BEST SCORE FOUND : -89896.938
Total tree length: 116.037

Total number of iterations: 476
CPU time used for tree search: 11231.187 sec (3h:7m:11s)
Wall-clock time used for tree search: 11424.511 sec (3h:10m:24s)
Total CPU time used: 11885.662 sec (3h:18m:5s)
Total wall-clock time used: 12083.340 sec (3h:21m:23s)

Analysis results written to: 
  IQ-TREE report:                4757-muscle.afa.iqtree
  Maximum-likelihood tree:       4757-muscle.afa.treefile
  Likelihood distances:          4757-muscle.afa.mldist
  Screen log file:               4757-muscle.afa.log

Date and Time: Sat Apr 27 21:36:26 2024
