IQ-TREE multicore version 2.0.7 for Linux 64-bit built Jan 21 2022
Developed by Bui Quang Minh, Nguyen Lam Tung, Olga Chernomor,
Heiko Schmidt, Dominik Schrempf, Michael Woodhams.

Host:    laurel-virtual-machine (AVX512, FMA3, 3 GB RAM)
Command: iqtree2 -s /home/laurel/Downloads/genes_FAA/4519/4519-MUSCLE/4519-muscle.afa
Seed:    745318 (Using SPRNG - Scalable Parallel Random Number Generator)
Time:    Thu Apr  4 19:03:04 2024
Kernel:  AVX+FMA - 1 threads (2 CPU cores detected)

HINT: Use -nt option to specify number of threads because your CPU has 2 cores!
HINT: -nt AUTO will automatically determine the best number of threads to use.

Reading alignment file /home/laurel/Downloads/genes_FAA/4519/4519-MUSCLE/4519-muscle.afa ... Fasta format detected
Alignment most likely contains DNA/RNA sequences
WARNING: 6 sites contain only gaps or ambiguous characters.
Alignment has 660 sequences with 2585 columns, 2354 distinct patterns
2004 parsimony-informative, 270 singleton sites, 311 constant sites
                     Gap/Ambiguity  Composition  p-value
   1  JJZR                  55.01%    failed      0.00%
   2  RTLC                  51.33%    failed      0.00%
   3  MCPK                  54.82%    passed      5.38%
   4  LLXJ                  50.87%    failed      0.00%
   5  GYBH                  48.70%    passed     31.94%
   6  JTIG                  60.93%    failed      0.04%
   7  VJDZ                  49.40%    failed      0.00%
   8  NNHQ                  47.47%    failed      0.00%
   9  AJAU                  49.32%    failed      0.00%
  10  CQQP                  48.55%    failed      0.00%
  11  OQON                  54.43%    failed      0.00%
  12  JIWJ                  49.17%    failed      0.03%
  13  OAEZ                  47.85%    failed      0.00%
  14  GJIY                  52.34%    failed      0.00%
  15  LSHT                  68.59%    failed      0.11%
  16  Ostlu_v2.0            50.56%    failed      1.29%
  17  VIAU                  59.77%    failed      0.03%
  18  APTP                  53.35%    failed      0.00%
  19  LIRF                  50.33%    failed      0.00%
  20  JGGD                  53.73%    failed      0.00%
  21  VYER                  48.70%    failed      0.00%
  22  RWXW                  49.56%    failed      0.00%
  23  FOMH                  49.56%    failed      0.00%
  24  FIKG                  48.94%    failed      0.00%
  25  HFIK                  54.27%    failed      0.00%
  26  FIDQ                  67.89%    failed      0.00%
  27  FSQE                  71.37%    failed      0.01%
  28  QLMZ                  66.50%    failed      0.00%
  29  VRGZ                  67.12%    failed      0.00%
  30  JCXF                  75.40%    failed      0.04%
  31  WCLV                  48.63%    failed      0.00%
  32  FOYQ                  64.10%    failed      0.00%
  33  BZSH                  51.95%    failed      0.00%
  34  NKXU                  49.25%    failed      0.08%
  35  FXHG                  49.63%    failed      1.48%
  36  KFEB                  60.39%    failed      0.00%
  37  Chlre_v5.5            47.08%    failed      0.00%
  38  Volca_v2.0            50.72%    failed      0.00%
  39  WRSL                  76.63%    failed      0.00%
  40  GFUR                  59.61%    failed      0.00%
  41  MULF                  77.33%    failed      0.01%
  42  ZFXU                  65.80%    failed      0.00%
  43  SYJM                  48.47%    failed      0.00%
  44  UKUC                  69.44%    failed      0.04%
  45  ZDIZ                  73.23%    failed      0.01%
  46  WDWX                  55.51%    failed      0.00%
  47  EEJO                  53.89%    failed      0.00%
  48  Chlva_v1.0            48.47%    failed      0.00%
  49  AKCR                  66.89%    failed      0.00%
  50  IJMT                  50.02%    failed      0.00%
  51  JMUI                  77.99%    failed      0.01%
  52  RAWF                  71.91%    failed      0.00%
  53  AYPS                  53.27%    failed      0.86%
  54  ROZZ                  58.45%    passed     56.31%
  55  Micpu_v3.0            47.08%    failed      0.00%
  56  IHJY                  52.88%    failed      0.00%
  57  BWVJ                  50.72%    failed      0.00%
  58  JEBK                  50.72%    failed      0.02%
  59  IEHF                  54.43%    failed      0.00%
  60  CKXF                  51.18%    failed      0.02%
  61  SBLT                  51.18%    failed      0.09%
  62  WEJN                  50.87%    failed      0.23%
  63  UGPM                  50.72%    failed      0.09%
  64  PYDB                  50.79%    passed     10.27%
  65  URSB                  56.98%    failed      2.95%
  66  ZJOJ                  50.17%    passed      7.72%
  67  IKIZ                  51.18%    passed     16.25%
  68  IKWM                  50.10%    failed      2.12%
  69  LJPN                  50.10%    failed      1.29%
  70  VNAL                  50.25%    failed      1.61%
  71  FTRP                  50.02%    failed      2.02%
  72  PWKQ                  51.57%    failed      1.58%
  73  Cyame_v1.0            49.94%    failed      0.00%
  74  JQFK                  48.70%    failed      0.47%
  75  TGNL                  48.09%    passed      5.24%
  76  NPRL                  76.79%    failed      0.01%
  77  OBUY                  64.26%    failed      1.77%
  78  SNOX                  53.19%    passed      5.75%
  79  BOGT                  70.99%    failed      0.46%
  80  NSTT                  52.26%    failed      0.00%
  81  PQED                  71.06%    passed     68.52%
  82  EATP                  61.32%    failed      0.00%
  83  ZNUM                  55.20%    failed      0.00%
  84  SDPC                  69.75%    passed      7.19%
  85  DVYE                  48.63%    failed      0.01%
  86  Chabr_v0.1            47.16%    failed      1.45%
  87  BFIK                  65.96%    failed      0.01%
  88  XOAL                  48.09%    failed      0.00%
  89  RPGL                  62.32%    failed      3.14%
  90  VAZE                  47.78%    failed      0.29%
  91  JOJQ                  47.93%    failed      0.00%
  92  MFZO                  47.70%    failed      0.00%
  93  NBYP                  51.49%    failed      0.00%
  94  HAOX                  67.74%    passed      6.16%
  95  AZZW                  57.37%    passed     16.52%
  96  GXBM                  62.55%    failed      0.00%
  97  MMKU                  69.98%    failed      0.00%
  98  RQFE                  66.42%    failed      2.74%
  99  PYHZ                  55.67%    passed     82.14%
 100  PKOX                  72.46%    passed     73.44%
 101  LGDQ                  54.20%    failed      4.48%
 102  ZZOL                  60.62%    passed     46.30%
 103  Selmo_v1.0            48.47%    passed     13.88%
 104  ZFGK                  75.32%    passed     81.76%
 105  JKAA                  65.96%    passed     26.63%
 106  ZYCD                  51.72%    passed     27.24%
 107  ANON                  47.47%    failed      1.77%
 108  BSNI                  48.09%    passed     10.29%
 109  TWUW                  48.09%    passed     10.29%
 110  FAJB                  47.47%    passed     68.12%
 111  WCZB                  55.67%    passed     51.80%
 112  WEEQ                  52.19%    passed     62.46%
 113  UCRN                  47.31%    passed     21.04%
 114  TCBC                  55.98%    passed     31.99%
 115  AKXB                  60.15%    passed     16.24%
 116  KYIO                  78.65%    failed      0.02%
 117  WDCW                  47.70%    failed      0.00%
 118  ISHC                  61.55%    failed      0.00%
 119  CIEA                  47.62%    passed     17.09%
 120  WBIB                  47.31%    passed     74.71%
 121  PWSG                  47.31%    passed     63.07%
 122  YSQT                  52.50%    failed      0.02%
 123  AOUJ                  70.83%    failed      0.06%
 124  EEAQ                  47.62%    passed     96.34%
 125  MEKP                  65.80%    passed      8.27%
 126  IIOL                  62.01%    passed     62.13%
 127  VSRH                  56.13%    passed     89.84%
 128  MZLD                  68.20%    passed     48.07%
 129  JCMU                  59.38%    passed     50.65%
 130  DCCI                  59.23%    passed     13.43%
 131  YRHD                  43.52%    passed     32.05%
 132  FYUH                  72.38%    passed     80.61%
 133  PHCE                  56.83%    passed     44.66%
 134  IYDF                  69.90%    passed     70.02%
 135  WHNV                  38.18%    passed     73.87%
 136  FUMQ                  79.03%    passed     89.40%
 137  BAHE                  53.89%    passed     77.94%
 138  PUCW                  41.12%    passed     57.22%
 139  Mimgu_v2.0            37.79%    passed     40.80%
 140  SNNC                  77.87%    passed     80.83%
 141  UCNM                  38.26%    passed     41.44%
 142  ATYL                  76.63%    passed     57.25%
 143  MQIV                  38.26%    passed     47.46%
 144  LRRR                  57.91%    passed     48.23%
 145  GETL                  38.26%    passed     56.50%
 146  DTNC                  37.87%    passed     16.01%
 147  RTNA                  57.99%    passed     62.18%
 148  GNPX                  38.26%    passed     26.53%
 149  EJCM                  38.65%    passed     48.03%
 150  OWAS                  46.38%    passed     52.11%
 151  FAMO                  60.70%    passed     95.40%
 152  TKEK                  66.19%    passed     59.38%
 153  XAYK                  56.13%    passed     18.55%
 154  UTQR                  50.17%    passed     45.08%
 155  WOHL                  69.75%    passed     58.23%
 156  EDXZ                  37.87%    passed     33.88%
 157  UMUL                  66.50%    passed     60.88%
 158  DMLT                  38.03%    passed     48.87%
 159  XZUY                  64.80%    passed     94.52%
 160  GNQG                  55.36%    passed     59.78%
 161  KAWQ                  74.00%    passed     51.23%
 162  AWOI                  64.95%    passed     22.60%
 163  Orysa_v7.0            47.47%    passed     94.68%
 164  MOYY                  66.50%    failed      0.01%
 165  TORX                  68.51%    passed     23.57%
 166  Phypa_v3.0            47.85%    passed     14.44%
 167  YEPO                  47.39%    passed     22.76%
 168  YSRZ                  47.62%    passed     31.48%
 169  PPQR                  61.86%    passed     84.07%
 170  RFMZ                  51.26%    passed     85.78%
 171  UOMY                  47.00%    passed     62.66%
 172  OXYP                  72.07%    failed      3.71%
 173  OINM                  65.88%    passed     85.92%
 174  WRPP                  65.03%    passed     45.41%
 175  CMEQ                  66.19%    passed     29.53%
 176  VIBO                  65.73%    passed     72.50%
 177  HGSM                  73.85%    passed     30.93%
 178  XWHK                  75.16%    failed      2.50%
 179  Aquco_v1.1            37.87%    passed      6.41%
 180  ORKS                  70.68%    passed     36.05%
 181  SIBR                  54.20%    passed     48.98%
 182  XXYA                  66.34%    passed     55.22%
 183  DHWX                  55.98%    passed     32.13%
 184  XRLM                  61.24%    passed     37.09%
 185  GRFT                  62.71%    passed     28.76%
 186  XBKS                  67.81%    passed     69.09%
 187  XUAB                  63.09%    passed     37.97%
 188  FWCQ                  76.56%    passed     25.75%
 189  TMAJ                  66.03%    passed     43.74%
 190  IGUH                  69.44%    failed      2.94%
 191  WNGH                  69.90%    passed     15.11%
 192  ALVQ                  66.96%    passed     92.26%
 193  TDTF                  73.46%    passed     13.30%
 194  WTDE                  68.12%    passed     47.60%
 195  KJYC                  68.43%    passed     90.88%
 196  GBVZ                  74.93%    failed      1.01%
 197  WOBD                  38.26%    passed     76.56%
 198  ZZEI                  76.71%    passed     60.34%
 199  CBAE                  74.70%    passed     10.82%
 200  GKAG                  56.05%    passed     52.52%
 201  YHZW                  47.85%    passed     85.98%
 202  CVEG                  76.87%    failed      0.37%
 203  DKFZ                  69.59%    passed     50.46%
 204  PZRT                  57.14%    passed     72.65%
 205  UPMJ                  56.75%    passed     81.04%
 206  NOKI                  53.81%    passed     48.89%
 207  COBX                  58.61%    passed     22.33%
 208  RPPC                  38.65%    passed     52.68%
 209  VVRN                  47.54%    passed     35.26%
 210  HDWF                  37.95%    passed     64.58%
 211  BMIF                  69.44%    passed     31.18%
 212  KJZG                  58.22%    passed     42.22%
 213  ZTLR                  55.90%    passed     59.49%
 214  YNUE                  38.10%    passed     80.76%
 215  UWFU                  76.48%    passed     49.68%
 216  YLJA                  69.75%    passed     21.14%
 217  GYFU                  72.53%    passed     12.24%
 218  IXLH                  65.80%    failed      0.81%
 219  ZQYU                  77.18%    failed      1.82%
 220  OBPL                  77.49%    passed     71.65%
 221  KVFU                  39.34%    passed     64.46%
 222  ZETY                  38.88%    passed     80.41%
 223  QURC                  58.99%    passed     61.98%
 224  RKLL                  38.96%    passed     87.07%
 225  ZCDJ                  38.49%    passed     73.53%
 226  PJSX                  38.65%    passed     71.36%
 227  MTGC                  70.21%    passed     26.15%
 228  QAUE                  38.10%    passed     53.45%
 229  VUSY                  53.04%    passed     84.97%
 230  WGTU                  47.47%    passed     36.58%
 231  FQGQ                  74.55%    passed     17.75%
 232  PTLU                  66.19%    passed     55.31%
 233  VITX                  64.41%    passed     21.43%
 234  UFJN                  47.78%    passed     22.78%
 235  HNDZ                  65.11%    passed     25.64%
 236  LHLE                  49.01%    passed     51.80%
 237  YOWV                  70.68%    passed      5.24%
 238  XXHP                  47.47%    passed     50.42%
 239  JKNQ                  56.29%    passed     87.37%
 240  YJJY                  49.32%    passed     32.31%
 241  SJAN                  68.43%    passed     88.53%
 242  HEGQ                  51.57%    passed     25.58%
 243  VHZV                  37.95%    passed     46.55%
 244  TLCA                  38.10%    passed     97.08%
 245  CJGZ                  70.21%    passed     93.97%
 246  YHLF                  65.26%    passed     91.76%
 247  GVCB                  56.13%    passed     71.65%
 248  IMZV                  37.95%    passed     89.03%
 249  ZINQ                  37.95%    passed     91.42%
 250  ARYD                  38.34%    passed     92.71%
 251  KBRW                  53.11%    passed     78.99%
 252  JEPE                  66.27%    passed     27.18%
 253  BZDF                  38.22%    passed     85.00%
 254  QXWF                  46.23%    failed      1.37%
 255  HXCD                  38.57%    passed      9.69%
 256  ROLB                  48.01%    passed     55.31%
 257  IKFD                  69.75%    passed     45.54%
 258  QZXQ                  77.49%    passed     19.99%
 259  BCAA                  71.99%    passed     74.22%
 260  ZCUA                  76.48%    passed      8.63%
 261  UBLN                  76.09%    passed     17.88%
 262  MKZR                  75.86%    passed     51.44%
 263  TOKV                  73.77%    passed     58.78%
 264  JPDJ                  69.67%    passed     61.53%
 265  RJNQ                  77.72%    passed     65.26%
 266  IDAU                  72.07%    passed     84.73%
 267  UOYN                  78.80%    passed     68.72%
 268  GGJD                  69.59%    passed     64.21%
 269  PUDI                  72.69%    passed     30.26%
 270  ENQF                  73.54%    passed     92.57%
 271  CQPW                  71.06%    passed     31.41%
 272  YQEC                  78.10%    passed     14.19%
 273  KADG                  71.22%    failed      2.99%
 274  HQRJ                  68.67%    passed     43.14%
 275  UJGI                  55.90%    passed     79.72%
 276  AXNH                  37.95%    passed     98.28%
 277  PMTB                  46.00%    passed     53.18%
 278  RPRU                  48.16%    failed      0.00%
 279  BILC                  76.40%    failed      0.00%
 280  TPHT                  76.71%    failed      1.84%
 281  TOXE                  47.39%    passed     62.05%
 282  RPQV                  78.65%    failed      0.00%
 283  ZHMB                  69.67%    passed     92.98%
 284  Spipo_v2              64.10%    passed     87.27%
 285  Klefl_v1.0            48.32%    failed      0.02%
 286  QACK                  75.01%    passed      8.01%
 287  PCNH                  37.79%    passed     51.76%
 288  ZSGF                  38.26%    passed     53.72%
 289  DSUV                  75.63%    passed     10.82%
 290  YADI                  54.74%    passed      5.86%
 291  EDEQ                  38.03%    passed     33.75%
 292  JCLQ                  38.10%    passed     14.82%
 293  YFQX                  38.03%    passed     13.82%
 294  BNCU                  76.48%    passed     64.92%
 295  KUXM                  78.26%    passed     91.80%
 296  PAWA                  47.23%    passed     86.60%
 297  WWQZ                  51.10%    passed     62.23%
 298  WQUF                  37.87%    passed     32.04%
 299  Eucgr_v1.1            57.14%    passed     17.82%
 300  NEBM                  66.65%    passed     56.81%
 301  EBWI                  69.75%    failed      0.00%
 302  SIIK                  37.72%    passed     61.30%
 303  RQUG                  40.81%    passed     52.30%
 304  FALI                  42.05%    passed     78.03%
 305  WPHN                  53.58%    passed     67.01%
 306  DHPO                  48.55%    passed     71.29%
 307  WBOD                  39.65%    passed     64.60%
 308  NNGU                  37.87%    passed     40.27%
 309  QDVW                  54.27%    passed     59.82%
 310  Nelnu_v1.0            50.17%    passed     51.55%
 311  NMGG                  54.04%    passed     78.60%
 312  AUGV                  74.39%    passed     68.27%
 313  EVOD                  38.34%    passed      9.93%
 314  IRAF                  37.64%    passed     11.94%
 315  XMVD                  37.64%    passed     38.64%
 316  XHKT                  53.58%    passed     77.45%
 317  PTFA                  58.61%    passed     90.26%
 318  ODDO                  54.58%    passed     78.49%
 319  VKJD                  72.69%    passed     50.07%
 320  KPTE                  50.95%    passed     92.42%
 321  Theca_v1.1            37.49%    passed     28.08%
 322  OSMU                  69.36%    passed     57.96%
 323  LWCK                  52.73%    passed     96.48%
 324  BOLZ                  75.55%    passed     13.32%
 325  AIOU                  57.14%    passed     49.40%
 326  JNVS                  38.57%    passed     40.04%
 327  LQJY                  66.27%    passed     58.62%
 328  NMDZ                  76.79%    passed     38.10%
 329  Solly_iTAGv2.3        38.18%    passed     23.37%
 330  GHLP                  38.18%    passed     32.96%
 331  Carpa_ASGPBv0.4       37.95%    passed     91.22%
 332  NFXV                  38.80%    passed     75.78%
 333  QZZU                  71.30%    passed     19.93%
 334  CWYJ                  53.04%    passed     91.75%
 335  JTRM                  40.04%    passed     54.18%
 336  FFFY                  60.46%    passed     25.42%
 337  GSZA                  75.55%    passed     35.43%
 338  BFJL                  37.95%    passed     39.73%
 339  IHPC                  50.10%    passed     52.06%
 340  ZJRC                  67.43%    passed     30.67%
 341  HLJG                  58.84%    passed     69.99%
 342  NTEO                  66.34%    passed     49.59%
 343  SALZ                  55.59%    passed     40.82%
 344  QIKZ                  37.64%    passed     45.06%
 345  AJFN                  38.26%    passed     57.20%
 346  EDBB                  37.79%    passed     27.80%
 347  TPEM                  57.14%    passed     44.55%
 348  AUIP                  38.49%    passed     34.70%
 349  IXVJ                  60.77%    passed     40.44%
 350  CZPV                  38.10%    passed     72.95%
 351  HYZL                  38.18%    passed     54.80%
 352  SUAK                  67.74%    passed     83.60%
 353  KNMB                  75.78%    passed     21.86%
 354  TTRG                  58.22%    passed     76.24%
 355  HJMP                  55.82%    passed     40.09%
 356  Phavu_v1.0            39.26%    passed     95.65%
 357  VLNB                  38.65%    passed     83.78%
 358  ZSSR                  57.68%    passed     46.30%
 359  UPOG                  74.16%    passed     43.03%
 360  TVSH                  78.96%    passed     56.96%
 361  DFYF                  53.97%    passed     58.61%
 362  SXML                  37.87%    passed     68.85%
 363  ASMV                  40.12%    passed     69.61%
 364  Vitvi_Genoscope.12X   38.18%    passed     63.65%
 365  ATFX                  73.38%    passed     70.88%
 366  TIUZ                  37.95%    passed     12.22%
 367  THHD                  37.95%    passed     32.65%
 368  OQHZ                  55.90%    passed     34.92%
 369  QUTB                  37.56%    passed     69.24%
 370  HAEU                  37.56%    passed     90.98%
 371  NUZN                  52.57%    passed     88.96%
 372  FYTP                  77.79%    passed     90.87%
 373  GTHK                  60.54%    passed     66.22%
 374  EHNF                  67.66%    passed     72.82%
 375  IUSR                  56.05%    passed     37.93%
 376  XZME                  57.99%    passed     18.27%
 377  MTHW                  47.85%    passed      7.50%
 378  LELS                  47.70%    failed      1.46%
 379  VTUS                  48.16%    failed      4.25%
 380  WOGB                  64.10%    passed     74.68%
 381  Ambtr_v1.0.27         47.00%    passed     51.04%
 382  URDJ                  52.65%    passed     53.15%
 383  LLQV                  64.49%    passed     87.58%
 384  KDCH                  40.97%    passed     75.54%
 385  LDEL                  57.14%    passed     94.59%
 386  CPLT                  71.99%    passed     91.18%
 387  SCAO                  75.24%    passed     88.80%
 388  OMYK                  73.00%    passed     80.76%
 389  HZTS                  49.86%    passed     92.43%
 390  EDIT                  55.98%    passed     38.05%
 391  AZBL                  78.96%    passed     17.26%
 392  FZQN                  68.43%    passed     39.79%
 393  OLES                  39.34%    passed     29.36%
 394  WGET                  74.39%    passed     13.77%
 395  XSSD                  40.66%    passed     12.02%
 396  ZBPY                  47.93%    passed     26.71%
 397  PDQH                  49.48%    passed     20.25%
 398  EYRD                  67.97%    passed     31.69%
 399  OHKC                  57.76%    passed     27.79%
 400  SMMC                  57.29%    passed      8.88%
 401  CBJR                  39.19%    passed     30.25%
 402  ONLQ                  46.38%    passed     19.65%
 403  AAXJ                  39.26%    passed     39.44%
 404  SKQD                  78.26%    passed     33.07%
 405  SWPE                  72.07%    passed     78.31%
 406  PIVW                  60.31%    failed      2.74%
 407  YBQN                  65.26%    passed     81.95%
 408  IRBN                  47.93%    passed     82.06%
 409  YMES                  54.74%    passed     93.86%
 410  ZTHV                  47.54%    passed     33.38%
 411  UAXP                  37.72%    passed     80.83%
 412  RTTY                  37.87%    passed     86.03%
 413  QSKP                  74.93%    passed     80.72%
 414  UPZX                  60.15%    passed     96.15%
 415  LVUS                  53.89%    passed     94.00%
 416  HRWG                  47.47%    passed     35.03%
 417  HVBQ                  47.31%    passed     23.97%
 418  Elagu_v2.0            60.74%    passed     88.34%
 419  PIUF                  47.16%    passed     53.91%
 420  TXVB                  58.45%    passed     25.95%
 421  QOXT                  68.82%    passed     65.94%
 422  SILJ                  58.45%    passed     25.33%
 423  HPXA                  51.26%    passed     21.09%
 424  XPBC                  71.68%    failed      0.50%
 425  CVDF                  37.87%    passed     46.69%
 426  VYLQ                  38.34%    passed     74.48%
 427  SJEV                  64.41%    passed     30.05%
 428  TFYI                  76.63%    passed     74.23%
 429  HMHL                  47.62%    passed     89.94%
 430  JPYU                  57.06%    passed     95.03%
 431  Musac_v1.0            49.86%    passed     77.31%
 432  VVVV                  68.20%    passed     65.52%
 433  DGXS                  48.55%    passed     39.43%
 434  OOSO                  47.39%    passed     29.99%
 435  VNMY                  50.02%    passed     34.92%
 436  Poptr_v3.0            39.57%    failed      3.44%
 437  GLVK                  37.72%    passed      5.67%
 438  LFOG                  47.00%    passed     14.17%
 439  KKDQ                  37.72%    passed      6.92%
 440  IEPQ                  37.72%    passed      7.67%
 441  BSVG                  48.63%    passed     48.04%
 442  LTZF                  55.67%    passed     60.48%
 443  COAQ                  52.34%    passed     89.71%
 444  EZZT                  59.69%    passed     44.74%
 445  SIZE                  37.95%    passed     31.08%
 446  MZOB                  61.16%    passed     16.54%
 447  DIHD                  61.32%    passed     74.65%
 448  NIGS                  57.21%    passed     23.02%
 449  XVRU                  76.48%    passed     14.40%
 450  OEKO                  57.14%    passed     45.35%
 451  RHAU                  38.41%    failed      3.52%
 452  HWUP                  47.00%    passed     88.15%
 453  NXTS                  56.13%    passed     95.16%
 454  NDUV                  53.66%    passed     30.69%
 455  SKYV                  56.05%    passed     13.69%
 456  HABV                  74.39%    passed     73.65%
 457  TZWR                  56.36%    passed     64.88%
 458  WKCY                  39.42%    passed     27.59%
 459  RVGH                  38.03%    passed     44.59%
 460  FZJL                  37.72%    passed     67.20%
 461  OBTI                  38.10%    passed     11.37%
 462  LEMW                  47.31%    passed     75.68%
 463  WCQU                  73.77%    failed      0.03%
 464  XTZO                  74.24%    passed     14.09%
 465  RSCE                  64.56%    passed     86.46%
 466  ACWS                  53.50%    passed     48.45%
 467  MIXZ                  70.83%    passed      9.90%
 468  POPJ                  53.50%    passed     67.82%
 469  AHRN                  77.72%    passed     70.97%
 470  HNCF                  37.95%    passed     60.88%
 471  GIWN                  71.37%    passed     92.60%
 472  WJLO                  75.40%    passed     90.26%
 473  PUAN                  78.18%    passed      5.13%
 474  UHLI                  77.25%    passed     35.03%
 475  RCAH                  67.43%    passed     38.15%
 476  EMJJ                  52.50%    passed     37.15%
 477  KYAD                  38.10%    passed     84.18%
 478  BJSW                  39.88%    passed     61.87%
 479  AQGE                  77.79%    passed     77.88%
 480  EMAL                  39.50%    passed     74.08%
 481  HUQC                  62.09%    passed     85.27%
 482  CCID                  55.13%    passed     68.47%
 483  XVJB                  74.70%    passed     78.94%
 484  UHBY                  72.07%    passed     35.65%
 485  VZCI                  67.04%    passed     67.99%
 486  BSEY                  38.10%    passed     68.67%
 487  XHHU                  47.00%    passed     68.51%
 488  GNRI                  66.27%    passed     82.04%
 489  BVOF                  38.34%    passed     47.32%
 490  BHYC                  38.34%    passed     45.38%
 491  AEPI                  67.43%    passed     70.48%
 492  BKQU                  77.10%    passed     65.98%
 493  YHFG                  59.30%    passed     44.73%
 494  EDHN                  48.32%    passed     96.91%
 495  Sorbi_v2.1            47.39%    passed     95.70%
 496  ROEI                  51.80%    passed     31.46%
 497  TJLC                  53.19%    passed     83.79%
 498  BMJR                  47.54%    passed     31.56%
 499  YCKE                  70.44%    passed     19.07%
 500  DCDT                  63.09%    passed      7.11%
 501  GSXD                  47.39%    passed     87.46%
 502  XDDT                  47.85%    passed     78.77%
 503  RMMV                  48.32%    passed     19.37%
 504  YYPE                  47.16%    passed     16.67%
 505  ZQVF                  56.29%    passed     40.60%
 506  NRXL                  62.94%    passed     19.37%
 507  XIRK                  76.32%    passed     27.77%
 508  QSNJ                  67.12%    passed     69.84%
 509  GMHZ                  67.50%    passed     46.41%
 510  FHST                  66.42%    passed     13.03%
 511  OXGJ                  47.62%    passed     42.69%
 512  TRRQ                  66.34%    passed     73.33%
 513  OAGK                  70.06%    passed     35.32%
 514  DUQG                  57.29%    passed     40.54%
 515  GUMF                  51.72%    passed     59.72%
 516  WAXR                  53.73%    passed     39.86%
 517  AQZD                  64.02%    passed     64.61%
 518  FCCA                  60.62%    passed     75.63%
 519  TEZA                  76.87%    passed     31.26%
 520  DESP                  51.57%    passed     24.87%
 521  MHYG                  38.88%    failed      1.28%
 522  DXQW                  55.44%    passed     80.12%
 523  JHUL                  75.01%    passed     31.46%
 524  ICNN                  47.00%    passed     29.74%
 525  KXSK                  64.26%    passed     53.59%
 526  GDZS                  66.58%    passed     81.47%
 527  VMXJ                  67.12%    passed      8.15%
 528  RGKI                  49.48%    passed     24.61%
 529  Arath_TAIR10          38.26%    passed     70.18%
 530  UGNK                  78.80%    passed     19.95%
 531  UZWG                  37.56%    passed     77.67%
 532  NHUA                  37.56%    passed     75.41%
 533  RJIM                  57.37%    passed     39.78%
 534  NGTD                  76.48%    passed      9.87%
 535  KEFD                  52.50%    passed     41.87%
 536  YFGP                  77.25%    passed     54.53%
 537  WCLG                  71.76%    passed     14.47%
 538  Prupe_v1.0            38.10%    passed     94.35%
 539  NVGZ                  47.23%    passed     72.48%
 540  SVVG                  55.28%    passed     94.05%
 541  NBMW                  38.10%    passed     32.53%
 542  POZS                  39.30%    passed     33.72%
 543  EYKJ                  68.59%    passed     37.20%
 544  PQTO                  51.64%    passed     94.24%
 545  JETM                  38.10%    passed     52.70%
 546  BPSG                  47.31%    passed     14.69%
 547  Betvu_v1.1            40.81%    passed     22.39%
 548  BPKH                  54.27%    passed     74.07%
 549  JAFJ                  46.69%    passed     27.66%
 550  WAFT                  58.84%    passed     42.51%
 551  NJLF                  56.60%    passed     33.43%
 552  JGAB                  59.61%    passed     28.43%
 553  EGOS                  57.83%    passed     22.18%
 554  WVWN                  47.23%    passed     58.66%
 555  WAIL                  38.03%    passed     96.48%
 556  MVRF                  52.42%    passed     18.21%
 557  JZVE                  46.85%    passed     48.29%
 558  CDFR                  53.35%    passed     30.59%
 559  ZQWM                  50.79%    passed     44.15%
 560  VFFP                  37.72%    passed     26.15%
 561  YKZB                  75.94%    passed     44.64%
 562  RXEN                  77.79%    passed     16.16%
 563  HILW                  57.14%    passed     34.39%
 564  QCGM                  72.15%    passed     35.84%
 565  BIDT                  52.26%    failed      2.21%
 566  SCEB                  46.69%    passed     64.01%
 567  XLGK                  46.85%    passed     74.66%
 568  BTTS                  47.23%    passed     32.35%
 569  VYDM                  71.30%    passed     62.37%
 570  TZNS                  70.99%    passed     67.53%
 571  VGHH                  66.65%    passed     30.60%
 572  LWDA                  37.87%    passed     80.87%
 573  Manes_v4.1            47.85%    passed     32.07%
 574  HANM                  37.95%    passed     86.98%
 575  WQML                  69.98%    passed     53.98%
 576  WQRD                  70.14%    passed     94.62%
 577  XNXF                  70.83%    passed     93.20%
 578  VDKG                  77.87%    passed     18.66%
 579  ZMGN                  47.23%    passed     83.74%
 580  NNOK                  60.00%    passed     17.61%
 581  SMUR                  79.03%    passed     70.89%
 582  WCOR                  79.11%    passed     76.27%
 583  ZQRI                  72.69%    passed     21.68%
 584  VGSX                  46.77%    passed     56.51%
 585  XQRV                  67.97%    passed     13.14%
 586  RQNK                  37.95%    passed     25.25%
 587  QCOU                  37.95%    passed     25.49%
 588  VQYB                  51.26%    passed     43.15%
 589  BEKN                  37.95%    passed     15.38%
 590  LYPZ                  66.27%    passed     42.16%
 591  RFSD                  77.33%    passed     10.48%
 592  TJQY                  76.87%    passed     46.27%
 593  UYED                  47.70%    passed      8.54%
 594  YRBQ                  38.72%    passed     16.35%
 595  QSLH                  38.26%    passed     31.49%
 596  DZQM                  55.59%    passed     71.64%
 597  VJPU                  51.64%    passed     58.85%
 598  QHBI                  65.80%    passed     37.95%
 599  QICX                  71.91%    passed     61.15%
 600  HTIP                  77.18%    passed     91.42%
 601  CWZU                  73.31%    passed     84.58%
 602  HENI                  73.31%    passed     84.08%
 603  XMQO                  73.15%    passed     42.93%
 604  HBHB                  69.98%    passed     59.43%
 605  ACFP                  70.75%    passed     72.55%
 606  RKFX                  70.75%    passed     43.47%
 607  DAYQ                  69.28%    passed     72.33%
 608  ZPKK                  76.94%    passed     39.14%
 609  XGFU                  65.73%    passed     78.38%
 610  NVSO                  76.32%    passed     12.13%
 611  VGVI                  71.14%    passed     84.65%
 612  WVEF                  74.08%    passed     83.72%
 613  EMBR                  74.62%    passed     40.12%
 614  HRUR                  77.64%    passed     57.82%
 615  WEAC                  70.75%    passed     54.35%
 616  VMNH                  75.09%    passed     91.47%
 617  ZBTA                  78.96%    passed     59.17%
 618  SFKQ                  73.69%    passed     90.93%
 619  LKKX                  78.96%    passed     88.41%
 620  FVXD                  76.48%    passed      5.52%
 621  SSDU                  64.56%    failed      0.99%
 622  MAQO                  72.92%    passed      5.75%
 623  DZTK                  70.99%    passed     52.14%
 624  XNLP                  73.00%    passed     85.88%
 625  VVPY                  77.02%    passed     35.72%
 626  ZBVT                  69.59%    passed     21.42%
 627  LPGY                  74.08%    passed     34.16%
 628  CKDK                  77.41%    passed     75.44%
 629  MYVH                  69.75%    passed     17.57%
 630  KCPT                  78.88%    passed     65.72%
 631  TXMP                  75.86%    passed     65.83%
 632  UUHD                  75.01%    passed     42.71%
 633  XSZI                  69.21%    passed     70.80%
 634  WZYK                  77.56%    passed     81.97%
 635  ZYAX                  70.60%    passed     25.13%
 636  XQSG                  74.93%    passed     28.80%
 637  JRNA                  73.93%    passed     44.83%
 638  MHGD                  73.00%    passed     15.35%
 639  UUJS                  69.44%    passed     33.81%
 640  IZGN                  75.71%    passed     27.10%
 641  KLGF                  73.62%    passed     34.00%
 642  BBDD                  76.17%    passed     12.56%
 643  AWQB                  76.32%    passed     94.82%
 644  MFTM                  74.39%    passed     94.47%
 645  HOKG                  69.52%    passed     57.00%
 646  FGRF                  76.25%    passed     36.04%
 647  RDYY                  77.87%    passed     79.68%
 648  FCEL                  73.54%    passed     65.01%
 649  MUMD                  73.23%    passed     48.44%
 650  BYPY                  69.67%    passed     47.22%
 651  RCBT                  72.53%    passed     89.09%
 652  ZENX                  77.18%    passed     31.01%
 653  BSTR                  70.44%    passed     50.43%
 654  ILBQ                  71.68%    passed     66.51%
 655  HERT                  71.14%    passed     85.97%
 656  YOXI                  75.24%    failed      3.96%
 657  DFHO                  75.40%    passed     36.43%
 658  ZRMT                  70.68%    passed      7.71%
 659  FPCO                  70.99%    passed     41.07%
 660  ROWR                  78.03%    passed     19.01%
WARNING: 445 sequences contain more than 50% gaps/ambiguity
****  TOTAL                 58.02%  120 sequences failed composition chi2 test (p-value<5%; df=3)
NOTE: TWUW is identical to BSNI but kept for subsequent analysis

NOTE: Restoring information from model checkpoint file /home/laurel/Downloads/genes_FAA/4519/4519-MUSCLE/4519-muscle.afa.model.gz

CHECKPOINT: Initial tree restored
Perform fast likelihood tree search using GTR+I+G model...
CHECKPOINT: Tree restored, LogL: -284082.529
NOTE: ModelFinder requires 505 MB RAM!
ModelFinder will test up to 286 DNA models (sample size: 2585) ...
 No. Model         -LnL         df  AIC          AICc         BIC
  1  GTR+F         306476.455   1325 615602.910   618393.934   623364.072
  2  GTR+F+I       306165.200   1326 614982.400   617779.859   622749.420
  3  GTR+F+G4      283883.742   1326 570419.484   573216.943   578186.503
  4  GTR+F+I+G4    283851.415   1327 570356.831   573160.739   578129.708
  5  GTR+F+R2      288344.348   1327 579342.695   582146.603   587115.572
  6  GTR+F+R3      284769.350   1329 572196.700   575013.544   579981.292
  7  GTR+F+R4      283750.107   1331 570162.214   572992.050   577958.521
  8  GTR+F+R5      283267.844   1333 569201.688   572044.569   577009.710
  9  GTR+F+R6      283068.479   1335 568806.957   571662.938   576626.694
 10  GTR+F+R7      282975.520   1337 568625.041   571494.177   576456.493
 11  GTR+F+R8      282925.319   1339 568528.638   571410.983   576371.805
 12  GTR+F+R9      282902.529   1341 568487.058   571382.668   576341.940
 13  GTR+F+R10     282895.147   1343 568476.293   571385.225   576342.890
 25  SYM+R9        282799.755   1338 568275.511   571151.244   576112.820
 26  SYM+R10       282794.753   1340 568269.506   571158.477   576118.530
 38  TVM+F+R9      282962.255   1340 568604.510   571493.481   576453.534
 39  TVM+F+R10     282953.726   1342 568591.453   571493.717   576452.192
 51  TVMe+R9       282931.591   1337 568537.183   571406.319   576368.635
 52  TVMe+R10      282923.455   1339 568524.911   571407.256   576368.078
 64  TIM3+F+R9     282971.623   1339 568621.247   571503.592   576464.414
 65  TIM3+F+R10    282964.539   1341 568611.077   571506.688   576465.959
 77  TIM3e+R9      282840.470   1336 568352.939   571215.491   576178.534
 78  TIM3e+R10     282835.526   1338 568347.053   571222.787   576184.362
 90  TIM2+F+R9     283363.962   1339 569405.923   572288.269   577249.090
 91  TIM2+F+R10    283352.084   1341 569386.168   572281.778   577241.049
103  TIM2e+R9      283075.634   1336 568823.268   571685.819   576648.863
104  TIM2e+R10     283067.182   1338 568810.363   571686.097   576647.672
116  TIM+F+R9      283421.542   1339 569521.085   572403.430   577364.251
117  TIM+F+R10     283412.887   1341 569507.774   572403.385   577362.656
129  TIMe+R9       283104.440   1336 568880.880   571743.431   576706.474
130  TIMe+R10      283095.958   1338 568867.916   571743.649   576705.225
142  TPM3u+F+R9    283033.560   1338 568743.120   571618.854   576580.429
143  TPM3u+F+R10   283023.712   1340 568727.424   571616.395   576576.448
155  TPM3+F+R9     283033.560   1338 568743.120   571618.854   576580.429
156  TPM3+F+R10    283023.712   1340 568727.424   571616.395   576576.448
168  TPM2u+F+R9    283420.702   1338 569517.404   572393.137   577354.713
169  TPM2u+F+R10   283410.168   1340 569500.336   572389.307   577349.360
181  TPM2+F+R9     283420.702   1338 569517.404   572393.137   577354.713
182  TPM2+F+R10    283410.168   1340 569500.336   572389.307   577349.360
194  K3Pu+F+R9     283479.518   1338 569635.036   572510.770   577472.346
195  K3Pu+F+R10    283470.175   1340 569620.350   572509.321   577469.374
207  K3P+R9        283228.697   1335 569127.393   571983.374   576947.130
208  K3P+R10       283220.421   1337 569114.843   571983.978   576946.294
220  TN+F+R9       283424.421   1338 569524.843   572400.576   577362.152
221  TN+F+R10      283416.133   1340 569512.266   572401.237   577361.290
233  TNe+R9        283108.240   1335 568886.480   571742.460   576706.216
234  TNe+R10       283099.846   1337 568873.692   571742.827   576705.144
246  HKY+F+R9      283482.532   1337 569639.064   572508.200   577470.516
247  HKY+F+R10     283473.037   1339 569624.074   572506.419   577467.241
259  K2P+R9        283232.553   1334 569133.106   571982.530   576946.985
260  K2P+R10       283224.145   1336 569120.291   571982.842   576945.885
272  F81+F+R9      286730.786   1336 576133.571   578996.123   583959.166
273  F81+F+R10     286720.448   1338 576116.895   578992.629   583954.205
285  JC+R9         286613.284   1333 575892.567   578735.448   583700.589
286  JC+R10        286604.637   1335 575879.274   578735.255   583699.011
Akaike Information Criterion:           SYM+R10
Corrected Akaike Information Criterion: SYM+R9
Bayesian Information Criterion:         SYM+R9
Best-fit model: SYM+R9 chosen according to BIC

All model information printed to /home/laurel/Downloads/genes_FAA/4519/4519-MUSCLE/4519-muscle.afa.model.gz
CPU time for ModelFinder: 4268.372 seconds (1h:11m:8s)
Wall-clock time for ModelFinder: 4281.566 seconds (1h:11m:21s)

NOTE: 454 MB RAM (0 GB) is required!
Estimate model parameters (epsilon = 0.100)
1. Initial log-likelihood: -282799.755
Optimal log-likelihood: -282799.654
Rate parameters:  A-C: 1.59551  A-G: 3.15323  A-T: 1.20918  C-G: 1.48228  C-T: 2.44727  G-T: 1.00000
Base frequencies:  A: 0.250  C: 0.250  G: 0.250  T: 0.250
Site proportion and rates:  (0.105,0.057) (0.115,0.164) (0.100,0.311) (0.102,0.522) (0.135,0.769) (0.123,1.092) (0.152,1.534) (0.122,2.159) (0.048,3.309)
Parameters optimization took 1 rounds (17.913 sec)
Computing ML distances based on estimated model parameters... 18.677 sec
Computing BIONJ tree...
0.629 seconds
Log-likelihood of BIONJ tree: -286388.798
--------------------------------------------------------------------
|             INITIALIZING CANDIDATE TREE SET                      |
--------------------------------------------------------------------
Generating 98 parsimony trees... 87.275 second
Computing log-likelihood of 98 initial trees ... 151.521 seconds
Current best score: -282799.654

Do NNI search on 20 best initial trees
Estimate model parameters (epsilon = 0.100)
BETTER TREE FOUND at iteration 1: -282758.271
Estimate model parameters (epsilon = 0.100)
BETTER TREE FOUND at iteration 2: -282609.941
Estimate model parameters (epsilon = 0.100)
BETTER TREE FOUND at iteration 3: -282605.614
Estimate model parameters (epsilon = 0.100)
BETTER TREE FOUND at iteration 4: -282593.344
Iteration 10 / LogL: -282699.927 / Time: 0h:17m:22s
Iteration 20 / LogL: -282759.179 / Time: 0h:24m:35s
Finish initializing candidate tree set (20)
Current best tree score: -282593.344 / CPU time: 1402.082
Number of iterations: 20
--------------------------------------------------------------------
|               OPTIMIZING CANDIDATE TREE SET                      |
--------------------------------------------------------------------
Estimate model parameters (epsilon = 0.100)
BETTER TREE FOUND at iteration 22: -282575.183
Estimate model parameters (epsilon = 0.100)
BETTER TREE FOUND at iteration 28: -282563.176
BETTER TREE FOUND at iteration 30: -282563.167
Iteration 30 / LogL: -282563.167 / Time: 0h:30m:27s (1h:45m:2s left)
Estimate model parameters (epsilon = 0.100)
BETTER TREE FOUND at iteration 34: -282559.719
Estimate model parameters (epsilon = 0.100)
BETTER TREE FOUND at iteration 37: -282511.557
Iteration 40 / LogL: -282565.642 / Time: 0h:36m:9s (1h:29m:55s left)
Estimate model parameters (epsilon = 0.100)
BETTER TREE FOUND at iteration 48: -282502.561
Iteration 50 / LogL: -282524.248 / Time: 0h:41m:26s (1h:22m:52s left)
Estimate model parameters (epsilon = 0.100)
BETTER TREE FOUND at iteration 54: -282491.673
Iteration 60 / LogL: -282558.110 / Time: 0h:46m:34s (1h:14m:11s left)
Estimate model parameters (epsilon = 0.100)
BETTER TREE FOUND at iteration 61: -282459.834
Iteration 70 / LogL: -282495.659 / Time: 0h:51m:43s (1h:8m:13s left)
Iteration 80 / LogL: -282546.626 / Time: 0h:55m:43s (0h:57m:8s left)
Iteration 90 / LogL: -282509.946 / Time: 0h:59m:57s (0h:47m:50s left)
Iteration 100 / LogL: -282500.858 / Time: 1h:4m:3s (0h:39m:27s left)
Iteration 110 / LogL: -282517.051 / Time: 1h:8m:15s (0h:31m:56s left)
Iteration 120 / LogL: -282484.854 / Time: 1h:12m:33s (0h:24m:59s left)
Iteration 130 / LogL: -282514.235 / Time: 1h:18m:12s (0h:18m:47s left)
Iteration 140 / LogL: -282469.940 / Time: 1h:22m:13s (0h:12m:25s left)
Iteration 150 / LogL: -282484.251 / Time: 1h:26m:43s (0h:6m:24s left)
Estimate model parameters (epsilon = 0.100)
BETTER TREE FOUND at iteration 152: -282457.310
Iteration 160 / LogL: -282524.138 / Time: 1h:31m:26s (0h:52m:54s left)
Iteration 170 / LogL: -282473.484 / Time: 1h:35m:19s (0h:46m:15s left)
Estimate model parameters (epsilon = 0.100)
BETTER TREE FOUND at iteration 174: -282456.770
Estimate model parameters (epsilon = 0.100)
BETTER TREE FOUND at iteration 179: -282455.075
Iteration 180 / LogL: -282578.061 / Time: 1h:40m:21s (0h:55m:30s left)
Iteration 190 / LogL: -282481.195 / Time: 1h:44m:15s (0h:49m:5s left)
Estimate model parameters (epsilon = 0.100)
BETTER TREE FOUND at iteration 194: -282454.780
Iteration 200 / LogL: -282477.864 / Time: 1h:49m:30s (0h:51m:43s left)
Iteration 210 / LogL: -282494.773 / Time: 1h:54m:14s (0h:45m:54s left)
Iteration 220 / LogL: -282485.333 / Time: 1h:58m:56s (0h:40m:11s left)
Estimate model parameters (epsilon = 0.100)
BETTER TREE FOUND at iteration 229: -282452.740
Iteration 230 / LogL: -282528.950 / Time: 2h:4m:29s (0h:53m:49s left)
Estimate model parameters (epsilon = 0.100)
BETTER TREE FOUND at iteration 235: -282446.647
Iteration 240 / LogL: -282465.949 / Time: 2h:8m:43s (0h:51m:10s left)
Iteration 250 / LogL: -282490.243 / Time: 2h:13m:36s (0h:45m:36s left)
Iteration 260 / LogL: -282502.322 / Time: 2h:17m:28s (0h:39m:48s left)
Iteration 270 / LogL: -282535.699 / Time: 2h:22m:34s (0h:34m:27s left)
Iteration 280 / LogL: -282482.293 / Time: 2h:26m:43s (0h:28m:55s left)
Estimate model parameters (epsilon = 0.100)
BETTER TREE FOUND at iteration 285: -282441.784
Iteration 290 / LogL: -282560.711 / Time: 2h:31m:14s (0h:49m:43s left)
Estimate model parameters (epsilon = 0.100)
BETTER TREE FOUND at iteration 293: -282440.724
Iteration 300 / LogL: -282611.161 / Time: 2h:35m:59s (0h:48m:31s left)
Iteration 310 / LogL: -282545.015 / Time: 2h:40m:1s (0h:42m:59s left)
Iteration 320 / LogL: -282546.311 / Time: 2h:44m:6s (0h:37m:33s left)
Iteration 330 / LogL: -282458.264 / Time: 2h:48m:17s (0h:32m:13s left)
Estimate model parameters (epsilon = 0.100)
BETTER TREE FOUND at iteration 334: -282431.976
Iteration 340 / LogL: -282465.419 / Time: 2h:53m:30s (0h:48m:6s left)
Iteration 350 / LogL: -282508.247 / Time: 2h:57m:17s (0h:42m:40s left)
Iteration 360 / LogL: -282473.008 / Time: 3h:1m:38s (0h:37m:26s left)
Iteration 370 / LogL: -282550.546 / Time: 3h:5m:24s (0h:32m:9s left)
Iteration 380 / LogL: -282471.244 / Time: 3h:9m:59s (0h:27m:4s left)
Iteration 390 / LogL: -282471.889 / Time: 3h:13m:52s (0h:21m:55s left)
Iteration 400 / LogL: -282482.281 / Time: 3h:18m:13s (0h:16m:53s left)
Iteration 410 / LogL: -282451.509 / Time: 3h:22m:6s (0h:11m:51s left)
Iteration 420 / LogL: -282501.445 / Time: 3h:26m:56s (0h:6m:54s left)
Iteration 430 / LogL: -282455.300 / Time: 3h:30m:44s (0h:1m:57s left)
TREE SEARCH COMPLETED AFTER 435 ITERATIONS / Time: 3h:33m:33s

--------------------------------------------------------------------
|                    FINALIZING TREE SEARCH                        |
--------------------------------------------------------------------
Performs final model parameters optimization
Estimate model parameters (epsilon = 0.010)
1. Initial log-likelihood: -282431.976
2. Current log-likelihood: -282431.939
3. Current log-likelihood: -282431.906
4. Current log-likelihood: -282431.893
5. Current log-likelihood: -282431.882
Optimal log-likelihood: -282431.867
Rate parameters:  A-C: 1.59756  A-G: 3.15277  A-T: 1.20808  C-G: 1.48442  C-T: 2.45493  G-T: 1.00000
Base frequencies:  A: 0.250  C: 0.250  G: 0.250  T: 0.250
Site proportion and rates:  (0.100,0.054) (0.114,0.154) (0.106,0.303) (0.108,0.525) (0.130,0.777) (0.117,1.086) (0.147,1.505) (0.129,2.134) (0.050,3.290)
Parameters optimization took 5 rounds (50.584 sec)
BEST SCORE FOUND : -282431.867
Total tree length: 114.185

Total number of iterations: 435
CPU time used for tree search: 12699.139 sec (3h:31m:39s)
Wall-clock time used for tree search: 12740.112 sec (3h:32m:20s)
Total CPU time used: 12822.849 sec (3h:33m:42s)
Total wall-clock time used: 12864.236 sec (3h:34m:24s)

Analysis results written to: 
  IQ-TREE report:                /home/laurel/Downloads/genes_FAA/4519/4519-MUSCLE/4519-muscle.afa.iqtree
  Maximum-likelihood tree:       /home/laurel/Downloads/genes_FAA/4519/4519-MUSCLE/4519-muscle.afa.treefile
  Likelihood distances:          /home/laurel/Downloads/genes_FAA/4519/4519-MUSCLE/4519-muscle.afa.mldist
  Screen log file:               /home/laurel/Downloads/genes_FAA/4519/4519-MUSCLE/4519-muscle.afa.log

Date and Time: Thu Apr  4 23:48:51 2024
