IQ-TREE multicore version 2.0.7 for Linux 64-bit built Jan 21 2022
Developed by Bui Quang Minh, Nguyen Lam Tung, Olga Chernomor,
Heiko Schmidt, Dominik Schrempf, Michael Woodhams.

Host:    laurel-virtual-machine (AVX512, FMA3, 3 GB RAM)
Command: iqtree2 -s /home/laurel/Downloads/genes_FAA/4691/4691-KALIGN/4691-kalign.afa
Seed:    887516 (Using SPRNG - Scalable Parallel Random Number Generator)
Time:    Tue Apr 16 22:47:57 2024
Kernel:  AVX+FMA - 1 threads (2 CPU cores detected)

HINT: Use -nt option to specify number of threads because your CPU has 2 cores!
HINT: -nt AUTO will automatically determine the best number of threads to use.

Reading alignment file /home/laurel/Downloads/genes_FAA/4691/4691-KALIGN/4691-kalign.afa ... Fasta format detected
Alignment most likely contains DNA/RNA sequences
WARNING: 6 sites contain only gaps or ambiguous characters.
Alignment has 1092 sequences with 731 columns, 606 distinct patterns
443 parsimony-informative, 63 singleton sites, 225 constant sites
                     Gap/Ambiguity  Composition  p-value
   1  SUAK                  41.18%    passed     95.00%
   2  KBXS                  50.21%    passed     42.46%
   3  HENI                  39.26%    passed     63.61%
   4  POPJ                  51.30%    passed     89.53%
   5  VJDZ                  50.21%    failed      4.09%
   6  XMVD                  45.01%    passed     92.16%
   7  DHWX                  57.05%    passed     82.60%
   8  FALI                  41.72%    passed     77.99%
   9  BLAJ                  40.63%    passed     88.90%
  10  PAZJ                  40.08%    passed     82.61%
  11  WGET                  40.90%    passed     96.67%
  12  BAKF                  66.35%    passed     67.75%
  13  UPZX                  40.63%    passed     88.48%
  14  ATYL                  43.37%    passed     78.96%
  15  UQCB                  40.90%    passed     85.06%
  16  ERIA                  41.18%    passed     98.87%
  17  SRSQ                  59.51%    passed     82.77%
  18  IZGN                  48.56%    passed     49.95%
  19  FCHS                  54.31%    passed     94.26%
  20  GBVZ                  40.63%    passed     18.94%
  21  STKJ                  57.32%    passed     77.81%
  22  SZPD                  40.08%    passed     80.30%
  23  NQYP                  50.21%    failed      0.08%
  24  VBMM                  57.32%    passed     86.28%
  25  QVMR                  51.03%    passed     41.77%
  26  EDHN                  40.63%    passed     78.78%
  27  IEHF                  57.32%    failed      0.32%
  28  WQUF                  40.63%    passed     74.56%
  29  NPRL                  58.14%    passed     93.43%
  30  TTRG                  41.18%    passed     65.61%
  31  GYBH                  52.12%    passed     73.87%
  32  EWXK                  51.03%    passed     81.03%
  33  QXWF                  41.18%    passed     52.56%
  34  Ambtr_v1.0.27         45.01%    passed     69.32%
  35  IHJY                  54.86%    failed      0.80%
  36  XSSD                  41.18%    passed     86.80%
  37  AKCR                  52.39%    passed     24.78%
  38  VXKB                  44.46%    passed     84.69%
  39  XOOE                  40.63%    passed     96.34%
  40  FYUH                  43.09%    passed     98.87%
  41  LWDA                  39.26%    passed     99.12%
  42  CPKP                  41.18%    passed     66.14%
  43  EFMS                  42.54%    passed     69.41%
  44  IMZV                  50.21%    passed     83.28%
  45  YSQT                  57.59%    passed     97.85%
  46  CMFF                  41.18%    passed     66.55%
  47  LVUS                  40.63%    passed     92.66%
  48  Eucgr_v1.1            39.53%    passed     61.09%
  49  BLVL                  42.54%    passed     96.45%
  50  ORJE                  49.66%    passed     93.98%
  51  VQYB                  42.27%    passed     36.25%
  52  NHCM                  64.43%    passed     54.59%
  53  ALZF                  51.57%    passed     58.30%
  54  WMUK                  39.53%    passed     83.00%
  55  LLQV                  58.41%    passed     68.24%
  56  FIDQ                  57.05%    passed     76.29%
  57  OQBM                  42.54%    passed     77.67%
  58  QKMG                  40.36%    passed     55.72%
  59  KADG                  53.76%    passed     67.87%
  60  DWZT                  71.82%    passed     62.99%
  61  AXAF                  42.27%    passed     64.99%
  62  QFND                  67.99%    passed     75.58%
  63  ONLQ                  40.90%    passed     99.83%
  64  EZZT                  38.99%    passed     94.06%
  65  RICC                  50.75%    passed     86.33%
  66  ARYD                  50.21%    passed     78.28%
  67  BSVG                  44.73%    passed     39.08%
  68  BCYF                  59.51%    failed      1.62%
  69  DVXD                  41.45%    passed     89.98%
  70  CIAC                  40.63%    passed     92.22%
  71  CAQZ                  40.63%    passed     64.74%
  72  LRRR                  44.19%    passed     91.63%
  73  ETGN                  55.95%    passed     70.04%
  74  PVGP                  60.33%    passed     77.85%
  75  WOGB                  57.05%    passed     48.55%
  76  XNLP                  39.26%    passed     49.69%
  77  RTMU                  57.05%    passed     77.89%
  78  OUER                  42.54%    passed     93.29%
  79  NMGG                  50.21%    passed     84.43%
  80  BMJR                  49.66%    passed     93.78%
  81  FPCO                  57.05%    passed     44.28%
  82  UKUC                  54.58%    passed     67.28%
  83  VUSY                  40.63%    passed     99.81%
  84  ZQVF                  42.54%    passed     41.67%
  85  IPWB                  50.21%    passed     84.92%
  86  GJPF                  50.21%    passed     42.46%
  87  HIDG                  57.32%    passed     51.24%
  88  DKFZ                  42.54%    passed     81.75%
  89  IOVS                  48.56%    passed     67.47%
  90  VVVV                  50.48%    passed     84.42%
  91  BPSG                  57.05%    passed     75.21%
  92  RBYC                  40.36%    passed     75.29%
  93  SCEB                  48.56%    passed     64.29%
  94  ENQF                  57.05%    passed     41.77%
  95  TGNL                  50.21%    passed     38.52%
  96  SFKQ                  48.02%    passed     91.95%
  97  RNBN                  40.90%    passed     97.71%
  98  QDVW                  49.66%    passed     63.40%
  99  MOYY                  57.87%    passed     43.35%
 100  PXYR                  45.55%    passed     61.22%
 101  TIUZ                  38.99%    passed     96.57%
 102  GNQG                  49.38%    passed     73.62%
 103  SIIK                  41.45%    passed     78.78%
 104  ASZK                  59.51%    passed     50.85%
 105  CKDK                  39.81%    passed     89.95%
 106  RTTY                  40.63%    passed     88.27%
 107  CCID                  39.53%    passed     95.17%
 108  WFBF                  39.53%    passed     98.52%
 109  DLAI                  42.54%    passed     78.45%
 110  BMSE                  40.36%    passed     76.54%
 111  GSXD                  55.68%    passed     95.48%
 112  EQDA                  43.09%    passed     79.32%
 113  SIBR                  42.54%    passed     97.13%
 114  GJIY                  53.76%    passed     29.77%
 115  UWOD                  57.32%    passed     73.47%
 116  RMMV                  42.54%    passed     52.02%
 117  CUTE                  42.00%    passed     98.18%
 118  IWMW                  41.45%    passed     93.10%
 119  HABV                  52.67%    passed     79.16%
 120  EMJJ                  52.67%    passed     97.07%
 121  DCDT                  50.21%    passed     98.35%
 122  WLIC                  49.38%    passed     82.14%
 123  DHAW                  41.45%    passed     92.02%
 124  IZNU                  44.46%    passed     79.08%
 125  EEJO                  57.32%    passed     32.59%
 126  CQMG                  40.63%    passed     99.09%
 127  EJBY                  42.54%    passed     85.17%
 128  NUZN                  40.63%    passed     87.13%
 129  KEFD                  57.05%    passed     83.39%
 130  HNCF                  38.99%    passed     79.31%
 131  UWFU                  40.63%    passed     93.78%
 132  BOGT                  56.22%    passed     80.53%
 133  HPXA                  57.32%    passed     67.24%
 134  JMTE                  61.97%    failed      1.38%
 135  IRBN                  57.32%    passed     87.04%
 136  BIDT                  41.18%    passed     65.85%
 137  GCFE                  42.54%    passed     96.30%
 138  YNUE                  39.53%    passed     83.98%
 139  AUDE                  42.54%    passed     84.03%
 140  XLGK                  48.56%    passed     58.90%
 141  CBJR                  42.27%    passed     98.00%
 142  SGTW                  49.38%    passed     63.85%
 143  VFIV                  50.75%    failed      2.72%
 144  OBPL                  40.08%    passed     51.21%
 145  HZTS                  43.37%    passed     95.00%
 146  JGGD                  58.14%    passed     76.74%
 147  RXEN                  41.86%    passed     91.82%
 148  ABSS                  42.54%    passed     93.65%
 149  HYHN                  61.15%    passed     15.05%
 150  LWCK                  43.09%    passed     73.73%
 151  BBBA                  40.63%    passed     85.89%
 152  CKKR                  40.63%    passed     92.10%
 153  SDPC                  52.12%    passed     28.42%
 154  YXNR                  42.00%    passed     58.68%
 155  SMMC                  42.00%    passed     95.60%
 156  JIWJ                  51.85%    passed     30.01%
 157  IHPC                  40.63%    passed     57.16%
 158  RZTJ                  38.99%    passed     92.67%
 159  AIGO                  50.21%    passed     57.53%
 160  FOMH                  61.42%    passed     94.50%
 161  HYZL                  38.99%    passed     91.64%
 162  LJPN                  61.15%    passed      6.47%
 163  WCLV                  52.94%    passed     17.68%
 164  CVDF                  42.82%    passed     92.52%
 165  TPEM                  41.18%    passed     67.65%
 166  CPOC                  48.56%    passed     99.54%
 167  KTAR                  42.54%    passed     96.30%
 168  LKKX                  40.90%    passed     80.20%
 169  XRTZ                  50.21%    passed     25.69%
 170  ACWS                  50.75%    passed     83.04%
 171  DOVJ                  45.28%    passed     80.81%
 172  QLMZ                  56.50%    passed     37.77%
 173  BGXB                  57.05%    passed     83.39%
 174  WCLG                  49.66%    passed     91.49%
 175  CQPW                  59.78%    passed     17.61%
 176  ZQYU                  60.88%    passed     67.66%
 177  BCGB                  40.36%    passed     94.70%
 178  KAYP                  66.62%    passed     42.62%
 179  NPND                  51.57%    passed     98.63%
 180  HAOX                  57.32%    passed     98.23%
 181  IKFD                  38.99%    passed     83.57%
 182  BEGM                  51.57%    passed     97.63%
 183  ALVQ                  50.48%    passed     34.21%
 184  NNOK                  43.09%    passed     59.11%
 185  LDEL                  40.90%    passed     57.23%
 186  KWGC                  43.37%    passed     78.11%
 187  HTFH                  50.75%    passed     88.69%
 188  QZZU                  40.63%    passed     94.77%
 189  FZJL                  39.53%    passed     97.78%
 190  TXMP                  46.10%    passed     61.81%
 191  JOIS                  64.71%    passed     62.90%
 192  HKZW                  57.32%    passed     61.86%
 193  ZPKK                  40.63%    passed     97.84%
 194  SART                  40.63%    passed     94.08%
 195  BVOF                  40.63%    passed     97.10%
 196  BNCU                  57.32%    passed     79.56%
 197  AWQB                  48.56%    passed     90.73%
 198  KJAA                  40.63%    passed     57.02%
 199  RFMZ                  51.30%    passed     93.02%
 200  XMGP                  42.54%    passed     86.86%
 201  JQFK                  52.94%    passed     82.18%
 202  OSMU                  43.09%    passed     73.73%
 203  IWIS                  40.90%    passed     60.26%
 204  WBIB                  44.46%    passed     97.45%
 205  VCIN                  45.42%    passed     95.94%
 206  EATP                  51.30%    passed     24.18%
 207  CSSK                  51.30%    passed     95.68%
 208  GIPR                  41.45%    passed     76.28%
 209  WXNT                  41.18%    passed     71.38%
 210  FCBJ                  63.61%    passed     70.02%
 211  HXJE                  39.53%    passed     36.53%
 212  Selmo_v1.0            57.32%    passed     83.48%
 213  ZBVT                  38.99%    passed     68.86%
 214  MFTM                  48.56%    passed     87.13%
 215  PQED                  67.17%    passed     49.36%
 216  FUMQ                  44.73%    passed     98.74%
 217  Orysa_v7.0            41.72%    passed     20.30%
 218  NWMY                  48.56%    passed     95.58%
 219  Nelnu_v1.0            39.53%    passed     82.90%
 220  KVFU                  41.18%    passed     58.70%
 221  MWAN                  55.40%    failed      0.32%
 222  BMIF                  49.66%    passed     74.69%
 223  PLBZ                  40.63%    passed     98.84%
 224  RTNA                  42.54%    passed     86.31%
 225  ZCUA                  41.18%    passed     50.03%
 226  JHFI                  57.05%    passed     59.42%
 227  ZETY                  39.53%    passed     99.83%
 228  ZJUL                  44.19%    passed     97.12%
 229  LSKK                  40.63%    passed     72.42%
 230  NFXV                  38.99%    passed     82.68%
 231  NVGZ                  42.54%    passed     30.19%
 232  EEAQ                  51.57%    passed     93.10%
 233  KEYW                  57.32%    passed     90.22%
 234  GTSV                  55.13%    passed     81.86%
 235  GANB                  52.12%    passed     61.80%
 236  VMXJ                  57.05%    passed     81.23%
 237  ULXR                  53.21%    passed     67.69%
 238  FAKD                  39.53%    passed     82.90%
 239  XAXW                  61.42%    passed     33.96%
 240  JDQB                  42.54%    passed     75.90%
 241  FEDW                  50.75%    passed     73.51%
 242  NRWZ                  57.32%    passed     83.91%
 243  JJZR                  60.33%    passed     94.88%
 244  ZZEI                  50.48%    passed     96.65%
 245  VALZ                  51.57%    passed     45.68%
 246  TFYI                  57.05%    passed     93.81%
 247  UDUT                  43.09%    passed     86.06%
 248  OINM                  59.23%    passed     67.95%
 249  AJJE                  40.63%    passed     97.37%
 250  AHRN                  45.01%    passed     99.31%
 251  THHD                  38.99%    passed     95.46%
 252  HHXJ                  50.21%    failed      4.18%
 253  YBQN                  57.32%    passed     79.96%
 254  RPQV                  55.95%    passed     92.21%
 255  FMWZ                  48.56%    passed     54.13%
 256  NHAG                  42.54%    passed     77.67%
 257  SLYR                  69.90%    passed     35.66%
 258  RHVC                  54.31%    passed     62.72%
 259  COAQ                  38.99%    passed     75.51%
 260  FYTP                  40.63%    passed     98.39%
 261  ROZZ                  56.50%    passed     95.74%
 262  YSRZ                  42.27%    passed     83.99%
 263  FTRP                  52.67%    failed      0.69%
 264  INQX                  38.99%    passed     92.31%
 265  RPGL                  57.32%    passed     98.12%
 266  JPDJ                  40.63%    passed     85.01%
 267  PEZP                  41.18%    passed     94.86%
 268  LTZF                  50.21%    passed     94.10%
 269  LELS                  49.66%    passed     88.39%
 270  JBLI                  50.75%    passed     92.87%
 271  SXCE                  40.63%    passed     96.48%
 272  TJES                  40.90%    passed     76.30%
 273  WTDE                  41.45%    passed     69.83%
 274  FXGI                  42.00%    passed     98.28%
 275  UHBY                  44.46%    passed     82.63%
 276  UFJN                  50.75%    passed     88.69%
 277  GDZS                  42.54%    passed     89.75%
 278  ALUC                  44.46%    passed     69.43%
 279  MYZV                  38.99%    passed     83.61%
 280  MGVU                  42.54%    passed     98.26%
 281  XOAL                  51.03%    passed     30.84%
 282  JEXA                  44.19%    passed     92.82%
 283  XAYK                  44.46%    passed     99.19%
 284  NGTD                  57.05%    passed     85.13%
 285  BRUD                  67.44%    passed     17.96%
 286  IUSR                  45.01%    passed     93.28%
 287  QWRA                  51.57%    passed     11.06%
 288  VVRN                  49.66%    passed     94.30%
 289  SXML                  40.63%    passed     83.58%
 290  AQZD                  42.27%    passed     74.46%
 291  SNNC                  42.54%    passed     89.64%
 292  PYHZ                  60.88%    passed     29.69%
 293  HXCD                  41.18%    passed     57.56%
 294  AEPI                  39.26%    passed     86.90%
 295  AXNH                  50.21%    passed     76.69%
 296  EGOS                  41.45%    passed     89.98%
 297  HTIP                  41.18%    passed     92.68%
 298  KPTE                  40.36%    passed     95.00%
 299  LLEN                  72.09%    passed      9.00%
 300  GBGT                  57.32%    passed     94.09%
 301  YLJA                  52.94%    passed     89.47%
 302  BJKT                  41.18%    passed     81.73%
 303  HJMP                  41.72%    passed     95.20%
 304  MDJK                  42.82%    passed     76.57%
 305  LETF                  51.85%    passed     28.38%
 306  DGXS                  49.93%    passed     94.59%
 307  LYPZ                  41.18%    passed     64.87%
 308  YZRI                  43.91%    passed     99.30%
 309  MZLD                  42.54%    passed     97.66%
 310  LJQF                  50.21%    passed     73.20%
 311  FQLP                  57.32%    passed     61.63%
 312  NTEO                  40.63%    passed     93.74%
 313  BCAA                  38.99%    passed     75.76%
 314  JTQQ                  41.45%    passed     88.65%
 315  RVGH                  38.99%    passed     91.18%
 316  FOYQ                  51.30%    passed      5.09%
 317  Phavu_v1.0            42.00%    passed     86.69%
 318  VQBJ                  57.32%    passed     98.82%
 319  QMWB                  57.05%    passed     76.07%
 320  WRPP                  40.36%    passed     95.51%
 321  XUAB                  49.93%    passed     94.84%
 322  QAUE                  40.90%    passed     75.15%
 323  JHCN                  57.32%    passed     71.67%
 324  DUMA                  51.03%    passed     18.26%
 325  HVBQ                  57.05%    passed     86.75%
 326  HATH                  42.00%    passed     46.12%
 327  YMES                  42.00%    passed     73.24%
 328  AZBL                  41.18%    passed     96.56%
 329  HQRJ                  40.63%    passed     97.95%
 330  IKWM                  51.30%    failed      1.89%
 331  BZSH                  51.03%    passed     62.40%
 332  OWAS                  49.11%    passed     94.55%
 333  Pinta_v2.0            45.01%    passed     73.95%
 334  XKPS                  51.57%    passed     87.62%
 335  ABEH                  42.54%    passed     95.24%
 336  GNPX                  44.46%    passed     77.80%
 337  ASMV                  40.63%    passed     77.06%
 338  WGTU                  49.66%    passed     88.14%
 339  KZED                  64.43%    passed     19.70%
 340  VLNB                  41.18%    passed     96.95%
 341  RNAT                  50.21%    failed      1.15%
 342  XMCL                  52.94%    passed     13.76%
 343  UZXL                  40.63%    passed     97.38%
 344  HILW                  48.56%    passed     39.71%
 345  EDBB                  40.90%    passed     98.31%
 346  EYRD                  65.80%    passed     76.08%
 347  RPRU                  57.32%    passed     87.80%
 348  SQCF                  40.63%    passed     96.74%
 349  DFHO                  50.21%    passed     63.26%
 350  AJUW                  52.12%    passed      5.55%
 351  MCPK                  50.21%    passed     36.79%
 352  MROH                  50.75%    passed     97.97%
 353  OWFC                  48.56%    passed     67.47%
 354  FGDU                  39.53%    passed     44.62%
 355  ZHEE                  40.63%    passed     96.48%
 356  ACFP                  42.00%    passed     78.08%
 357  AREG                  48.56%    passed     49.60%
 358  DXOU                  57.05%    passed     83.72%
 359  DESP                  40.63%    passed     43.67%
 360  WRSL                  50.21%    passed      6.13%
 361  VHIJ                  58.14%    passed     78.08%
 362  EVOD                  44.73%    passed     86.07%
 363  AYPS                  51.57%    passed     60.02%
 364  BAJW                  58.14%    passed     78.08%
 365  JZVE                  47.47%    passed     52.94%
 366  GEHT                  40.90%    passed     81.44%
 367  Theca_v1.1            39.53%    passed     77.93%
 368  WSJO                  57.32%    passed     78.13%
 369  WYIG                  49.38%    passed     86.27%
 370  VJED                  72.09%    passed      9.00%
 371  WQML                  49.66%    passed     86.18%
 372  TRRQ                  40.63%    passed     94.53%
 373  DHPO                  41.72%    passed     96.89%
 374  CBAE                  57.05%    passed     38.37%
 375  UBLN                  41.72%    passed     83.86%
 376  OMYK                  63.89%    passed     52.36%
 377  CTYH                  48.02%    passed     88.56%
 378  KYIO                  57.32%    passed     21.49%
 379  ZULJ                  52.94%    failed      0.51%
 380  BWRK                  42.00%    passed     94.69%
 381  KRJP                  44.73%    passed     63.68%
 382  GTHK                  50.21%    passed     76.46%
 383  DAYQ                  40.63%    passed     97.49%
 384  GGJD                  42.54%    passed     93.96%
 385  RQNK                  42.54%    passed     56.50%
 386  TAVP                  57.05%    passed     84.72%
 387  LXRN                  70.73%    passed     26.61%
 388  BEFC                  40.36%    passed     90.52%
 389  ACRY                  51.85%    passed     15.51%
 390  ZIWB                  49.38%    passed     85.09%
 391  QSNJ                  42.54%    passed     54.18%
 392  LDME                  42.00%    passed     75.84%
 393  NXOH                  41.18%    passed     99.70%
 394  XVRU                  43.91%    passed     83.68%
 395  IADP                  57.32%    passed     43.55%
 396  QIEH                  51.03%    passed     80.87%
 397  NNGU                  38.99%    passed     79.86%
 398  CWZU                  39.81%    passed     99.18%
 399  GKAG                  57.05%    passed     39.66%
 400  OCTM                  55.13%    passed     86.04%
 401  WEJN                  51.85%    passed     36.21%
 402  MNNM                  57.32%    passed     75.77%
 403  AYMT                  43.64%    passed     97.32%
 404  KRUQ                  57.59%    passed     95.66%
 405  SVTS                  41.72%    passed     74.41%
 406  RSCE                  42.54%    passed     53.88%
 407  ZMGN                  42.54%    passed     62.91%
 408  XTZO                  42.54%    passed     52.57%
 409  LQJY                  42.54%    passed     72.83%
 410  OPDF                  49.66%    passed     94.60%
 411  OAGK                  43.37%    passed     57.10%
 412  IJMT                  54.04%    passed     85.26%
 413  OHKC                  72.64%    passed     44.34%
 414  RUUB                  40.63%    passed     81.90%
 415  MZOB                  42.54%    passed     93.44%
 416  RRSV                  50.21%    passed     13.67%
 417  CMCY                  44.73%    passed     87.93%
 418  WSPM                  57.05%    passed     77.52%
 419  ODDO                  40.63%    passed     76.71%
 420  MFEA                  51.30%    passed     83.78%
 421  TSBQ                  51.85%    passed     33.09%
 422  NNHQ                  50.48%    passed     62.86%
 423  VRGZ                  56.50%    passed     32.24%
 424  WNGH                  57.05%    passed     76.15%
 425  SSDU                  40.63%    passed     40.53%
 426  THDM                  51.57%    passed     98.39%
 427  DJSE                  51.85%    passed     84.29%
 428  DVYE                  51.03%    passed     41.08%
 429  UJGI                  50.21%    passed     71.14%
 430  WAIL                  42.27%    passed     58.12%
 431  NCVK                  40.63%    passed     99.47%
 432  VJPU                  41.45%    passed     96.18%
 433  Aquco_v1.1            39.26%    passed     14.14%
 434  EGNB                  54.04%    passed     16.16%
 435  ZYAX                  48.56%    passed     60.77%
 436  OEKO                  42.54%    passed     93.65%
 437  BFIK                  49.93%    passed      8.47%
 438  EYKJ                  40.36%    passed     50.80%
 439  HRWG                  57.05%    passed     83.56%
 440  AQFM                  48.56%    passed     72.48%
 441  WDGV                  54.58%    passed     46.98%
 442  HERT                  57.05%    passed     98.32%
 443  OMDH                  40.63%    passed     97.63%
 444  YZVJ                  40.90%    passed     97.30%
 445  EGLZ                  48.56%    passed     59.35%
 446  RQUG                  41.45%    passed     87.88%
 447  UYED                  41.18%    passed     57.82%
 448  HVNO                  51.30%    passed     16.07%
 449  WJLO                  57.32%    passed     89.73%
 450  FLTD                  58.41%    passed     84.30%
 451  SBLT                  50.75%    passed     29.75%
 452  COBX                  38.99%    passed     63.44%
 453  VQFW                  39.53%    passed     89.65%
 454  JCXF                  53.21%    passed     47.15%
 455  KAWQ                  49.38%    passed     51.60%
 456  TXVB                  57.32%    passed     72.65%
 457  Betvu_v1.1            40.90%    passed     89.74%
 458  WVEF                  40.63%    passed     91.11%
 459  KLGF                  48.56%    passed     48.89%
 460  MHYG                  40.63%    passed     50.41%
 461  WEQK                  40.63%    passed     68.05%
 462  RJIM                  40.08%    passed     62.08%
 463  PUAN                  52.39%    passed     98.01%
 464  MVSE                  40.63%    passed     96.29%
 465  YKFU                  40.63%    passed     97.18%
 466  ZINQ                  51.57%    passed     85.85%
 467  FGRF                  40.63%    passed     97.27%
 468  CKXF                  51.30%    passed     16.76%
 469  WQRD                  50.21%    passed     98.36%
 470  IAYV                  55.13%    passed     81.87%
 471  LPGY                  39.81%    passed     96.29%
 472  JBND                  48.56%    passed     87.13%
 473  ABIJ                  58.00%    passed     86.62%
 474  GAON                  57.05%    passed     32.66%
 475  TEZA                  41.45%    passed     64.28%
 476  BTFM                  52.94%    passed     90.96%
 477  BBDD                  42.54%    passed     52.82%
 478  KEGA                  41.86%    passed     99.86%
 479  LSJW                  40.63%    passed     98.17%
 480  GHLP                  44.19%    passed     84.24%
 481  MRKX                  44.46%    passed     90.28%
 482  UUHD                  57.32%    passed     82.33%
 483  PKMO                  50.21%    passed     83.66%
 484  PIVW                  49.66%    passed     92.98%
 485  HEGQ                  49.66%    passed     78.63%
 486  QIKZ                  40.63%    passed     96.79%
 487  MQIV                  42.54%    passed     85.77%
 488  YHZW                  59.23%    passed     45.59%
 489  HMHL                  57.05%    passed     97.25%
 490  LLXJ                  60.33%    passed     93.45%
 491  NIGS                  42.54%    passed     93.55%
 492  PTLU                  40.63%    passed     95.17%
 493  FFFY                  40.63%    passed     62.22%
 494  CJGZ                  50.21%    passed     82.42%
 495  MYMP                  41.18%    passed     97.77%
 496  ISPU                  50.21%    failed      0.88%
 497  QUTB                  40.63%    passed     98.54%
 498  URSB                  53.49%    passed     43.30%
 499  USIX                  50.21%    failed      3.92%
 500  UOMY                  51.30%    passed     93.27%
 501  DDRL                  40.36%    passed     49.26%
 502  WVWN                  48.56%    passed     48.15%
 503  VYLQ                  44.46%    passed     95.96%
 504  PTBJ                  43.37%    passed     74.32%
 505  POOW                  55.95%    passed     44.01%
 506  IRZA                  55.40%    passed     91.31%
 507  ROEI                  53.76%    passed     95.54%
 508  DRGY                  57.32%    passed     94.11%
 509  FIKG                  59.51%    passed     93.23%
 510  MMKU                  52.12%    passed     63.52%
 511  KIIX                  50.21%    passed     99.86%
 512  XMQO                  40.63%    passed     95.82%
 513  MEKP                  51.03%    passed     93.06%
 514  FVXD                  40.90%    passed     86.81%
 515  DFYF                  41.18%    passed     92.31%
 516  FYSJ                  50.21%    passed     86.28%
 517  EQYT                  50.21%    passed     78.28%
 518  CRNC                  39.26%    passed     74.27%
 519  XNXF                  57.05%    passed     40.76%
 520  PSHB                  45.55%    passed     91.21%
 521  DZLN                  50.21%    passed     82.42%
 522  BWVJ                  56.77%    passed     19.71%
 523  TZNS                  43.37%    passed     92.15%
 524  UEVI                  48.56%    passed     85.68%
 525  PKOX                  57.32%    passed     23.18%
 526  BYNZ                  40.90%    passed     71.47%
 527  KPUM                  45.69%    passed     98.89%
 528  QZXQ                  40.90%    passed     92.99%
 529  TGKW                  57.59%    passed     70.36%
 530  GKCZ                  42.54%    passed     83.98%
 531  ROLB                  50.21%    passed     78.28%
 532  HQOM                  42.54%    passed     69.41%
 533  RSPO                  40.63%    passed     80.51%
 534  CFRN                  40.77%    passed     51.26%
 535  OCZL                  50.75%    passed     94.63%
 536  QOXT                  49.93%    passed     99.18%
 537  XRCX                  40.63%    passed     60.14%
 538  Klefl_v1.0            49.66%    passed     10.26%
 539  JVSZ                  51.57%    passed     70.51%
 540  FFPD                  57.05%    passed     79.00%
 541  IDAU                  50.21%    passed     78.28%
 542  JTIG                  51.85%    passed     36.59%
 543  DSUV                  42.54%    passed     93.32%
 544  XQSG                  48.56%    passed     80.91%
 545  MKZR                  44.19%    passed     77.68%
 546  QIAD                  50.21%    passed     78.25%
 547  UPMJ                  57.32%    passed     67.36%
 548  ZTLR                  64.16%    passed     80.23%
 549  PBUU                  50.21%    passed     92.24%
 550  ZQRI                  57.05%    passed     71.36%
 551  RCAH                  42.00%    passed     40.36%
 552  BSTR                  50.21%    passed     96.02%
 553  EILE                  40.63%    passed     79.28%
 554  QNGJ                  50.75%    passed     80.33%
 555  MIRS                  76.47%    passed     96.86%
 556  HLJG                  43.64%    passed     34.49%
 557  PRFO                  40.63%    passed     95.93%
 558  AFLV                  40.36%    passed     76.74%
 559  GDKK                  49.93%    passed     77.91%
 560  JNUB                  42.82%    passed     85.49%
 561  UGJI                  44.46%    passed     83.34%
 562  XSZI                  40.90%    passed     82.11%
 563  DAAD                  39.53%    passed     51.90%
 564  OLXF                  39.53%    passed     29.94%
 565  MFIN                  44.73%    passed     95.65%
 566  EDXZ                  42.54%    passed     91.07%
 567  JKNQ                  50.21%    passed     65.04%
 568  HRUR                  57.05%    passed     28.91%
 569  FNEN                  42.54%    passed     76.36%
 570  HAEU                  40.63%    passed     94.70%
 571  QCGM                  47.74%    passed     45.69%
 572  KOFB                  40.63%    passed     53.25%
 573  SJAN                  50.21%    passed     78.28%
 574  IXLH                  51.85%    passed     92.12%
 575  CJNT                  49.93%    passed     75.06%
 576  ISGT                  51.30%    passed     24.82%
 577  DCCI                  42.54%    passed     57.84%
 578  VDKG                  45.01%    passed     90.41%
 579  OOVX                  42.54%    passed     96.62%
 580  UOEL                  77.29%    passed     12.90%
 581  IRAF                  41.18%    passed     80.82%
 582  ROWR                  48.56%    passed     61.45%
 583  YRBQ                  41.18%    passed     73.53%
 584  AFQQ                  40.36%    passed     76.54%
 585  AVJK                  43.91%    passed     90.66%
 586  ZENX                  57.32%    passed     53.54%
 587  CLNU                  40.63%    passed     64.04%
 588  SZYG                  57.05%    passed     92.17%
 589  DMIN                  49.66%    passed     83.72%
 590  BNDE                  40.90%    passed     52.07%
 591  WCQU                  57.32%    passed     86.49%
 592  CTSS                  40.63%    passed     97.24%
 593  GSZA                  46.10%    passed     87.28%
 594  RHAU                  44.73%    passed     91.69%
 595  OODC                  52.67%    passed     65.26%
 596  QURC                  39.53%    passed     91.27%
 597  RCBT                  57.05%    passed     33.70%
 598  PJSX                  40.63%    passed     95.74%
 599  OFTV                  57.32%    passed     90.56%
 600  PMTB                  50.21%    passed     71.14%
 601  KVAY                  44.73%    passed     93.53%
 602  XIVI                  50.21%    passed     29.34%
 603  XISJ                  42.54%    passed     91.81%
 604  BJSW                  40.63%    passed     77.89%
 605  UTRE                  50.21%    failed      2.33%
 606  WKSU                  39.53%    passed     77.65%
 607  EJCM                  42.54%    passed     81.15%
 608  FQGQ                  55.40%    passed     98.81%
 609  RFRB                  50.75%    passed     90.54%
 610  PDQH                  40.90%    passed     96.56%
 611  KNMB                  41.18%    passed     94.43%
 612  VTLJ                  40.63%    passed     96.11%
 613  TVSH                  41.72%    passed     95.42%
 614  NBMW                  42.54%    passed     74.95%
 615  AOUJ                  50.21%    passed     10.90%
 616  Musac_v1.0            50.48%    passed     95.87%
 617  IANR                  40.63%    passed     98.52%
 618  ENAU                  52.39%    failed      0.94%
 619  JGAB                  41.45%    passed     96.27%
 620  ZACW                  57.05%    passed     86.38%
 621  YQIJ                  45.28%    passed     39.14%
 622  HBHB                  46.37%    passed     94.58%
 623  ZJRC                  40.63%    passed     77.35%
 624  MHGD                  42.54%    passed     56.10%
 625  AZZW                  49.66%    passed     86.92%
 626  HGSM                  42.54%    passed     87.99%
 627  OLES                  42.82%    passed     86.69%
 628  CZPV                  38.99%    passed     95.95%
 629  WAXR                  38.99%    passed     49.72%
 630  WIGA                  42.54%    passed     93.64%
 631  DRIL                  52.67%    passed     94.36%
 632  UAXP                  38.99%    passed     96.52%
 633  BKQU                  40.36%    passed     85.07%
 634  YFGP                  57.05%    passed     83.33%
 635  Vitvi_Genoscope.12X   39.53%    passed     79.57%
 636  JRGZ                  51.30%    passed     11.18%
 637  PFUD                  54.04%    passed     56.45%
 638  ZBPY                  55.95%    passed     99.44%
 639  WXRI                  56.50%    passed     46.62%
 640  OSHQ                  39.53%    passed     90.98%
 641  KDCH                  41.72%    passed     83.93%
 642  BGZG                  40.63%    passed     76.19%
 643  HNDZ                  70.73%    passed     98.69%
 644  VFFP                  38.99%    passed     83.60%
 645  QCOU                  43.91%    passed     75.84%
 646  DUQG                  40.90%    passed     52.08%
 647  CBNG                  51.85%    passed     21.97%
 648  IGUH                  57.05%    passed     84.84%
 649  ERWT                  44.46%    passed     79.08%
 650  NRXL                  42.54%    passed     48.77%
 651  APTP                  57.05%    passed     93.46%
 652  QSKP                  40.63%    passed     86.59%
 653  EFCZ                  72.09%    failed      0.40%
 654  GLVK                  38.99%    passed     91.13%
 655  TAGM                  42.54%    passed     92.99%
 656  Prupe_v1.0            46.10%    passed     97.00%
 657  ZHMB                  40.63%    passed     98.00%
 658  IFLI                  42.54%    passed     80.81%
 659  ZSAB                  57.87%    passed     65.44%
 660  NKXU                  54.04%    passed     79.49%
 661  XGFU                  40.63%    passed     71.58%
 662  MCHJ                  57.32%    passed     94.20%
 663  PSKY                  50.21%    passed     88.10%
 664  YKQR                  40.63%    passed     98.48%
 665  FMVB                  63.34%    passed     24.96%
 666  XIRK                  42.54%    passed     72.03%
 667  LNER                  39.26%    passed     99.01%
 668  RWKR                  42.54%    passed     98.20%
 669  QYXY                  52.94%    passed     73.19%
 670  AUIP                  41.18%    passed     95.13%
 671  WTKZ                  39.53%    passed     96.44%
 672  DZPJ                  50.21%    passed     41.98%
 673  JRNA                  48.56%    passed     59.71%
 674  YLWW                  42.00%    passed     40.36%
 675  ABCD                  57.32%    passed     78.19%
 676  VZWX                  57.87%    passed     11.52%
 677  CSUV                  50.21%    passed     75.83%
 678  VYGG                  51.57%    passed     88.88%
 679  TVCU                  39.53%    passed     84.92%
 680  YWNF                  57.05%    passed     61.69%
 681  WBOD                  49.11%    passed     95.58%
 682  SWPE                  39.26%    passed     97.43%
 683  AQGE                  40.63%    passed     84.07%
 684  NMAK                  55.13%    passed     67.42%
 685  SKQD                  57.05%    passed     22.82%
 686  BFJL                  40.63%    passed     93.24%
 687  YRMA                  61.15%    passed     93.00%
 688  THEW                  49.38%    passed     90.04%
 689  GCYL                  40.90%    passed     61.38%
 690  EMAL                  42.54%    passed     85.58%
 691  RGKI                  57.05%    passed     81.23%
 692  QKQO                  57.05%    passed     84.92%
 693  VFYZ                  48.56%    passed     75.47%
 694  UHJR                  66.07%    passed     79.65%
 695  YJJY                  50.75%    passed     74.57%
 696  UTQR                  43.23%    passed     84.54%
 697  COCP                  43.64%    passed     84.08%
 698  LNIL                  51.85%    passed     15.10%
 699  PWKQ                  50.75%    failed      0.53%
 700  XHKT                  64.16%    passed     54.93%
 701  BHYC                  39.53%    passed     86.74%
 702  XVJB                  40.63%    passed     93.15%
 703  RJNQ                  41.18%    passed     79.39%
 704  PSJT                  49.66%    passed     72.10%
 705  KKDQ                  38.99%    passed     89.00%
 706  UGNK                  50.21%    passed     80.66%
 707  CDFR                  48.56%    passed     57.77%
 708  CGDN                  42.54%    passed     80.95%
 709  DUNJ                  49.66%    passed     26.21%
 710  GOWD                  57.05%    passed     33.70%
 711  IYDF                  43.64%    passed     83.62%
 712  SJEV                  40.08%    passed     94.72%
 713  Elagu_v2.0            41.59%    passed     57.24%
 714  PAWA                  40.63%    passed     89.80%
 715  PUDI                  50.48%    passed     82.77%
 716  SBZH                  40.63%    passed     90.26%
 717  PPPZ                  40.08%    passed     66.82%
 718  NJLF                  39.81%    passed     83.01%
 719  WDCW                  57.32%    passed     72.04%
 720  DXQW                  66.62%    passed     39.51%
 721  XPAF                  63.61%    passed     26.23%
 722  MTGC                  49.66%    passed     99.56%
 723  WZFE                  39.53%    passed     93.58%
 724  XMBA                  44.19%    passed     89.44%
 725  PTFA                  39.53%    passed     78.50%
 726  TOKV                  40.63%    passed     91.02%
 727  VNMY                  38.99%    passed     95.80%
 728  IZLO                  40.63%    passed     61.08%
 729  GRFT                  42.54%    passed     70.90%
 730  FCEL                  40.63%    passed     88.82%
 731  UZWG                  39.26%    passed     77.63%
 732  QWFV                  57.32%    passed     79.80%
 733  PQTO                  57.05%    passed     40.76%
 734  BTTS                  48.56%    passed     62.74%
 735  XZUY                  49.38%    passed     80.52%
 736  ISHC                  57.32%    passed     85.80%
 737  EDEQ                  42.54%    passed     82.52%
 738  YNFJ                  41.86%    passed     99.56%
 739  PYDB                  53.49%    passed     26.41%
 740  XXYA                  42.54%    passed     97.13%
 741  ONBE                  40.63%    passed     85.01%
 742  UMUL                  42.54%    passed     90.77%
 743  RAPY                  59.51%    passed     77.94%
 744  SWOH                  40.08%    passed     96.93%
 745  OXYP                  40.36%    passed     97.61%
 746  IRYH                  56.50%    passed     62.63%
 747  GIOY                  57.05%    passed     94.10%
 748  DZTK                  40.08%    passed     94.32%
 749  CMEQ                  57.18%    passed     77.93%
 750  NDUV                  52.39%    passed     84.39%
 751  INSP                  39.53%    passed     99.36%
 752  UOYN                  43.91%    passed     92.23%
 753  VTUS                  49.66%    passed     71.68%
 754  EHNF                  40.36%    passed     85.82%
 755  MTII                  39.53%    passed     98.95%
 756  GVCB                  50.21%    passed     82.42%
 757  LEMW                  44.19%    passed     97.82%
 758  ZRMT                  57.32%    passed     74.06%
 759  EBWI                  55.68%    passed     60.32%
 760  GMHZ                  48.56%    passed     82.35%
 761  IAJW                  42.54%    passed     76.33%
 762  VMNH                  50.21%    passed     90.86%
 763  VIBO                  51.30%    passed     90.34%
 764  FWCQ                  40.90%    passed     94.01%
 765  DMLT                  42.54%    passed     82.08%
 766  YQEC                  49.66%    passed     77.24%
 767  NSPR                  39.53%    passed     52.56%
 768  Manes_v4.1            39.26%    passed     55.21%
 769  KGJF                  40.36%    passed     39.43%
 770  FHST                  42.54%    passed     88.36%
 771  XWHK                  57.05%    passed     80.75%
 772  KYNE                  45.83%    passed     57.52%
 773  ORKS                  57.05%    passed     70.35%
 774  FRPM                  43.64%    passed     81.65%
 775  JAFJ                  58.14%    passed     88.95%
 776  KCPT                  55.13%    passed     83.62%
 777  EZGR                  42.27%    passed     75.64%
 778  QEHE                  43.91%    passed     93.38%
 779  ZUHO                  43.37%    passed     53.62%
 780  KMNX                  49.93%    passed     37.14%
 781  OHAE                  70.73%    passed     75.04%
 782  TJQY                  40.63%    passed     99.58%
 783  GYRP                  60.05%    passed     87.42%
 784  URDJ                  47.20%    passed     81.08%
 785  MWXT                  52.12%    passed     88.25%
 786  PCNH                  42.27%    passed     99.36%
 787  BXAY                  49.93%    passed     91.01%
 788  Arath_TAIR10          50.21%    passed     71.41%
 789  VAZE                  57.32%    passed     98.23%
 790  ECTD                  48.29%    passed     87.88%
 791  QHBI                  48.56%    passed     61.45%
 792  ETCJ                  47.74%    passed     84.12%
 793  ZIVZ                  52.12%    passed     19.51%
 794  BUWV                  48.56%    passed     80.91%
 795  AYIY                  42.54%    passed     87.81%
 796  ZDIZ                  54.31%    passed     62.72%
 797  RSOF                  60.33%    passed     81.47%
 798  KYAD                  45.28%    passed     60.17%
 799  ULKT                  57.32%    passed     48.28%
 800  UCNM                  44.73%    passed     91.13%
 801  OQHZ                  40.63%    passed     74.28%
 802  PNZO                  49.66%    passed     79.13%
 803  ZFGK                  57.05%    passed     98.17%
 804  GGWH                  57.32%    passed     89.85%
 805  UJTT                  49.66%    passed     99.18%
 806  YYPE                  43.64%    passed     61.03%
 807  IXVJ                  40.63%    passed     89.13%
 808  YBML                  70.73%    passed     42.05%
 809  JHUL                  41.18%    passed     78.31%
 810  SUVN                  40.63%    passed    100.00%
 811  Volca_v2.0            50.21%    failed      1.80%
 812  RDOO                  57.05%    passed     76.21%
 813  ZTHV                  57.05%    passed     89.24%
 814  YOWV                  50.75%    passed     91.60%
 815  JCLQ                  42.82%    passed     97.23%
 816  YJUG                  40.63%    passed     99.61%
 817  HBGV                  42.54%    passed     61.62%
 818  XHHU                  40.63%    passed     92.44%
 819  IEPQ                  41.45%    passed     95.71%
 820  AXPJ                  52.12%    passed     68.26%
 821  WAFT                  57.05%    passed     59.49%
 822  BYQM                  50.21%    passed     98.13%
 823  JDTY                  40.63%    passed     97.10%
 824  AAXJ                  40.90%    passed     98.03%
 825  VSRH                  48.56%    passed     63.59%
 826  AFPO                  50.75%    passed     84.47%
 827  CLMX                  40.63%    passed     64.04%
 828  TKEK                  42.54%    passed     89.64%
 829  GGEA                  57.59%    passed     93.21%
 830  QFAE                  42.54%    passed     54.23%
 831  MFZO                  57.32%    passed     76.04%
 832  VGSX                  48.56%    passed     59.66%
 833  GJNX                  41.45%    passed     70.73%
 834  GXBM                  50.21%    passed     34.82%
 835  ZCDJ                  40.63%    passed     92.52%
 836  DFDS                  57.32%    passed     99.58%
 837  WWQZ                  39.53%    passed     51.10%
 838  OTQG                  57.32%    failed      2.70%
 839  QNOC                  40.63%    passed     99.56%
 840  YOXI                  57.32%    passed     99.26%
 841  VDAO                  47.74%    passed     42.92%
 842  LBRP                  52.12%    passed     43.90%
 843  EEMJ                  57.05%    passed     74.76%
 844  YFZK                  42.54%    passed     50.27%
 845  RTLC                  60.33%    passed     70.24%
 846  NVSO                  41.18%    passed     58.00%
 847  QACK                  40.63%    passed     96.41%
 848  HDWF                  42.00%    passed     99.26%
 849  MVRF                  40.63%    passed     95.81%
 850  JEPE                  41.18%    passed     55.61%
 851  KUXM                  57.32%    passed     37.82%
 852  DPFW                  40.63%    passed     94.70%
 853  AEKF                  57.32%    passed     48.01%
 854  GRKU                  57.05%    passed     95.61%
 855  BEKN                  49.38%    passed     78.19%
 856  XKWQ                  51.03%    passed     18.48%
 857  MUMD                  48.02%    passed     77.77%
 858  OBUY                  60.33%    passed     77.85%
 859  BAHE                  57.87%    passed     76.87%
 860  RKLL                  41.18%    passed     80.47%
 861  RQFE                  57.32%    passed     99.56%
 862  VGHH                  43.64%    passed     25.89%
 863  BOLZ                  42.54%    passed     81.76%
 864  TJLC                  39.26%    passed     97.64%
 865  YSBD                  51.57%    passed     23.01%
 866  XFJG                  67.99%    passed     59.90%
 867  UGPM                  51.85%    passed     22.59%
 868  JNKW                  44.05%    passed     52.49%
 869  IHCQ                  42.27%    passed     85.30%
 870  VBLH                  52.94%    passed     55.75%
 871  AWJM                  43.37%    passed     92.49%
 872  LGOW                  57.32%    passed     86.83%
 873  JMXW                  57.05%    passed     75.20%
 874  EDIT                  41.45%    passed     87.33%
 875  XQWC                  39.53%    passed     65.32%
 876  NKIN                  48.56%    passed     75.47%
 877  PIUF                  57.05%    passed     56.04%
 878  BYPY                  44.46%    passed     98.94%
 879  HWUP                  39.53%    passed     46.86%
 880  IKIZ                  53.21%    passed     64.16%
 881  DLJZ                  43.09%    passed     77.77%
 882  WCOR                  54.86%    passed     63.69%
 883  TOXE                  50.21%    passed     46.18%
 884  LNSF                  57.05%    passed     88.94%
 885  VGVI                  41.18%    passed     94.17%
 886  QSLH                  42.54%    passed     83.34%
 887  UJWU                  49.93%    passed     93.87%
 888  BXBF                  50.75%    passed     68.60%
 889  CVEG                  51.30%    passed     99.75%
 890  OSIP                  53.76%    passed     95.66%
 891  KFZY                  42.82%    passed     53.71%
 892  NHIX                  52.94%    passed     86.89%
 893  GFUR                  50.21%    passed     29.21%
 894  KUJU                  50.21%    failed      0.45%
 895  MNCB                  51.57%    failed      4.97%
 896  BPKH                  45.83%    passed     64.79%
 897  JMUI                  51.03%    passed     14.19%
 898  Cyame_v1.0            50.75%    passed     12.28%
 899  AIOU                  42.54%    passed     80.57%
 900  GETL                  45.01%    passed     94.74%
 901  GUMF                  55.13%    passed     97.25%
 902  KXSK                  44.73%    passed     91.42%
 903  JGYZ                  42.54%    passed     90.97%
 904  NGRR                  39.53%    passed     79.81%
 905  UFHF                  40.36%    passed     93.72%
 906  YHLF                  50.21%    passed     78.28%
 907  NSTT                  50.21%    passed      7.14%
 908  IHOI                  56.77%    passed     26.81%
 909  DZQM                  48.56%    passed     80.91%
 910  AXBO                  41.18%    passed     85.35%
 911  BSEY                  40.63%    passed     86.60%
 912  ZXJO                  54.58%    passed     97.59%
 913  UHLI                  57.05%    passed     28.09%
 914  OBTI                  50.21%    passed     99.53%
 915  TCYS                  40.63%    passed     96.01%
 916  RMWJ                  41.18%    passed     99.39%
 917  JOJQ                  57.32%    passed     64.54%
 918  VZCI                  49.11%    passed     94.70%
 919  VITX                  49.66%    passed     91.67%
 920  BERS                  41.45%    passed     82.80%
 921  JPYU                  57.05%    passed     98.20%
 922  YRHD                  42.54%    passed     84.11%
 923  ZRIN                  42.54%    passed     86.11%
 924  LDRY                  57.05%    passed     44.93%
 925  NMDZ                  42.54%    passed     64.22%
 926  JKKI                  50.21%    passed     11.69%
 927  CAPN                  51.57%    passed     83.99%
 928  IIOL                  48.84%    passed     71.51%
 929  XFFT                  40.63%    passed     88.52%
 930  ZQWM                  48.56%    passed     55.98%
 931  YGAT                  41.45%    passed     96.44%
 932  XQRV                  44.46%    passed     84.69%
 933  EMBR                  44.46%    passed     87.11%
 934  YPIC                  50.21%    passed     90.23%
 935  JSAG                  57.32%    passed     91.70%
 936  SIZE                  38.99%    passed     82.94%
 937  GAMH                  48.56%    passed     68.74%
 938  VKVG                  61.15%    passed     43.73%
 939  JNVS                  42.54%    passed     73.98%
 940  MIXZ                  50.75%    passed     83.04%
 941  EAVM                  49.38%    passed     99.63%
 942  RKFX                  40.63%    passed     65.44%
 943  ZSGF                  38.99%    passed     85.60%
 944  RFAD                  55.13%    passed     67.42%
 945  JEBK                  52.67%    failed      3.75%
 946  PZRT                  50.48%    passed     87.81%
 947  AALA                  43.64%    passed     96.48%
 948  PHCE                  42.54%    passed     63.80%
 949  YFQX                  42.82%    passed     97.23%
 950  ZBTA                  41.45%    passed     92.46%
 951  ILBQ                  57.32%    passed     81.78%
 952  Solly_iTAGv2.3        42.54%    passed     78.45%
 953  JADL                  57.32%    passed     84.54%
 954  JWGT                  50.21%    passed     10.62%
 955  PPQR                  46.65%    passed     80.41%
 956  YLPM                  48.56%    passed     62.74%
 957  HDSY                  40.90%    passed     96.11%
 958  HOKG                  40.63%    passed     97.57%
 959  UUJS                  48.56%    passed     56.67%
 960  KTWL                  38.99%    passed     96.94%
 961  NXTS                  41.86%    passed     80.71%
 962  Sorbi_v2.1            43.64%    passed     36.51%
 963  AWOI                  57.05%    passed     78.22%
 964  LSHT                  53.76%    passed      6.72%
 965  ADHK                  40.36%    passed     93.72%
 966  XPBC                  40.36%    passed     58.32%
 967  SILJ                  49.93%    passed     99.89%
 968  WPHN                  41.72%    passed     81.83%
 969  MUNP                  47.20%    passed     94.94%
 970  ZSSR                  40.63%    passed     91.54%
 971  ZKPF                  57.87%    passed     79.10%
 972  QTJY                  39.53%    passed     93.58%
 973  RPPC                  38.99%    passed     90.59%
 974  FDMM                  43.09%    passed     87.70%
 975  FWBF                  40.90%    passed     95.75%
 976  OVIJ                  42.54%    passed     83.41%
 977  XBKS                  44.46%    passed     69.34%
 978  YGCX                  67.17%    passed     14.06%
 979  SOHV                  53.76%    passed     81.62%
 980  PUCW                  42.54%    passed     96.94%
 981  BDJQ                  40.90%    passed     70.65%
 982  SALZ                  40.63%    passed     89.99%
 983  YUOM                  38.99%    passed     88.75%
 984  GYFU                  51.16%    passed     82.34%
 985  HBUQ                  38.99%    passed     48.63%
 986  TDTF                  38.99%    passed     91.13%
 987  ISIM                  52.94%    passed     51.35%
 988  WXVX                  40.08%    passed     66.73%
 989  SLOI                  40.36%    passed     97.57%
 990  SKYV                  52.39%    passed     82.90%
 991  HUSX                  40.90%    passed     96.88%
 992  FXHG                  52.12%    passed     36.91%
 993  RCUX                  40.63%    passed     99.45%
 994  VXOD                  38.99%    passed     69.72%
 995  WEAC                  42.54%    passed     90.81%
 996  ZNUM                  50.21%    passed     40.64%
 997  JETM                  41.45%    passed     27.58%
 998  NOKI                  50.75%    passed     98.02%
 999  RFSD                  61.15%    passed     23.41%
1000  YHFG                  45.55%    passed     77.17%
1001  CWYJ                  40.90%    passed     97.76%
1002  RWXW                  61.15%    passed     94.62%
1003  XDDT                  53.49%    passed     88.09%
1004  OOSO                  43.64%    passed     84.88%
1005  DTNC                  42.27%    passed     88.40%
1006  XRLM                  42.54%    passed     70.90%
1007  AUGV                  50.21%    passed     45.11%
1008  HUQC                  40.63%    passed     83.60%
1009  UPOG                  56.50%    passed     32.57%
1010  XZME                  54.86%    passed     88.55%
1011  JYMN                  41.18%    passed     48.92%
1012  FZQN                  44.46%    passed     83.43%
1013  VYER                  58.14%    passed     82.10%
1014  SYHW                  43.64%    passed     62.01%
1015  KJZG                  49.66%    passed     79.93%
1016  LIRF                  55.40%    passed     87.52%
1017  OXGJ                  42.54%    passed     88.36%
1018  PWSG                  44.46%    passed     92.60%
1019  BZDF                  52.12%    passed     78.32%
1020  FUPX                  40.36%    passed     35.79%
1021  NAUM                  44.46%    passed     87.11%
1022  FSQE                  56.50%    passed     93.43%
1023  YCKE                  50.48%    passed     97.65%
1024  JLOV                  57.59%    passed     72.31%
1025  TQKZ                  40.90%    passed     98.92%
1026  XXHP                  50.75%    passed     91.60%
1027  SCAO                  58.14%    passed     94.76%
1028  SZUO                  40.90%    passed     97.51%
1029  YZGX                  44.19%    passed     89.70%
1030  WZYK                  76.20%    passed     82.03%
1031  EAAA                  43.37%    passed     94.94%
1032  CPLT                  40.90%    passed     64.21%
1033  YADI                  42.54%    passed     90.25%
1034  MWYQ                  49.93%    passed     78.45%
1035  IDGE                  42.54%    passed     91.37%
1036  SVVG                  41.18%    passed     98.67%
1037  ATFX                  39.53%    passed     84.11%
1038  LHLE                  51.03%    passed     88.84%
1039  URCP                  49.66%    passed     86.70%
1040  QICX                  43.37%    passed     99.55%
1041  NHUA                  39.26%    passed     76.89%
1042  Phypa_v3.0            57.05%    passed     73.35%
1043  MAQO                  42.27%    passed     68.15%
1044  YEPO                  57.05%    passed     79.76%
1045  WKCY                  43.37%    passed     97.80%
1046  IXEM                  40.63%    passed     98.47%
1047  BNTL                  42.82%    passed     93.10%
1048  WMLW                  42.00%    passed     91.66%
1049  YKZB                  42.54%    passed     71.69%
1050  WWSS                  48.56%    passed     60.77%
1051  ZGQD                  50.21%    passed     35.55%
1052  HFIK                  59.51%    passed     93.23%
1053  OCWZ                  40.08%    passed     80.69%
1054  QNPH                  57.87%    passed     59.74%
1055  UVDC                  39.53%    passed     85.76%
1056  SWGX                  40.63%    passed     68.23%
1057  Spipo_v2              39.81%    passed     94.89%
1058  RAWF                  51.03%    passed     25.36%
1059  GIWN                  41.18%    passed     97.69%
1060  ZLQE                  52.12%    passed     27.01%
1061  Mimgu_v2.0            44.73%    passed     81.52%
1062  Chabr_v0.1            65.25%    passed      5.94%
1063  HKMQ                  50.21%    passed     82.42%
1064  MULF                  51.03%    passed     14.52%
1065  NBYP                  57.32%    passed     71.49%
1066  KBRW                  50.21%    passed     78.28%
1067  YIXP                  49.66%    passed     95.10%
1068  VBHQ                  49.93%    passed     98.20%
1069  TMAJ                  57.05%    passed     85.56%
1070  ZYCD                  57.32%    passed     93.92%
1071  WOBD                  38.99%    passed     86.42%
1072  FCCA                  38.99%    passed     81.99%
1073  NEBM                  39.53%    passed     44.62%
1074  VHZV                  40.90%    passed     75.32%
1075  MTHW                  49.93%    passed     94.21%
1076  SNOX                  49.93%    passed     89.53%
1077  TORX                  42.82%    passed     90.11%
1078  VNAL                  61.15%    passed      6.47%
1079  WHNV                  42.54%    passed     89.59%
1080  JUWL                  48.56%    passed     66.24%
1081  LGDQ                  57.32%    passed     92.10%
1082  RDYY                  40.63%    passed     86.15%
1083  QXSZ                  52.94%    passed     80.86%
1084  MXFG                  44.73%    passed     69.96%
1085  VKJD                  40.08%    passed     89.78%
1086  GNRI                  42.82%    passed     93.21%
1087  BHBK                  57.87%    passed     82.86%
1088  LFOG                  38.99%    passed     91.13%
1089  TZWR                  50.21%    passed     71.19%
1090  JVBR                  40.90%    passed     88.81%
1091  KSFK                  51.57%    failed      1.12%
1092  SKNL                  66.35%    passed     90.65%
WARNING: 441 sequences contain more than 50% gaps/ambiguity
****  TOTAL                 47.88%  25 sequences failed composition chi2 test (p-value<5%; df=3)
NOTE: GJPF is identical to KBXS but kept for subsequent analysis
NOTE: XQRV is identical to VXKB but kept for subsequent analysis
NOTE: HQOM is identical to EFMS but kept for subsequent analysis
NOTE: NHAG is identical to OQBM but kept for subsequent analysis
NOTE: EQYT is identical to ARYD but kept for subsequent analysis
NOTE: OBUY is identical to PVGP but kept for subsequent analysis
NOTE: Solly_iTAGv2.3 is identical to DLAI but kept for subsequent analysis
NOTE: XXYA is identical to SIBR but kept for subsequent analysis
NOTE: ERWT is identical to IZNU but kept for subsequent analysis
NOTE: OSMU is identical to LWCK but kept for subsequent analysis
NOTE: VNAL is identical to LJPN but kept for subsequent analysis
NOTE: MIXZ is identical to ACWS but kept for subsequent analysis
NOTE: JBND is identical to MFTM but kept for subsequent analysis
NOTE: FAKD is identical to Nelnu_v1.0 but kept for subsequent analysis
NOTE: RGKI is identical to VMXJ but kept for subsequent analysis
NOTE: ZDIZ is identical to RHVC but kept for subsequent analysis
NOTE: VJED is identical to LLEN but kept for subsequent analysis
NOTE: WWSS is identical to ZYAX but kept for subsequent analysis
NOTE: DZLN is identical to CJGZ but kept for subsequent analysis
NOTE: HFIK is identical to FIKG but kept for subsequent analysis
NOTE: BUWV is identical to XQSG but kept for subsequent analysis
NOTE: YLWW is identical to RCAH but kept for subsequent analysis
NOTE: QHBI is identical to ROWR but kept for subsequent analysis
NOTE: CLMX is identical to CLNU but kept for subsequent analysis
NOTE: GOWD is identical to RCBT but kept for subsequent analysis
NOTE: TDTF is identical to GLVK but kept for subsequent analysis
NOTE: RFAD is identical to NMAK but kept for subsequent analysis
NOTE: NKIN is identical to VFYZ but kept for subsequent analysis
NOTE: XRLM is identical to GRFT but kept for subsequent analysis
NOTE: YLPM is identical to BTTS but kept for subsequent analysis
NOTE: XXHP is identical to YOWV but kept for subsequent analysis
NOTE: YFQX is identical to JCLQ but kept for subsequent analysis
NOTE: ADHK is identical to UFHF but kept for subsequent analysis
NOTE: NAUM is identical to EMBR but kept for subsequent analysis
NOTE: 8 identical sequences (see below) will be ignored for subsequent analysis
NOTE: ROLB (identical to ARYD) is ignored but added at the end
NOTE: IDAU (identical to ARYD) is ignored but added at the end
NOTE: SJAN (identical to ARYD) is ignored but added at the end
NOTE: YHLF (identical to ARYD) is ignored but added at the end
NOTE: KBRW (identical to ARYD) is ignored but added at the end
NOTE: GVCB (identical to CJGZ) is ignored but added at the end
NOTE: HKMQ (identical to CJGZ) is ignored but added at the end
NOTE: LFOG (identical to GLVK) is ignored but added at the end
Alignment was printed to /home/laurel/Downloads/genes_FAA/4691/4691-KALIGN/4691-kalign.afa.uniqueseq.phy

For your convenience alignment with unique sequences printed to /home/laurel/Downloads/genes_FAA/4691/4691-KALIGN/4691-kalign.afa.uniqueseq.phy


Create initial parsimony tree by phylogenetic likelihood library (PLL)... 1.063 seconds
Perform fast likelihood tree search using GTR+I+G model...
Estimate model parameters (epsilon = 5.000)
Perform nearest neighbor interchange...
Estimate model parameters (epsilon = 1.000)
1. Initial log-likelihood: -99867.510
Optimal log-likelihood: -99867.233
Rate parameters:  A-C: 1.92708  A-G: 2.85389  A-T: 1.58768  C-G: 1.35388  C-T: 3.42197  G-T: 1.00000
Base frequencies:  A: 0.284  C: 0.211  G: 0.274  T: 0.230
Proportion of invariable sites: 0.015
Gamma shape alpha: 0.679
Parameters optimization took 1 rounds (2.312 sec)
Time for fast ML tree search: 35.719 seconds

NOTE: ModelFinder requires 215 MB RAM!
ModelFinder will test up to 286 DNA models (sample size: 731) ...
 No. Model         -LnL         df  AIC          AICc         BIC
  1  GTR+F         110696.394   2173 225738.787   9673942.787  235722.448
  2  GTR+F+I       110318.796   2174 224985.592   9681885.592  234973.846
  3  GTR+F+G4      99898.702    2174 204145.403   9661045.403  214133.658
  4  GTR+F+I+G4    99867.082    2175 204084.164   9669684.164  214077.014
  5  GTR+F+R2      102852.107   2175 210054.213   9675654.213  220047.063
  6  GTR+F+R3      100692.078   2177 205738.156   9688750.156  215740.194
  7  GTR+F+R4      99915.953    2179 204189.906   9704629.906  214201.133
  8  GTR+F+R5      99665.342    2181 203692.683   9721576.683  213713.099
  9  GTR+F+R6      99526.221    2183 203418.443   9738762.443  213448.047
 10  GTR+F+R7      99442.655    2185 203255.311   9756075.311  213294.104
 11  GTR+F+R8      99397.020    2187 203168.040   9773480.040  213216.022
 12  GTR+F+R9      99381.788    2189 203141.576   9790961.576  213198.747
 13  GTR+F+R10     99358.950    2191 203099.900   9808443.900  213166.260
 26  SYM+R10       99398.610    2188 203173.221   9782237.221  213225.798
 39  TVM+F+R10     99396.596    2190 203173.193   9799753.193  213234.958
 52  TVMe+R10      99409.329    2187 203192.658   9773504.658  213240.640
 65  TIM3+F+R10    99506.507    2189 203391.014   9791211.014  213448.185
 78  TIM3e+R10     99560.967    2186 203493.933   9765057.933  213537.321
 91  TIM2+F+R10    99407.919    2189 203193.839   9791013.839  213251.010
104  TIM2e+R10     99447.017    2186 203266.033   9764830.033  213309.421
117  TIM+F+R10     99549.552    2189 203477.104   9791297.104  213534.275
130  TIMe+R10      99610.158    2186 203592.317   9765156.317  213635.704
143  TPM3u+F+R10   99545.008    2188 203466.017   9782530.017  213518.593
156  TPM3+F+R10    99545.008    2188 203466.017   9782530.017  213518.593
169  TPM2u+F+R10   99442.290    2188 203260.581   9782324.581  213313.157
182  TPM2+F+R10    99442.290    2188 203260.581   9782324.581  213313.157
195  K3Pu+F+R10    99584.436    2188 203544.872   9782608.872  213597.449
208  K3P+R10       99621.450    2185 203612.900   9756432.900  213651.693
221  TN+F+R10      99549.860    2188 203475.719   9782539.719  213528.296
234  TNe+R10       99610.495    2185 203590.990   9756410.990  213629.783
247  HKY+F+R10     99584.710    2187 203543.420   9773855.420  213591.402
260  K2P+R10       99621.808    2184 203611.616   9747691.616  213645.815
273  F81+F+R10     100712.103   2186 205796.206   9767360.206  215839.593
286  JC+R10        100890.280   2183 206146.560   9741490.560  216176.165
Akaike Information Criterion:           GTR+F+R10
Corrected Akaike Information Criterion: GTR+F+G4
Bayesian Information Criterion:         GTR+F+R10
Best-fit model: GTR+F+R10 chosen according to BIC

All model information printed to /home/laurel/Downloads/genes_FAA/4691/4691-KALIGN/4691-kalign.afa.model.gz
CPU time for ModelFinder: 7861.779 seconds (2h:11m:1s)
Wall-clock time for ModelFinder: 7956.192 seconds (2h:12m:36s)

NOTE: 215 MB RAM (0 GB) is required!
Estimate model parameters (epsilon = 0.100)
1. Initial log-likelihood: -99358.950
Optimal log-likelihood: -99358.916
Rate parameters:  A-C: 1.94632  A-G: 2.85526  A-T: 1.62308  C-G: 1.36517  C-T: 3.56166  G-T: 1.00000
Base frequencies:  A: 0.284  C: 0.211  G: 0.274  T: 0.230
Site proportion and rates:  (0.097,0.020) (0.142,0.070) (0.073,0.170) (0.097,0.301) (0.106,0.463) (0.108,0.695) (0.085,0.970) (0.069,1.320) (0.092,2.085) (0.130,3.510)
Parameters optimization took 1 rounds (18.600 sec)
Computing ML distances based on estimated model parameters... 110.567 sec
WARNING: Some pairwise ML distances are too long (saturated)
Computing BIONJ tree...
9.106 seconds
Log-likelihood of BIONJ tree: -102324.002
--------------------------------------------------------------------
|             INITIALIZING CANDIDATE TREE SET                      |
--------------------------------------------------------------------
Generating 98 parsimony trees... 199.969 second
Computing log-likelihood of 98 initial trees ... 178.263 seconds
Current best score: -99358.916

Do NNI search on 20 best initial trees
Estimate model parameters (epsilon = 0.100)
BETTER TREE FOUND at iteration 1: -99339.676
Estimate model parameters (epsilon = 0.100)
BETTER TREE FOUND at iteration 2: -98961.731
Iteration 10 / LogL: -99260.092 / Time: 0h:20m:15s
Iteration 20 / LogL: -99205.025 / Time: 0h:29m:10s
Finish initializing candidate tree set (20)
Current best tree score: -98961.731 / CPU time: 1582.637
Number of iterations: 20
--------------------------------------------------------------------
|               OPTIMIZING CANDIDATE TREE SET                      |
--------------------------------------------------------------------
Estimate model parameters (epsilon = 0.100)
BETTER TREE FOUND at iteration 21: -98905.770
Estimate model parameters (epsilon = 0.100)
BETTER TREE FOUND at iteration 26: -98880.171
Estimate model parameters (epsilon = 0.100)
BETTER TREE FOUND at iteration 29: -98877.451
Iteration 30 / LogL: -98926.198 / Time: 0h:39m:25s (2h:14m:33s left)
Estimate model parameters (epsilon = 0.100)
BETTER TREE FOUND at iteration 33: -98839.793
Estimate model parameters (epsilon = 0.100)
BETTER TREE FOUND at iteration 38: -98830.133
Estimate model parameters (epsilon = 0.100)
BETTER TREE FOUND at iteration 40: -98811.198
Iteration 40 / LogL: -98811.198 / Time: 0h:51m:32s (2h:12m:8s left)
Iteration 50 / LogL: -98928.062 / Time: 0h:57m:9s (1h:44m:59s left)
Estimate model parameters (epsilon = 0.100)
BETTER TREE FOUND at iteration 57: -98785.804
Iteration 60 / LogL: -98802.061 / Time: 1h:2m:20s (1h:42m:29s left)
Estimate model parameters (epsilon = 0.100)
BETTER TREE FOUND at iteration 64: -98783.579
Iteration 70 / LogL: -98856.185 / Time: 1h:5m:29s (1h:29m:13s left)
Estimate model parameters (epsilon = 0.100)
BETTER TREE FOUND at iteration 71: -98782.223
Iteration 80 / LogL: -98840.362 / Time: 1h:14m:13s (1h:25m:29s left)
Estimate model parameters (epsilon = 0.100)
BETTER TREE FOUND at iteration 85: -98771.994
Estimate model parameters (epsilon = 0.100)
BETTER TREE FOUND at iteration 87: -98769.129
Iteration 90 / LogL: -98827.208 / Time: 1h:21m:56s (1h:29m:18s left)
Estimate model parameters (epsilon = 0.100)
BETTER TREE FOUND at iteration 100: -98754.956
Iteration 100 / LogL: -98754.956 / Time: 1h:29m:55s (1h:30m:50s left)
Iteration 110 / LogL: -98785.782 / Time: 1h:34m:33s (1h:18m:4s left)
Estimate model parameters (epsilon = 0.100)
BETTER TREE FOUND at iteration 115: -98735.903
Iteration 120 / LogL: -98787.124 / Time: 1h:39m:7s (1h:19m:8s left)
Estimate model parameters (epsilon = 0.100)
BETTER TREE FOUND at iteration 123: -98723.632
Iteration 130 / LogL: -98819.123 / Time: 1h:42m:20s (1h:13m:46s left)
Estimate model parameters (epsilon = 0.100)
BETTER TREE FOUND at iteration 140: -98712.567
Iteration 140 / LogL: -98712.567 / Time: 1h:46m:12s (1h:16m:24s left)
Iteration 150 / LogL: -98763.921 / Time: 1h:49m:20s (1h:6m:2s left)
Iteration 160 / LogL: -98750.509 / Time: 1h:52m:14s (0h:56m:28s left)
Iteration 170 / LogL: -98873.236 / Time: 1h:56m:12s (0h:48m:8s left)
Estimate model parameters (epsilon = 0.100)
BETTER TREE FOUND at iteration 180: -98702.154
Iteration 180 / LogL: -98702.154 / Time: 1h:59m:24s (1h:6m:42s left)
Iteration 190 / LogL: -98748.139 / Time: 2h:2m:24s (0h:58m:17s left)
Estimate model parameters (epsilon = 0.100)
BETTER TREE FOUND at iteration 191: -98698.815
Iteration 200 / LogL: -98719.004 / Time: 2h:10m:10s (0h:59m:31s left)
Estimate model parameters (epsilon = 0.100)
BETTER TREE FOUND at iteration 209: -98697.081
Iteration 210 / LogL: -98733.946 / Time: 2h:15m:19s (1h:4m:5s left)
Estimate model parameters (epsilon = 0.100)
BETTER TREE FOUND at iteration 213: -98688.175
Iteration 220 / LogL: -98808.311 / Time: 2h:20m:37s (0h:59m:42s left)
Iteration 230 / LogL: -98693.974 / Time: 2h:25m:18s (0h:52m:40s left)
Estimate model parameters (epsilon = 0.100)
BETTER TREE FOUND at iteration 232: -98685.098
Iteration 240 / LogL: -98721.121 / Time: 2h:30m:19s (0h:57m:51s left)
Estimate model parameters (epsilon = 0.100)
BETTER TREE FOUND at iteration 245: -98663.154
Iteration 250 / LogL: -98700.288 / Time: 2h:35m:38s (0h:59m:22s left)
Iteration 260 / LogL: -98801.461 / Time: 2h:40m:0s (0h:52m:30s left)
Iteration 270 / LogL: -98703.522 / Time: 2h:45m:16s (0h:46m:4s left)
Iteration 280 / LogL: -98704.122 / Time: 2h:48m:55s (0h:39m:21s left)
Estimate model parameters (epsilon = 0.100)
BETTER TREE FOUND at iteration 284: -98651.988
Iteration 290 / LogL: -98729.620 / Time: 2h:54m:59s (0h:56m:54s left)
Iteration 300 / LogL: -98694.015 / Time: 3h:0m:33s (0h:50m:43s left)
Iteration 310 / LogL: -98710.162 / Time: 3h:6m:16s (0h:44m:36s left)
Iteration 320 / LogL: -98672.083 / Time: 3h:9m:51s (0h:38m:5s left)
Iteration 330 / LogL: -98665.269 / Time: 3h:14m:50s (0h:31m:58s left)
Iteration 340 / LogL: -98728.823 / Time: 3h:18m:33s (0h:25m:46s left)
Iteration 350 / LogL: -98689.077 / Time: 3h:21m:56s (0h:19m:40s left)
Iteration 360 / LogL: -98717.442 / Time: 3h:27m:11s (0h:13m:51s left)
Iteration 370 / LogL: -98704.524 / Time: 3h:30m:36s (0h:7m:59s left)
Iteration 380 / LogL: -98686.876 / Time: 3h:35m:2s (0h:2m:16s left)
TREE SEARCH COMPLETED AFTER 385 ITERATIONS / Time: 3h:37m:18s

--------------------------------------------------------------------
|                    FINALIZING TREE SEARCH                        |
--------------------------------------------------------------------
Performs final model parameters optimization
Estimate model parameters (epsilon = 0.010)
1. Initial log-likelihood: -98651.988
2. Current log-likelihood: -98651.921
3. Current log-likelihood: -98651.830
4. Current log-likelihood: -98651.741
5. Current log-likelihood: -98651.662
6. Current log-likelihood: -98651.588
7. Current log-likelihood: -98651.535
8. Current log-likelihood: -98651.485
9. Current log-likelihood: -98651.439
10. Current log-likelihood: -98651.394
11. Current log-likelihood: -98651.351
12. Current log-likelihood: -98651.309
13. Current log-likelihood: -98651.268
14. Current log-likelihood: -98651.229
15. Current log-likelihood: -98651.191
16. Current log-likelihood: -98651.153
17. Current log-likelihood: -98651.117
18. Current log-likelihood: -98651.081
19. Current log-likelihood: -98651.049
20. Current log-likelihood: -98651.030
21. Current log-likelihood: -98650.997
22. Current log-likelihood: -98650.966
23. Current log-likelihood: -98650.948
24. Current log-likelihood: -98650.919
25. Current log-likelihood: -98650.902
26. Current log-likelihood: -98650.884
27. Current log-likelihood: -98650.857
28. Current log-likelihood: -98650.841
29. Current log-likelihood: -98650.826
30. Current log-likelihood: -98650.810
31. Current log-likelihood: -98650.795
32. Current log-likelihood: -98650.780
33. Current log-likelihood: -98650.765
34. Current log-likelihood: -98650.750
35. Current log-likelihood: -98650.737
36. Current log-likelihood: -98650.723
37. Current log-likelihood: -98650.709
38. Current log-likelihood: -98650.695
39. Current log-likelihood: -98650.682
40. Current log-likelihood: -98650.668
41. Current log-likelihood: -98650.655
42. Current log-likelihood: -98650.645
43. Current log-likelihood: -98650.632
44. Current log-likelihood: -98650.619
45. Current log-likelihood: -98650.606
46. Current log-likelihood: -98650.593
47. Current log-likelihood: -98650.582
48. Current log-likelihood: -98650.571
49. Current log-likelihood: -98650.560
50. Current log-likelihood: -98650.549
51. Current log-likelihood: -98650.539
Optimal log-likelihood: -98650.529
Rate parameters:  A-C: 1.91752  A-G: 2.90928  A-T: 1.62246  C-G: 1.35142  C-T: 3.58308  G-T: 1.00000
Base frequencies:  A: 0.284  C: 0.211  G: 0.274  T: 0.230
Site proportion and rates:  (0.090,0.017) (0.147,0.067) (0.070,0.156) (0.108,0.290) (0.108,0.471) (0.108,0.686) (0.093,0.978) (0.073,1.416) (0.081,2.210) (0.123,3.640)
Parameters optimization took 51 rounds (822.352 sec)
BEST SCORE FOUND : -98650.529
Total tree length: 135.628

Total number of iterations: 385
CPU time used for tree search: 12775.841 sec (3h:32m:55s)
Wall-clock time used for tree search: 12870.329 sec (3h:34m:30s)
Total CPU time used: 13714.809 sec (3h:48m:34s)
Total wall-clock time used: 13861.410 sec (3h:51m:1s)

Analysis results written to: 
  IQ-TREE report:                /home/laurel/Downloads/genes_FAA/4691/4691-KALIGN/4691-kalign.afa.iqtree
  Maximum-likelihood tree:       /home/laurel/Downloads/genes_FAA/4691/4691-KALIGN/4691-kalign.afa.treefile
  Likelihood distances:          /home/laurel/Downloads/genes_FAA/4691/4691-KALIGN/4691-kalign.afa.mldist
  Screen log file:               /home/laurel/Downloads/genes_FAA/4691/4691-KALIGN/4691-kalign.afa.log

Date and Time: Thu Apr 18 09:36:58 2024
